[2025-05-05T05:30:01.660+0000] {local_task_job_runner.py:123} INFO - ::group::Pre task execution logs
[2025-05-05T05:30:01.681+0000] {taskinstance.py:2613} INFO - Dependencies all met for dep_context=non-requeueable deps ti=<TaskInstance: cn_update.trunc scheduled__2025-05-05T05:25:00+00:00 [queued]>
[2025-05-05T05:30:01.692+0000] {taskinstance.py:2613} INFO - Dependencies all met for dep_context=requeueable deps ti=<TaskInstance: cn_update.trunc scheduled__2025-05-05T05:25:00+00:00 [queued]>
[2025-05-05T05:30:01.693+0000] {taskinstance.py:2866} INFO - Starting attempt 1 of 2
[2025-05-05T05:30:01.711+0000] {taskinstance.py:2889} INFO - Executing <Task(_PythonDecoratedOperator): trunc> on 2025-05-05 05:25:00+00:00
[2025-05-05T05:30:01.718+0000] {standard_task_runner.py:72} INFO - Started process 154 to run task
[2025-05-05T05:30:01.725+0000] {standard_task_runner.py:104} INFO - Running: ['***', 'tasks', 'run', 'cn_update', 'trunc', 'scheduled__2025-05-05T05:25:00+00:00', '--job-id', '78', '--raw', '--subdir', 'DAGS_FOLDER/cn_update.py', '--cfg-path', '/tmp/tmpk9eiolrh']
[2025-05-05T05:30:01.727+0000] {standard_task_runner.py:105} INFO - Job 78: Subtask trunc
[2025-05-05T05:30:01.788+0000] {task_command.py:467} INFO - Running <TaskInstance: cn_update.trunc scheduled__2025-05-05T05:25:00+00:00 [running]> on host c9127454b4f3
[2025-05-05T05:30:01.906+0000] {taskinstance.py:3132} INFO - Exporting env vars: AIRFLOW_CTX_DAG_OWNER='***' AIRFLOW_CTX_DAG_ID='cn_update' AIRFLOW_CTX_TASK_ID='trunc' AIRFLOW_CTX_EXECUTION_DATE='2025-05-05T05:25:00+00:00' AIRFLOW_CTX_TRY_NUMBER='1' AIRFLOW_CTX_DAG_RUN_ID='scheduled__2025-05-05T05:25:00+00:00'
[2025-05-05T05:30:01.908+0000] {taskinstance.py:731} INFO - ::endgroup::
[2025-05-05T05:30:01.912+0000] {cn_update.py:22} INFO - trunc task started
[2025-05-05T05:30:01.913+0000] {cn_update.py:24} INFO - trunc sql file reading..
[2025-05-05T05:30:01.915+0000] {cn_update.py:26} INFO - sql file read succeeded.
[2025-05-05T05:30:01.933+0000] {base.py:84} INFO - Retrieving connection 'cn_study'
[2025-05-05T05:30:02.091+0000] {cn_update.py:29} INFO - truncate done
[2025-05-05T05:30:02.091+0000] {python.py:240} INFO - Done. Returned value was: None
[2025-05-05T05:30:02.105+0000] {taskinstance.py:340} INFO - ::group::Post task execution logs
[2025-05-05T05:30:02.106+0000] {taskinstance.py:352} INFO - Marking task as SUCCESS. dag_id=cn_update, task_id=trunc, run_id=scheduled__2025-05-05T05:25:00+00:00, execution_date=20250505T052500, start_date=20250505T053001, end_date=20250505T053002
[2025-05-05T05:30:02.139+0000] {local_task_job_runner.py:266} INFO - Task exited with return code 0
[2025-05-05T05:30:02.164+0000] {taskinstance.py:3895} INFO - 1 downstream tasks scheduled from follow-on schedule check
[2025-05-05T05:30:02.167+0000] {local_task_job_runner.py:245} INFO - ::endgroup::
