[2025-05-05T05:27:28.288+0000] {local_task_job_runner.py:123} INFO - ::group::Pre task execution logs
[2025-05-05T05:27:28.313+0000] {taskinstance.py:2613} INFO - Dependencies all met for dep_context=non-requeueable deps ti=<TaskInstance: us_update.trunc scheduled__2025-05-05T05:20:00+00:00 [queued]>
[2025-05-05T05:27:28.329+0000] {taskinstance.py:2613} INFO - Dependencies all met for dep_context=requeueable deps ti=<TaskInstance: us_update.trunc scheduled__2025-05-05T05:20:00+00:00 [queued]>
[2025-05-05T05:27:28.330+0000] {taskinstance.py:2866} INFO - Starting attempt 1 of 2
[2025-05-05T05:27:28.349+0000] {taskinstance.py:2889} INFO - Executing <Task(_PythonDecoratedOperator): trunc> on 2025-05-05 05:20:00+00:00
[2025-05-05T05:27:28.359+0000] {standard_task_runner.py:72} INFO - Started process 103 to run task
[2025-05-05T05:27:28.363+0000] {standard_task_runner.py:104} INFO - Running: ['***', 'tasks', 'run', 'us_update', 'trunc', 'scheduled__2025-05-05T05:20:00+00:00', '--job-id', '73', '--raw', '--subdir', 'DAGS_FOLDER/us_update.py', '--cfg-path', '/tmp/tmpasmz60nm']
[2025-05-05T05:27:28.365+0000] {standard_task_runner.py:105} INFO - Job 73: Subtask trunc
[2025-05-05T05:27:28.439+0000] {task_command.py:467} INFO - Running <TaskInstance: us_update.trunc scheduled__2025-05-05T05:20:00+00:00 [running]> on host c9127454b4f3
[2025-05-05T05:27:28.544+0000] {taskinstance.py:3132} INFO - Exporting env vars: AIRFLOW_CTX_DAG_OWNER='***' AIRFLOW_CTX_DAG_ID='us_update' AIRFLOW_CTX_TASK_ID='trunc' AIRFLOW_CTX_EXECUTION_DATE='2025-05-05T05:20:00+00:00' AIRFLOW_CTX_TRY_NUMBER='1' AIRFLOW_CTX_DAG_RUN_ID='scheduled__2025-05-05T05:20:00+00:00'
[2025-05-05T05:27:28.547+0000] {taskinstance.py:731} INFO - ::endgroup::
[2025-05-05T05:27:28.551+0000] {us_update.py:22} INFO - trunc task started
[2025-05-05T05:27:28.553+0000] {us_update.py:24} INFO - trunc sql file reading..
[2025-05-05T05:27:28.555+0000] {us_update.py:26} INFO - sql file read succeeded.
[2025-05-05T05:27:28.579+0000] {base.py:84} INFO - Retrieving connection 'us_study'
[2025-05-05T05:27:28.747+0000] {us_update.py:29} INFO - truncate done
[2025-05-05T05:27:28.748+0000] {python.py:240} INFO - Done. Returned value was: None
[2025-05-05T05:27:28.765+0000] {taskinstance.py:340} INFO - ::group::Post task execution logs
[2025-05-05T05:27:28.766+0000] {taskinstance.py:352} INFO - Marking task as SUCCESS. dag_id=us_update, task_id=trunc, run_id=scheduled__2025-05-05T05:20:00+00:00, execution_date=20250505T052000, start_date=20250505T052728, end_date=20250505T052728
[2025-05-05T05:27:28.820+0000] {local_task_job_runner.py:266} INFO - Task exited with return code 0
[2025-05-05T05:27:28.853+0000] {taskinstance.py:3895} INFO - 1 downstream tasks scheduled from follow-on schedule check
[2025-05-05T05:27:28.857+0000] {local_task_job_runner.py:245} INFO - ::endgroup::
