[2025-05-03T15:25:00.603+0000] {local_task_job_runner.py:123} INFO - ::group::Pre task execution logs
[2025-05-03T15:25:00.625+0000] {taskinstance.py:2613} INFO - Dependencies all met for dep_context=non-requeueable deps ti=<TaskInstance: kr_update.trunc scheduled__2025-05-03T15:20:00+00:00 [queued]>
[2025-05-03T15:25:00.634+0000] {taskinstance.py:2613} INFO - Dependencies all met for dep_context=requeueable deps ti=<TaskInstance: kr_update.trunc scheduled__2025-05-03T15:20:00+00:00 [queued]>
[2025-05-03T15:25:00.635+0000] {taskinstance.py:2866} INFO - Starting attempt 1 of 2
[2025-05-03T15:25:00.650+0000] {taskinstance.py:2889} INFO - Executing <Task(_PythonDecoratedOperator): trunc> on 2025-05-03 15:20:00+00:00
[2025-05-03T15:25:00.657+0000] {standard_task_runner.py:72} INFO - Started process 517 to run task
[2025-05-03T15:25:00.660+0000] {standard_task_runner.py:104} INFO - Running: ['***', 'tasks', 'run', 'kr_update', 'trunc', 'scheduled__2025-05-03T15:20:00+00:00', '--job-id', '56', '--raw', '--subdir', 'DAGS_FOLDER/kr_update.py', '--cfg-path', '/tmp/tmpqvk98alg']
[2025-05-03T15:25:00.662+0000] {standard_task_runner.py:105} INFO - Job 56: Subtask trunc
[2025-05-03T15:25:00.722+0000] {task_command.py:467} INFO - Running <TaskInstance: kr_update.trunc scheduled__2025-05-03T15:20:00+00:00 [running]> on host de293b43eb40
[2025-05-03T15:25:00.818+0000] {taskinstance.py:3132} INFO - Exporting env vars: AIRFLOW_CTX_DAG_OWNER='***' AIRFLOW_CTX_DAG_ID='kr_update' AIRFLOW_CTX_TASK_ID='trunc' AIRFLOW_CTX_EXECUTION_DATE='2025-05-03T15:20:00+00:00' AIRFLOW_CTX_TRY_NUMBER='1' AIRFLOW_CTX_DAG_RUN_ID='scheduled__2025-05-03T15:20:00+00:00'
[2025-05-03T15:25:00.820+0000] {taskinstance.py:731} INFO - ::endgroup::
[2025-05-03T15:25:00.823+0000] {kr_update.py:22} INFO - trunc task started
[2025-05-03T15:25:00.825+0000] {kr_update.py:24} INFO - trunc sql file reading..
[2025-05-03T15:25:00.826+0000] {kr_update.py:26} INFO - sql file read succeeded.
[2025-05-03T15:25:00.844+0000] {base.py:84} INFO - Retrieving connection 'kr_study'
[2025-05-03T15:25:00.899+0000] {kr_update.py:29} INFO - truncate done
[2025-05-03T15:25:00.900+0000] {python.py:240} INFO - Done. Returned value was: None
[2025-05-03T15:25:00.916+0000] {taskinstance.py:340} INFO - ::group::Post task execution logs
[2025-05-03T15:25:00.917+0000] {taskinstance.py:352} INFO - Marking task as SUCCESS. dag_id=kr_update, task_id=trunc, run_id=scheduled__2025-05-03T15:20:00+00:00, execution_date=20250503T152000, start_date=20250503T152500, end_date=20250503T152500
[2025-05-03T15:25:00.955+0000] {local_task_job_runner.py:266} INFO - Task exited with return code 0
[2025-05-03T15:25:00.980+0000] {taskinstance.py:3895} INFO - 1 downstream tasks scheduled from follow-on schedule check
[2025-05-03T15:25:00.983+0000] {local_task_job_runner.py:245} INFO - ::endgroup::
