[2025-05-05T05:30:01.654+0000] {local_task_job_runner.py:123} INFO - ::group::Pre task execution logs
[2025-05-05T05:30:01.676+0000] {taskinstance.py:2613} INFO - Dependencies all met for dep_context=non-requeueable deps ti=<TaskInstance: us_update.trunc scheduled__2025-05-05T05:25:00+00:00 [queued]>
[2025-05-05T05:30:01.687+0000] {taskinstance.py:2613} INFO - Dependencies all met for dep_context=requeueable deps ti=<TaskInstance: us_update.trunc scheduled__2025-05-05T05:25:00+00:00 [queued]>
[2025-05-05T05:30:01.688+0000] {taskinstance.py:2866} INFO - Starting attempt 1 of 2
[2025-05-05T05:30:01.705+0000] {taskinstance.py:2889} INFO - Executing <Task(_PythonDecoratedOperator): trunc> on 2025-05-05 05:25:00+00:00
[2025-05-05T05:30:01.713+0000] {standard_task_runner.py:72} INFO - Started process 151 to run task
[2025-05-05T05:30:01.718+0000] {standard_task_runner.py:104} INFO - Running: ['***', 'tasks', 'run', 'us_update', 'trunc', 'scheduled__2025-05-05T05:25:00+00:00', '--job-id', '76', '--raw', '--subdir', 'DAGS_FOLDER/us_update.py', '--cfg-path', '/tmp/tmpbp6b6qnq']
[2025-05-05T05:30:01.720+0000] {standard_task_runner.py:105} INFO - Job 76: Subtask trunc
[2025-05-05T05:30:01.790+0000] {task_command.py:467} INFO - Running <TaskInstance: us_update.trunc scheduled__2025-05-05T05:25:00+00:00 [running]> on host c9127454b4f3
[2025-05-05T05:30:01.906+0000] {taskinstance.py:3132} INFO - Exporting env vars: AIRFLOW_CTX_DAG_OWNER='***' AIRFLOW_CTX_DAG_ID='us_update' AIRFLOW_CTX_TASK_ID='trunc' AIRFLOW_CTX_EXECUTION_DATE='2025-05-05T05:25:00+00:00' AIRFLOW_CTX_TRY_NUMBER='1' AIRFLOW_CTX_DAG_RUN_ID='scheduled__2025-05-05T05:25:00+00:00'
[2025-05-05T05:30:01.908+0000] {taskinstance.py:731} INFO - ::endgroup::
[2025-05-05T05:30:01.912+0000] {us_update.py:22} INFO - trunc task started
[2025-05-05T05:30:01.913+0000] {us_update.py:24} INFO - trunc sql file reading..
[2025-05-05T05:30:01.915+0000] {us_update.py:26} INFO - sql file read succeeded.
[2025-05-05T05:30:01.936+0000] {base.py:84} INFO - Retrieving connection 'us_study'
[2025-05-05T05:30:02.006+0000] {us_update.py:29} INFO - truncate done
[2025-05-05T05:30:02.007+0000] {python.py:240} INFO - Done. Returned value was: None
[2025-05-05T05:30:02.021+0000] {taskinstance.py:340} INFO - ::group::Post task execution logs
[2025-05-05T05:30:02.022+0000] {taskinstance.py:352} INFO - Marking task as SUCCESS. dag_id=us_update, task_id=trunc, run_id=scheduled__2025-05-05T05:25:00+00:00, execution_date=20250505T052500, start_date=20250505T053001, end_date=20250505T053002
[2025-05-05T05:30:02.052+0000] {local_task_job_runner.py:266} INFO - Task exited with return code 0
[2025-05-05T05:30:02.078+0000] {taskinstance.py:3895} INFO - 1 downstream tasks scheduled from follow-on schedule check
[2025-05-05T05:30:02.081+0000] {local_task_job_runner.py:245} INFO - ::endgroup::
