[2025-05-05T05:27:03.422+0000] {processor.py:186} INFO - Started process (PID=71) to work on /opt/airflow/dags/cn_update.py
[2025-05-05T05:27:03.423+0000] {processor.py:914} INFO - Processing file /opt/airflow/dags/cn_update.py for tasks to queue
[2025-05-05T05:27:03.426+0000] {logging_mixin.py:190} INFO - [2025-05-05T05:27:03.426+0000] {dagbag.py:588} INFO - Filling up the DagBag from /opt/airflow/dags/cn_update.py
[2025-05-05T05:27:03.626+0000] {processor.py:925} INFO - DAG(s) 'cn_update' retrieved from /opt/airflow/dags/cn_update.py
[2025-05-05T05:27:04.010+0000] {logging_mixin.py:190} INFO - [2025-05-05T05:27:04.009+0000] {override.py:1901} INFO - Created Permission View: can edit on DAG:cn_update
[2025-05-05T05:27:04.037+0000] {logging_mixin.py:190} INFO - [2025-05-05T05:27:04.036+0000] {override.py:1901} INFO - Created Permission View: can read on DAG:cn_update
[2025-05-05T05:27:04.056+0000] {logging_mixin.py:190} INFO - [2025-05-05T05:27:04.055+0000] {override.py:1901} INFO - Created Permission View: can delete on DAG:cn_update
[2025-05-05T05:27:04.075+0000] {logging_mixin.py:190} INFO - [2025-05-05T05:27:04.074+0000] {override.py:1901} INFO - Created Permission View: menu access on DAG Run:cn_update
[2025-05-05T05:27:04.091+0000] {logging_mixin.py:190} INFO - [2025-05-05T05:27:04.090+0000] {override.py:1901} INFO - Created Permission View: can read on DAG Run:cn_update
[2025-05-05T05:27:04.106+0000] {logging_mixin.py:190} INFO - [2025-05-05T05:27:04.106+0000] {override.py:1901} INFO - Created Permission View: can create on DAG Run:cn_update
[2025-05-05T05:27:04.120+0000] {logging_mixin.py:190} INFO - [2025-05-05T05:27:04.119+0000] {override.py:1901} INFO - Created Permission View: can delete on DAG Run:cn_update
[2025-05-05T05:27:04.121+0000] {logging_mixin.py:190} INFO - [2025-05-05T05:27:04.121+0000] {dag.py:3239} INFO - Sync 1 DAGs
[2025-05-05T05:27:04.150+0000] {logging_mixin.py:190} INFO - [2025-05-05T05:27:04.150+0000] {dag.py:3262} INFO - Creating ORM DAG for cn_update
[2025-05-05T05:27:04.169+0000] {logging_mixin.py:190} INFO - [2025-05-05T05:27:04.168+0000] {dag.py:4180} INFO - Setting next_dagrun for cn_update to 2025-05-05 05:20:00+00:00, run_after=2025-05-05 05:25:00+00:00
[2025-05-05T05:27:04.225+0000] {processor.py:208} INFO - Processing /opt/airflow/dags/cn_update.py took 0.813 seconds
[2025-05-05T05:27:34.827+0000] {processor.py:186} INFO - Started process (PID=94) to work on /opt/airflow/dags/cn_update.py
[2025-05-05T05:27:34.828+0000] {processor.py:914} INFO - Processing file /opt/airflow/dags/cn_update.py for tasks to queue
[2025-05-05T05:27:34.832+0000] {logging_mixin.py:190} INFO - [2025-05-05T05:27:34.831+0000] {dagbag.py:588} INFO - Filling up the DagBag from /opt/airflow/dags/cn_update.py
[2025-05-05T05:27:34.904+0000] {processor.py:925} INFO - DAG(s) 'cn_update' retrieved from /opt/airflow/dags/cn_update.py
[2025-05-05T05:27:34.943+0000] {logging_mixin.py:190} INFO - [2025-05-05T05:27:34.942+0000] {dag.py:3239} INFO - Sync 1 DAGs
[2025-05-05T05:27:34.978+0000] {logging_mixin.py:190} INFO - [2025-05-05T05:27:34.978+0000] {dag.py:4180} INFO - Setting next_dagrun for cn_update to 2025-05-05 05:25:00+00:00, run_after=2025-05-05 05:30:00+00:00
[2025-05-05T05:27:35.008+0000] {processor.py:208} INFO - Processing /opt/airflow/dags/cn_update.py took 0.191 seconds
[2025-05-05T05:28:05.381+0000] {processor.py:186} INFO - Started process (PID=103) to work on /opt/airflow/dags/cn_update.py
[2025-05-05T05:28:05.382+0000] {processor.py:914} INFO - Processing file /opt/airflow/dags/cn_update.py for tasks to queue
[2025-05-05T05:28:05.385+0000] {logging_mixin.py:190} INFO - [2025-05-05T05:28:05.385+0000] {dagbag.py:588} INFO - Filling up the DagBag from /opt/airflow/dags/cn_update.py
[2025-05-05T05:28:05.441+0000] {processor.py:925} INFO - DAG(s) 'cn_update' retrieved from /opt/airflow/dags/cn_update.py
[2025-05-05T05:28:05.476+0000] {logging_mixin.py:190} INFO - [2025-05-05T05:28:05.476+0000] {dag.py:3239} INFO - Sync 1 DAGs
[2025-05-05T05:28:05.508+0000] {logging_mixin.py:190} INFO - [2025-05-05T05:28:05.507+0000] {dag.py:4180} INFO - Setting next_dagrun for cn_update to 2025-05-05 05:25:00+00:00, run_after=2025-05-05 05:30:00+00:00
[2025-05-05T05:28:05.537+0000] {processor.py:208} INFO - Processing /opt/airflow/dags/cn_update.py took 0.166 seconds
[2025-05-05T05:28:35.917+0000] {processor.py:186} INFO - Started process (PID=112) to work on /opt/airflow/dags/cn_update.py
[2025-05-05T05:28:35.918+0000] {processor.py:914} INFO - Processing file /opt/airflow/dags/cn_update.py for tasks to queue
[2025-05-05T05:28:35.921+0000] {logging_mixin.py:190} INFO - [2025-05-05T05:28:35.921+0000] {dagbag.py:588} INFO - Filling up the DagBag from /opt/airflow/dags/cn_update.py
[2025-05-05T05:28:35.973+0000] {processor.py:925} INFO - DAG(s) 'cn_update' retrieved from /opt/airflow/dags/cn_update.py
[2025-05-05T05:28:36.007+0000] {logging_mixin.py:190} INFO - [2025-05-05T05:28:36.006+0000] {dag.py:3239} INFO - Sync 1 DAGs
[2025-05-05T05:28:36.041+0000] {logging_mixin.py:190} INFO - [2025-05-05T05:28:36.041+0000] {dag.py:4180} INFO - Setting next_dagrun for cn_update to 2025-05-05 05:25:00+00:00, run_after=2025-05-05 05:30:00+00:00
[2025-05-05T05:28:36.069+0000] {processor.py:208} INFO - Processing /opt/airflow/dags/cn_update.py took 0.161 seconds
[2025-05-05T05:29:06.509+0000] {processor.py:186} INFO - Started process (PID=121) to work on /opt/airflow/dags/cn_update.py
[2025-05-05T05:29:06.510+0000] {processor.py:914} INFO - Processing file /opt/airflow/dags/cn_update.py for tasks to queue
[2025-05-05T05:29:06.514+0000] {logging_mixin.py:190} INFO - [2025-05-05T05:29:06.513+0000] {dagbag.py:588} INFO - Filling up the DagBag from /opt/airflow/dags/cn_update.py
[2025-05-05T05:29:06.563+0000] {processor.py:925} INFO - DAG(s) 'cn_update' retrieved from /opt/airflow/dags/cn_update.py
[2025-05-05T05:29:06.594+0000] {logging_mixin.py:190} INFO - [2025-05-05T05:29:06.594+0000] {dag.py:3239} INFO - Sync 1 DAGs
[2025-05-05T05:29:06.624+0000] {logging_mixin.py:190} INFO - [2025-05-05T05:29:06.624+0000] {dag.py:4180} INFO - Setting next_dagrun for cn_update to 2025-05-05 05:25:00+00:00, run_after=2025-05-05 05:30:00+00:00
[2025-05-05T05:29:06.647+0000] {processor.py:208} INFO - Processing /opt/airflow/dags/cn_update.py took 0.147 seconds
[2025-05-05T05:29:37.019+0000] {processor.py:186} INFO - Started process (PID=130) to work on /opt/airflow/dags/cn_update.py
[2025-05-05T05:29:37.020+0000] {processor.py:914} INFO - Processing file /opt/airflow/dags/cn_update.py for tasks to queue
[2025-05-05T05:29:37.023+0000] {logging_mixin.py:190} INFO - [2025-05-05T05:29:37.022+0000] {dagbag.py:588} INFO - Filling up the DagBag from /opt/airflow/dags/cn_update.py
[2025-05-05T05:29:37.069+0000] {processor.py:925} INFO - DAG(s) 'cn_update' retrieved from /opt/airflow/dags/cn_update.py
[2025-05-05T05:29:37.104+0000] {logging_mixin.py:190} INFO - [2025-05-05T05:29:37.104+0000] {dag.py:3239} INFO - Sync 1 DAGs
[2025-05-05T05:29:37.134+0000] {logging_mixin.py:190} INFO - [2025-05-05T05:29:37.134+0000] {dag.py:4180} INFO - Setting next_dagrun for cn_update to 2025-05-05 05:25:00+00:00, run_after=2025-05-05 05:30:00+00:00
[2025-05-05T05:29:37.160+0000] {processor.py:208} INFO - Processing /opt/airflow/dags/cn_update.py took 0.149 seconds
[2025-05-05T05:30:07.539+0000] {processor.py:186} INFO - Started process (PID=149) to work on /opt/airflow/dags/cn_update.py
[2025-05-05T05:30:07.540+0000] {processor.py:914} INFO - Processing file /opt/airflow/dags/cn_update.py for tasks to queue
[2025-05-05T05:30:07.543+0000] {logging_mixin.py:190} INFO - [2025-05-05T05:30:07.542+0000] {dagbag.py:588} INFO - Filling up the DagBag from /opt/airflow/dags/cn_update.py
[2025-05-05T05:30:07.593+0000] {processor.py:925} INFO - DAG(s) 'cn_update' retrieved from /opt/airflow/dags/cn_update.py
[2025-05-05T05:30:07.626+0000] {logging_mixin.py:190} INFO - [2025-05-05T05:30:07.626+0000] {dag.py:3239} INFO - Sync 1 DAGs
[2025-05-05T05:30:07.655+0000] {logging_mixin.py:190} INFO - [2025-05-05T05:30:07.654+0000] {dag.py:4180} INFO - Setting next_dagrun for cn_update to 2025-05-05 05:30:00+00:00, run_after=2025-05-05 05:35:00+00:00
[2025-05-05T05:30:07.680+0000] {processor.py:208} INFO - Processing /opt/airflow/dags/cn_update.py took 0.150 seconds
[2025-05-05T05:30:38.035+0000] {processor.py:186} INFO - Started process (PID=158) to work on /opt/airflow/dags/cn_update.py
[2025-05-05T05:30:38.036+0000] {processor.py:914} INFO - Processing file /opt/airflow/dags/cn_update.py for tasks to queue
[2025-05-05T05:30:38.040+0000] {logging_mixin.py:190} INFO - [2025-05-05T05:30:38.039+0000] {dagbag.py:588} INFO - Filling up the DagBag from /opt/airflow/dags/cn_update.py
[2025-05-05T05:30:38.088+0000] {processor.py:925} INFO - DAG(s) 'cn_update' retrieved from /opt/airflow/dags/cn_update.py
[2025-05-05T05:30:38.126+0000] {logging_mixin.py:190} INFO - [2025-05-05T05:30:38.126+0000] {dag.py:3239} INFO - Sync 1 DAGs
[2025-05-05T05:30:38.155+0000] {logging_mixin.py:190} INFO - [2025-05-05T05:30:38.155+0000] {dag.py:4180} INFO - Setting next_dagrun for cn_update to 2025-05-05 05:30:00+00:00, run_after=2025-05-05 05:35:00+00:00
[2025-05-05T05:30:38.182+0000] {processor.py:208} INFO - Processing /opt/airflow/dags/cn_update.py took 0.155 seconds
[2025-05-05T05:31:08.547+0000] {processor.py:186} INFO - Started process (PID=167) to work on /opt/airflow/dags/cn_update.py
[2025-05-05T05:31:08.548+0000] {processor.py:914} INFO - Processing file /opt/airflow/dags/cn_update.py for tasks to queue
[2025-05-05T05:31:08.552+0000] {logging_mixin.py:190} INFO - [2025-05-05T05:31:08.551+0000] {dagbag.py:588} INFO - Filling up the DagBag from /opt/airflow/dags/cn_update.py
[2025-05-05T05:31:08.601+0000] {processor.py:925} INFO - DAG(s) 'cn_update' retrieved from /opt/airflow/dags/cn_update.py
[2025-05-05T05:31:08.637+0000] {logging_mixin.py:190} INFO - [2025-05-05T05:31:08.637+0000] {dag.py:3239} INFO - Sync 1 DAGs
[2025-05-05T05:31:08.672+0000] {logging_mixin.py:190} INFO - [2025-05-05T05:31:08.671+0000] {dag.py:4180} INFO - Setting next_dagrun for cn_update to 2025-05-05 05:30:00+00:00, run_after=2025-05-05 05:35:00+00:00
[2025-05-05T05:31:08.699+0000] {processor.py:208} INFO - Processing /opt/airflow/dags/cn_update.py took 0.162 seconds
[2025-05-05T05:31:39.042+0000] {processor.py:186} INFO - Started process (PID=176) to work on /opt/airflow/dags/cn_update.py
[2025-05-05T05:31:39.043+0000] {processor.py:914} INFO - Processing file /opt/airflow/dags/cn_update.py for tasks to queue
[2025-05-05T05:31:39.046+0000] {logging_mixin.py:190} INFO - [2025-05-05T05:31:39.045+0000] {dagbag.py:588} INFO - Filling up the DagBag from /opt/airflow/dags/cn_update.py
[2025-05-05T05:31:39.093+0000] {processor.py:925} INFO - DAG(s) 'cn_update' retrieved from /opt/airflow/dags/cn_update.py
[2025-05-05T05:31:39.129+0000] {logging_mixin.py:190} INFO - [2025-05-05T05:31:39.129+0000] {dag.py:3239} INFO - Sync 1 DAGs
[2025-05-05T05:31:39.159+0000] {logging_mixin.py:190} INFO - [2025-05-05T05:31:39.159+0000] {dag.py:4180} INFO - Setting next_dagrun for cn_update to 2025-05-05 05:30:00+00:00, run_after=2025-05-05 05:35:00+00:00
[2025-05-05T05:31:39.183+0000] {processor.py:208} INFO - Processing /opt/airflow/dags/cn_update.py took 0.150 seconds
[2025-05-05T05:32:09.671+0000] {processor.py:186} INFO - Started process (PID=185) to work on /opt/airflow/dags/cn_update.py
[2025-05-05T05:32:09.673+0000] {processor.py:914} INFO - Processing file /opt/airflow/dags/cn_update.py for tasks to queue
[2025-05-05T05:32:09.676+0000] {logging_mixin.py:190} INFO - [2025-05-05T05:32:09.675+0000] {dagbag.py:588} INFO - Filling up the DagBag from /opt/airflow/dags/cn_update.py
[2025-05-05T05:32:09.723+0000] {processor.py:925} INFO - DAG(s) 'cn_update' retrieved from /opt/airflow/dags/cn_update.py
[2025-05-05T05:32:09.758+0000] {logging_mixin.py:190} INFO - [2025-05-05T05:32:09.758+0000] {dag.py:3239} INFO - Sync 1 DAGs
[2025-05-05T05:32:09.791+0000] {logging_mixin.py:190} INFO - [2025-05-05T05:32:09.791+0000] {dag.py:4180} INFO - Setting next_dagrun for cn_update to 2025-05-05 05:30:00+00:00, run_after=2025-05-05 05:35:00+00:00
[2025-05-05T05:32:09.818+0000] {processor.py:208} INFO - Processing /opt/airflow/dags/cn_update.py took 0.154 seconds
[2025-05-05T05:32:40.187+0000] {processor.py:186} INFO - Started process (PID=194) to work on /opt/airflow/dags/cn_update.py
[2025-05-05T05:32:40.188+0000] {processor.py:914} INFO - Processing file /opt/airflow/dags/cn_update.py for tasks to queue
[2025-05-05T05:32:40.191+0000] {logging_mixin.py:190} INFO - [2025-05-05T05:32:40.190+0000] {dagbag.py:588} INFO - Filling up the DagBag from /opt/airflow/dags/cn_update.py
[2025-05-05T05:32:40.240+0000] {processor.py:925} INFO - DAG(s) 'cn_update' retrieved from /opt/airflow/dags/cn_update.py
[2025-05-05T05:32:40.275+0000] {logging_mixin.py:190} INFO - [2025-05-05T05:32:40.275+0000] {dag.py:3239} INFO - Sync 1 DAGs
[2025-05-05T05:32:40.307+0000] {logging_mixin.py:190} INFO - [2025-05-05T05:32:40.307+0000] {dag.py:4180} INFO - Setting next_dagrun for cn_update to 2025-05-05 05:30:00+00:00, run_after=2025-05-05 05:35:00+00:00
[2025-05-05T05:32:40.331+0000] {processor.py:208} INFO - Processing /opt/airflow/dags/cn_update.py took 0.154 seconds
[2025-05-05T05:33:10.710+0000] {processor.py:186} INFO - Started process (PID=203) to work on /opt/airflow/dags/cn_update.py
[2025-05-05T05:33:10.711+0000] {processor.py:914} INFO - Processing file /opt/airflow/dags/cn_update.py for tasks to queue
[2025-05-05T05:33:10.714+0000] {logging_mixin.py:190} INFO - [2025-05-05T05:33:10.714+0000] {dagbag.py:588} INFO - Filling up the DagBag from /opt/airflow/dags/cn_update.py
[2025-05-05T05:33:10.765+0000] {processor.py:925} INFO - DAG(s) 'cn_update' retrieved from /opt/airflow/dags/cn_update.py
[2025-05-05T05:33:10.801+0000] {logging_mixin.py:190} INFO - [2025-05-05T05:33:10.800+0000] {dag.py:3239} INFO - Sync 1 DAGs
[2025-05-05T05:33:10.833+0000] {logging_mixin.py:190} INFO - [2025-05-05T05:33:10.833+0000] {dag.py:4180} INFO - Setting next_dagrun for cn_update to 2025-05-05 05:30:00+00:00, run_after=2025-05-05 05:35:00+00:00
[2025-05-05T05:33:10.861+0000] {processor.py:208} INFO - Processing /opt/airflow/dags/cn_update.py took 0.159 seconds
[2025-05-05T05:33:41.233+0000] {processor.py:186} INFO - Started process (PID=212) to work on /opt/airflow/dags/cn_update.py
[2025-05-05T05:33:41.234+0000] {processor.py:914} INFO - Processing file /opt/airflow/dags/cn_update.py for tasks to queue
[2025-05-05T05:33:41.237+0000] {logging_mixin.py:190} INFO - [2025-05-05T05:33:41.236+0000] {dagbag.py:588} INFO - Filling up the DagBag from /opt/airflow/dags/cn_update.py
[2025-05-05T05:33:41.292+0000] {processor.py:925} INFO - DAG(s) 'cn_update' retrieved from /opt/airflow/dags/cn_update.py
[2025-05-05T05:33:41.331+0000] {logging_mixin.py:190} INFO - [2025-05-05T05:33:41.331+0000] {dag.py:3239} INFO - Sync 1 DAGs
[2025-05-05T05:33:41.369+0000] {logging_mixin.py:190} INFO - [2025-05-05T05:33:41.368+0000] {dag.py:4180} INFO - Setting next_dagrun for cn_update to 2025-05-05 05:30:00+00:00, run_after=2025-05-05 05:35:00+00:00
[2025-05-05T05:33:41.398+0000] {processor.py:208} INFO - Processing /opt/airflow/dags/cn_update.py took 0.175 seconds
[2025-05-05T05:34:11.788+0000] {processor.py:186} INFO - Started process (PID=221) to work on /opt/airflow/dags/cn_update.py
[2025-05-05T05:34:11.790+0000] {processor.py:914} INFO - Processing file /opt/airflow/dags/cn_update.py for tasks to queue
[2025-05-05T05:34:11.792+0000] {logging_mixin.py:190} INFO - [2025-05-05T05:34:11.792+0000] {dagbag.py:588} INFO - Filling up the DagBag from /opt/airflow/dags/cn_update.py
[2025-05-05T05:34:11.840+0000] {processor.py:925} INFO - DAG(s) 'cn_update' retrieved from /opt/airflow/dags/cn_update.py
[2025-05-05T05:34:11.874+0000] {logging_mixin.py:190} INFO - [2025-05-05T05:34:11.874+0000] {dag.py:3239} INFO - Sync 1 DAGs
[2025-05-05T05:34:11.907+0000] {logging_mixin.py:190} INFO - [2025-05-05T05:34:11.906+0000] {dag.py:4180} INFO - Setting next_dagrun for cn_update to 2025-05-05 05:30:00+00:00, run_after=2025-05-05 05:35:00+00:00
[2025-05-05T05:34:11.931+0000] {processor.py:208} INFO - Processing /opt/airflow/dags/cn_update.py took 0.151 seconds
[2025-05-05T05:34:42.291+0000] {processor.py:186} INFO - Started process (PID=230) to work on /opt/airflow/dags/cn_update.py
[2025-05-05T05:34:42.292+0000] {processor.py:914} INFO - Processing file /opt/airflow/dags/cn_update.py for tasks to queue
[2025-05-05T05:34:42.296+0000] {logging_mixin.py:190} INFO - [2025-05-05T05:34:42.296+0000] {dagbag.py:588} INFO - Filling up the DagBag from /opt/airflow/dags/cn_update.py
[2025-05-05T05:34:42.350+0000] {processor.py:925} INFO - DAG(s) 'cn_update' retrieved from /opt/airflow/dags/cn_update.py
[2025-05-05T05:34:42.384+0000] {logging_mixin.py:190} INFO - [2025-05-05T05:34:42.383+0000] {dag.py:3239} INFO - Sync 1 DAGs
[2025-05-05T05:34:42.416+0000] {logging_mixin.py:190} INFO - [2025-05-05T05:34:42.416+0000] {dag.py:4180} INFO - Setting next_dagrun for cn_update to 2025-05-05 05:30:00+00:00, run_after=2025-05-05 05:35:00+00:00
[2025-05-05T05:34:42.440+0000] {processor.py:208} INFO - Processing /opt/airflow/dags/cn_update.py took 0.157 seconds
