[2025-05-05T05:27:04.263+0000] {processor.py:186} INFO - Started process (PID=78) to work on /opt/airflow/dags/kr_update.py
[2025-05-05T05:27:04.265+0000] {processor.py:914} INFO - Processing file /opt/airflow/dags/kr_update.py for tasks to queue
[2025-05-05T05:27:04.269+0000] {logging_mixin.py:190} INFO - [2025-05-05T05:27:04.268+0000] {dagbag.py:588} INFO - Filling up the DagBag from /opt/airflow/dags/kr_update.py
[2025-05-05T05:27:04.330+0000] {processor.py:925} INFO - DAG(s) 'kr_update' retrieved from /opt/airflow/dags/kr_update.py
[2025-05-05T05:27:04.372+0000] {logging_mixin.py:190} INFO - [2025-05-05T05:27:04.371+0000] {dag.py:3239} INFO - Sync 1 DAGs
[2025-05-05T05:27:04.412+0000] {logging_mixin.py:190} INFO - [2025-05-05T05:27:04.412+0000] {dag.py:4180} INFO - Setting next_dagrun for kr_update to 2025-05-05 05:25:00+00:00, run_after=2025-05-05 05:30:00+00:00
[2025-05-05T05:27:04.449+0000] {processor.py:208} INFO - Processing /opt/airflow/dags/kr_update.py took 0.196 seconds
[2025-05-05T05:27:35.062+0000] {processor.py:186} INFO - Started process (PID=95) to work on /opt/airflow/dags/kr_update.py
[2025-05-05T05:27:35.064+0000] {processor.py:914} INFO - Processing file /opt/airflow/dags/kr_update.py for tasks to queue
[2025-05-05T05:27:35.068+0000] {logging_mixin.py:190} INFO - [2025-05-05T05:27:35.068+0000] {dagbag.py:588} INFO - Filling up the DagBag from /opt/airflow/dags/kr_update.py
[2025-05-05T05:27:35.127+0000] {processor.py:925} INFO - DAG(s) 'kr_update' retrieved from /opt/airflow/dags/kr_update.py
[2025-05-05T05:27:35.168+0000] {logging_mixin.py:190} INFO - [2025-05-05T05:27:35.167+0000] {dag.py:3239} INFO - Sync 1 DAGs
[2025-05-05T05:27:35.204+0000] {logging_mixin.py:190} INFO - [2025-05-05T05:27:35.203+0000] {dag.py:4180} INFO - Setting next_dagrun for kr_update to 2025-05-05 05:25:00+00:00, run_after=2025-05-05 05:30:00+00:00
[2025-05-05T05:27:35.235+0000] {processor.py:208} INFO - Processing /opt/airflow/dags/kr_update.py took 0.184 seconds
[2025-05-05T05:28:05.588+0000] {processor.py:186} INFO - Started process (PID=104) to work on /opt/airflow/dags/kr_update.py
[2025-05-05T05:28:05.589+0000] {processor.py:914} INFO - Processing file /opt/airflow/dags/kr_update.py for tasks to queue
[2025-05-05T05:28:05.592+0000] {logging_mixin.py:190} INFO - [2025-05-05T05:28:05.591+0000] {dagbag.py:588} INFO - Filling up the DagBag from /opt/airflow/dags/kr_update.py
[2025-05-05T05:28:05.642+0000] {processor.py:925} INFO - DAG(s) 'kr_update' retrieved from /opt/airflow/dags/kr_update.py
[2025-05-05T05:28:05.676+0000] {logging_mixin.py:190} INFO - [2025-05-05T05:28:05.676+0000] {dag.py:3239} INFO - Sync 1 DAGs
[2025-05-05T05:28:05.707+0000] {logging_mixin.py:190} INFO - [2025-05-05T05:28:05.707+0000] {dag.py:4180} INFO - Setting next_dagrun for kr_update to 2025-05-05 05:25:00+00:00, run_after=2025-05-05 05:30:00+00:00
[2025-05-05T05:28:05.734+0000] {processor.py:208} INFO - Processing /opt/airflow/dags/kr_update.py took 0.156 seconds
[2025-05-05T05:28:36.124+0000] {processor.py:186} INFO - Started process (PID=113) to work on /opt/airflow/dags/kr_update.py
[2025-05-05T05:28:36.125+0000] {processor.py:914} INFO - Processing file /opt/airflow/dags/kr_update.py for tasks to queue
[2025-05-05T05:28:36.129+0000] {logging_mixin.py:190} INFO - [2025-05-05T05:28:36.129+0000] {dagbag.py:588} INFO - Filling up the DagBag from /opt/airflow/dags/kr_update.py
[2025-05-05T05:28:36.185+0000] {processor.py:925} INFO - DAG(s) 'kr_update' retrieved from /opt/airflow/dags/kr_update.py
[2025-05-05T05:28:36.225+0000] {logging_mixin.py:190} INFO - [2025-05-05T05:28:36.225+0000] {dag.py:3239} INFO - Sync 1 DAGs
[2025-05-05T05:28:36.263+0000] {logging_mixin.py:190} INFO - [2025-05-05T05:28:36.263+0000] {dag.py:4180} INFO - Setting next_dagrun for kr_update to 2025-05-05 05:25:00+00:00, run_after=2025-05-05 05:30:00+00:00
[2025-05-05T05:28:36.290+0000] {processor.py:208} INFO - Processing /opt/airflow/dags/kr_update.py took 0.177 seconds
[2025-05-05T05:29:06.694+0000] {processor.py:186} INFO - Started process (PID=122) to work on /opt/airflow/dags/kr_update.py
[2025-05-05T05:29:06.696+0000] {processor.py:914} INFO - Processing file /opt/airflow/dags/kr_update.py for tasks to queue
[2025-05-05T05:29:06.699+0000] {logging_mixin.py:190} INFO - [2025-05-05T05:29:06.698+0000] {dagbag.py:588} INFO - Filling up the DagBag from /opt/airflow/dags/kr_update.py
[2025-05-05T05:29:06.744+0000] {processor.py:925} INFO - DAG(s) 'kr_update' retrieved from /opt/airflow/dags/kr_update.py
[2025-05-05T05:29:06.777+0000] {logging_mixin.py:190} INFO - [2025-05-05T05:29:06.777+0000] {dag.py:3239} INFO - Sync 1 DAGs
[2025-05-05T05:29:06.809+0000] {logging_mixin.py:190} INFO - [2025-05-05T05:29:06.808+0000] {dag.py:4180} INFO - Setting next_dagrun for kr_update to 2025-05-05 05:25:00+00:00, run_after=2025-05-05 05:30:00+00:00
[2025-05-05T05:29:06.832+0000] {processor.py:208} INFO - Processing /opt/airflow/dags/kr_update.py took 0.146 seconds
[2025-05-05T05:29:37.206+0000] {processor.py:186} INFO - Started process (PID=131) to work on /opt/airflow/dags/kr_update.py
[2025-05-05T05:29:37.207+0000] {processor.py:914} INFO - Processing file /opt/airflow/dags/kr_update.py for tasks to queue
[2025-05-05T05:29:37.209+0000] {logging_mixin.py:190} INFO - [2025-05-05T05:29:37.209+0000] {dagbag.py:588} INFO - Filling up the DagBag from /opt/airflow/dags/kr_update.py
[2025-05-05T05:29:37.253+0000] {processor.py:925} INFO - DAG(s) 'kr_update' retrieved from /opt/airflow/dags/kr_update.py
[2025-05-05T05:29:37.287+0000] {logging_mixin.py:190} INFO - [2025-05-05T05:29:37.287+0000] {dag.py:3239} INFO - Sync 1 DAGs
[2025-05-05T05:29:37.319+0000] {logging_mixin.py:190} INFO - [2025-05-05T05:29:37.319+0000] {dag.py:4180} INFO - Setting next_dagrun for kr_update to 2025-05-05 05:25:00+00:00, run_after=2025-05-05 05:30:00+00:00
[2025-05-05T05:29:37.343+0000] {processor.py:208} INFO - Processing /opt/airflow/dags/kr_update.py took 0.145 seconds
[2025-05-05T05:30:07.725+0000] {processor.py:186} INFO - Started process (PID=150) to work on /opt/airflow/dags/kr_update.py
[2025-05-05T05:30:07.726+0000] {processor.py:914} INFO - Processing file /opt/airflow/dags/kr_update.py for tasks to queue
[2025-05-05T05:30:07.729+0000] {logging_mixin.py:190} INFO - [2025-05-05T05:30:07.729+0000] {dagbag.py:588} INFO - Filling up the DagBag from /opt/airflow/dags/kr_update.py
[2025-05-05T05:30:07.776+0000] {processor.py:925} INFO - DAG(s) 'kr_update' retrieved from /opt/airflow/dags/kr_update.py
[2025-05-05T05:30:07.812+0000] {logging_mixin.py:190} INFO - [2025-05-05T05:30:07.812+0000] {dag.py:3239} INFO - Sync 1 DAGs
[2025-05-05T05:30:07.845+0000] {logging_mixin.py:190} INFO - [2025-05-05T05:30:07.845+0000] {dag.py:4180} INFO - Setting next_dagrun for kr_update to 2025-05-05 05:30:00+00:00, run_after=2025-05-05 05:35:00+00:00
[2025-05-05T05:30:07.871+0000] {processor.py:208} INFO - Processing /opt/airflow/dags/kr_update.py took 0.155 seconds
[2025-05-05T05:30:38.223+0000] {processor.py:186} INFO - Started process (PID=159) to work on /opt/airflow/dags/kr_update.py
[2025-05-05T05:30:38.224+0000] {processor.py:914} INFO - Processing file /opt/airflow/dags/kr_update.py for tasks to queue
[2025-05-05T05:30:38.226+0000] {logging_mixin.py:190} INFO - [2025-05-05T05:30:38.226+0000] {dagbag.py:588} INFO - Filling up the DagBag from /opt/airflow/dags/kr_update.py
[2025-05-05T05:30:38.272+0000] {processor.py:925} INFO - DAG(s) 'kr_update' retrieved from /opt/airflow/dags/kr_update.py
[2025-05-05T05:30:38.303+0000] {logging_mixin.py:190} INFO - [2025-05-05T05:30:38.303+0000] {dag.py:3239} INFO - Sync 1 DAGs
[2025-05-05T05:30:38.333+0000] {logging_mixin.py:190} INFO - [2025-05-05T05:30:38.333+0000] {dag.py:4180} INFO - Setting next_dagrun for kr_update to 2025-05-05 05:30:00+00:00, run_after=2025-05-05 05:35:00+00:00
[2025-05-05T05:30:38.358+0000] {processor.py:208} INFO - Processing /opt/airflow/dags/kr_update.py took 0.145 seconds
[2025-05-05T05:31:08.726+0000] {processor.py:186} INFO - Started process (PID=168) to work on /opt/airflow/dags/kr_update.py
[2025-05-05T05:31:08.727+0000] {processor.py:914} INFO - Processing file /opt/airflow/dags/kr_update.py for tasks to queue
[2025-05-05T05:31:08.730+0000] {logging_mixin.py:190} INFO - [2025-05-05T05:31:08.729+0000] {dagbag.py:588} INFO - Filling up the DagBag from /opt/airflow/dags/kr_update.py
[2025-05-05T05:31:08.774+0000] {processor.py:925} INFO - DAG(s) 'kr_update' retrieved from /opt/airflow/dags/kr_update.py
[2025-05-05T05:31:08.808+0000] {logging_mixin.py:190} INFO - [2025-05-05T05:31:08.808+0000] {dag.py:3239} INFO - Sync 1 DAGs
[2025-05-05T05:31:08.841+0000] {logging_mixin.py:190} INFO - [2025-05-05T05:31:08.840+0000] {dag.py:4180} INFO - Setting next_dagrun for kr_update to 2025-05-05 05:30:00+00:00, run_after=2025-05-05 05:35:00+00:00
[2025-05-05T05:31:08.864+0000] {processor.py:208} INFO - Processing /opt/airflow/dags/kr_update.py took 0.146 seconds
[2025-05-05T05:31:39.222+0000] {processor.py:186} INFO - Started process (PID=177) to work on /opt/airflow/dags/kr_update.py
[2025-05-05T05:31:39.224+0000] {processor.py:914} INFO - Processing file /opt/airflow/dags/kr_update.py for tasks to queue
[2025-05-05T05:31:39.227+0000] {logging_mixin.py:190} INFO - [2025-05-05T05:31:39.226+0000] {dagbag.py:588} INFO - Filling up the DagBag from /opt/airflow/dags/kr_update.py
[2025-05-05T05:31:39.271+0000] {processor.py:925} INFO - DAG(s) 'kr_update' retrieved from /opt/airflow/dags/kr_update.py
[2025-05-05T05:31:39.305+0000] {logging_mixin.py:190} INFO - [2025-05-05T05:31:39.305+0000] {dag.py:3239} INFO - Sync 1 DAGs
[2025-05-05T05:31:39.337+0000] {logging_mixin.py:190} INFO - [2025-05-05T05:31:39.336+0000] {dag.py:4180} INFO - Setting next_dagrun for kr_update to 2025-05-05 05:30:00+00:00, run_after=2025-05-05 05:35:00+00:00
[2025-05-05T05:31:39.360+0000] {processor.py:208} INFO - Processing /opt/airflow/dags/kr_update.py took 0.146 seconds
[2025-05-05T05:32:09.851+0000] {processor.py:186} INFO - Started process (PID=186) to work on /opt/airflow/dags/kr_update.py
[2025-05-05T05:32:09.853+0000] {processor.py:914} INFO - Processing file /opt/airflow/dags/kr_update.py for tasks to queue
[2025-05-05T05:32:09.856+0000] {logging_mixin.py:190} INFO - [2025-05-05T05:32:09.856+0000] {dagbag.py:588} INFO - Filling up the DagBag from /opt/airflow/dags/kr_update.py
[2025-05-05T05:32:09.904+0000] {processor.py:925} INFO - DAG(s) 'kr_update' retrieved from /opt/airflow/dags/kr_update.py
[2025-05-05T05:32:09.939+0000] {logging_mixin.py:190} INFO - [2025-05-05T05:32:09.938+0000] {dag.py:3239} INFO - Sync 1 DAGs
[2025-05-05T05:32:09.970+0000] {logging_mixin.py:190} INFO - [2025-05-05T05:32:09.970+0000] {dag.py:4180} INFO - Setting next_dagrun for kr_update to 2025-05-05 05:30:00+00:00, run_after=2025-05-05 05:35:00+00:00
[2025-05-05T05:32:09.995+0000] {processor.py:208} INFO - Processing /opt/airflow/dags/kr_update.py took 0.153 seconds
[2025-05-05T05:32:40.370+0000] {processor.py:186} INFO - Started process (PID=195) to work on /opt/airflow/dags/kr_update.py
[2025-05-05T05:32:40.371+0000] {processor.py:914} INFO - Processing file /opt/airflow/dags/kr_update.py for tasks to queue
[2025-05-05T05:32:40.374+0000] {logging_mixin.py:190} INFO - [2025-05-05T05:32:40.374+0000] {dagbag.py:588} INFO - Filling up the DagBag from /opt/airflow/dags/kr_update.py
[2025-05-05T05:32:40.420+0000] {processor.py:925} INFO - DAG(s) 'kr_update' retrieved from /opt/airflow/dags/kr_update.py
[2025-05-05T05:32:40.453+0000] {logging_mixin.py:190} INFO - [2025-05-05T05:32:40.453+0000] {dag.py:3239} INFO - Sync 1 DAGs
[2025-05-05T05:32:40.484+0000] {logging_mixin.py:190} INFO - [2025-05-05T05:32:40.484+0000] {dag.py:4180} INFO - Setting next_dagrun for kr_update to 2025-05-05 05:30:00+00:00, run_after=2025-05-05 05:35:00+00:00
[2025-05-05T05:32:40.508+0000] {processor.py:208} INFO - Processing /opt/airflow/dags/kr_update.py took 0.146 seconds
[2025-05-05T05:33:10.910+0000] {processor.py:186} INFO - Started process (PID=204) to work on /opt/airflow/dags/kr_update.py
[2025-05-05T05:33:10.911+0000] {processor.py:914} INFO - Processing file /opt/airflow/dags/kr_update.py for tasks to queue
[2025-05-05T05:33:10.914+0000] {logging_mixin.py:190} INFO - [2025-05-05T05:33:10.914+0000] {dagbag.py:588} INFO - Filling up the DagBag from /opt/airflow/dags/kr_update.py
[2025-05-05T05:33:10.965+0000] {processor.py:925} INFO - DAG(s) 'kr_update' retrieved from /opt/airflow/dags/kr_update.py
[2025-05-05T05:33:11.002+0000] {logging_mixin.py:190} INFO - [2025-05-05T05:33:11.002+0000] {dag.py:3239} INFO - Sync 1 DAGs
[2025-05-05T05:33:11.038+0000] {logging_mixin.py:190} INFO - [2025-05-05T05:33:11.038+0000] {dag.py:4180} INFO - Setting next_dagrun for kr_update to 2025-05-05 05:30:00+00:00, run_after=2025-05-05 05:35:00+00:00
[2025-05-05T05:33:11.071+0000] {processor.py:208} INFO - Processing /opt/airflow/dags/kr_update.py took 0.170 seconds
[2025-05-05T05:33:41.442+0000] {processor.py:186} INFO - Started process (PID=213) to work on /opt/airflow/dags/kr_update.py
[2025-05-05T05:33:41.444+0000] {processor.py:914} INFO - Processing file /opt/airflow/dags/kr_update.py for tasks to queue
[2025-05-05T05:33:41.448+0000] {logging_mixin.py:190} INFO - [2025-05-05T05:33:41.448+0000] {dagbag.py:588} INFO - Filling up the DagBag from /opt/airflow/dags/kr_update.py
[2025-05-05T05:33:41.501+0000] {processor.py:925} INFO - DAG(s) 'kr_update' retrieved from /opt/airflow/dags/kr_update.py
[2025-05-05T05:33:41.540+0000] {logging_mixin.py:190} INFO - [2025-05-05T05:33:41.540+0000] {dag.py:3239} INFO - Sync 1 DAGs
[2025-05-05T05:33:41.576+0000] {logging_mixin.py:190} INFO - [2025-05-05T05:33:41.576+0000] {dag.py:4180} INFO - Setting next_dagrun for kr_update to 2025-05-05 05:30:00+00:00, run_after=2025-05-05 05:35:00+00:00
[2025-05-05T05:33:41.604+0000] {processor.py:208} INFO - Processing /opt/airflow/dags/kr_update.py took 0.173 seconds
[2025-05-05T05:34:11.979+0000] {processor.py:186} INFO - Started process (PID=222) to work on /opt/airflow/dags/kr_update.py
[2025-05-05T05:34:11.980+0000] {processor.py:914} INFO - Processing file /opt/airflow/dags/kr_update.py for tasks to queue
[2025-05-05T05:34:11.983+0000] {logging_mixin.py:190} INFO - [2025-05-05T05:34:11.983+0000] {dagbag.py:588} INFO - Filling up the DagBag from /opt/airflow/dags/kr_update.py
[2025-05-05T05:34:12.033+0000] {processor.py:925} INFO - DAG(s) 'kr_update' retrieved from /opt/airflow/dags/kr_update.py
[2025-05-05T05:34:12.068+0000] {logging_mixin.py:190} INFO - [2025-05-05T05:34:12.068+0000] {dag.py:3239} INFO - Sync 1 DAGs
[2025-05-05T05:34:12.101+0000] {logging_mixin.py:190} INFO - [2025-05-05T05:34:12.101+0000] {dag.py:4180} INFO - Setting next_dagrun for kr_update to 2025-05-05 05:30:00+00:00, run_after=2025-05-05 05:35:00+00:00
[2025-05-05T05:34:12.126+0000] {processor.py:208} INFO - Processing /opt/airflow/dags/kr_update.py took 0.157 seconds
[2025-05-05T05:34:42.479+0000] {processor.py:186} INFO - Started process (PID=231) to work on /opt/airflow/dags/kr_update.py
[2025-05-05T05:34:42.480+0000] {processor.py:914} INFO - Processing file /opt/airflow/dags/kr_update.py for tasks to queue
[2025-05-05T05:34:42.484+0000] {logging_mixin.py:190} INFO - [2025-05-05T05:34:42.483+0000] {dagbag.py:588} INFO - Filling up the DagBag from /opt/airflow/dags/kr_update.py
[2025-05-05T05:34:42.528+0000] {processor.py:925} INFO - DAG(s) 'kr_update' retrieved from /opt/airflow/dags/kr_update.py
[2025-05-05T05:34:42.561+0000] {logging_mixin.py:190} INFO - [2025-05-05T05:34:42.561+0000] {dag.py:3239} INFO - Sync 1 DAGs
[2025-05-05T05:34:42.592+0000] {logging_mixin.py:190} INFO - [2025-05-05T05:34:42.591+0000] {dag.py:4180} INFO - Setting next_dagrun for kr_update to 2025-05-05 05:30:00+00:00, run_after=2025-05-05 05:35:00+00:00
[2025-05-05T05:34:42.615+0000] {processor.py:208} INFO - Processing /opt/airflow/dags/kr_update.py took 0.145 seconds
