[2025-05-03T15:10:01.449+0000] {local_task_job_runner.py:123} INFO - ::group::Pre task execution logs
[2025-05-03T15:10:01.471+0000] {taskinstance.py:2613} INFO - Dependencies all met for dep_context=non-requeueable deps ti=<TaskInstance: kr_update.trunc scheduled__2025-05-03T15:05:00+00:00 [queued]>
[2025-05-03T15:10:01.481+0000] {taskinstance.py:2613} INFO - Dependencies all met for dep_context=requeueable deps ti=<TaskInstance: kr_update.trunc scheduled__2025-05-03T15:05:00+00:00 [queued]>
[2025-05-03T15:10:01.482+0000] {taskinstance.py:2866} INFO - Starting attempt 1 of 2
[2025-05-03T15:10:01.498+0000] {taskinstance.py:2889} INFO - Executing <Task(_PythonDecoratedOperator): trunc> on 2025-05-03 15:05:00+00:00
[2025-05-03T15:10:01.505+0000] {standard_task_runner.py:72} INFO - Started process 291 to run task
[2025-05-03T15:10:01.510+0000] {standard_task_runner.py:104} INFO - Running: ['***', 'tasks', 'run', 'kr_update', 'trunc', 'scheduled__2025-05-03T15:05:00+00:00', '--job-id', '50', '--raw', '--subdir', 'DAGS_FOLDER/kr_update.py', '--cfg-path', '/tmp/tmpe8ytd0fo']
[2025-05-03T15:10:01.512+0000] {standard_task_runner.py:105} INFO - Job 50: Subtask trunc
[2025-05-03T15:10:01.570+0000] {task_command.py:467} INFO - Running <TaskInstance: kr_update.trunc scheduled__2025-05-03T15:05:00+00:00 [running]> on host de293b43eb40
[2025-05-03T15:10:01.672+0000] {taskinstance.py:3132} INFO - Exporting env vars: AIRFLOW_CTX_DAG_OWNER='***' AIRFLOW_CTX_DAG_ID='kr_update' AIRFLOW_CTX_TASK_ID='trunc' AIRFLOW_CTX_EXECUTION_DATE='2025-05-03T15:05:00+00:00' AIRFLOW_CTX_TRY_NUMBER='1' AIRFLOW_CTX_DAG_RUN_ID='scheduled__2025-05-03T15:05:00+00:00'
[2025-05-03T15:10:01.674+0000] {taskinstance.py:731} INFO - ::endgroup::
[2025-05-03T15:10:01.677+0000] {kr_update.py:22} INFO - trunc task started
[2025-05-03T15:10:01.679+0000] {kr_update.py:24} INFO - trunc sql file reading..
[2025-05-03T15:10:01.680+0000] {kr_update.py:26} INFO - sql file read succeeded.
[2025-05-03T15:10:01.698+0000] {base.py:84} INFO - Retrieving connection 'kr_study'
[2025-05-03T15:10:01.753+0000] {kr_update.py:29} INFO - truncate done
[2025-05-03T15:10:01.754+0000] {python.py:240} INFO - Done. Returned value was: None
[2025-05-03T15:10:01.767+0000] {taskinstance.py:340} INFO - ::group::Post task execution logs
[2025-05-03T15:10:01.768+0000] {taskinstance.py:352} INFO - Marking task as SUCCESS. dag_id=kr_update, task_id=trunc, run_id=scheduled__2025-05-03T15:05:00+00:00, execution_date=20250503T150500, start_date=20250503T151001, end_date=20250503T151001
[2025-05-03T15:10:01.804+0000] {local_task_job_runner.py:266} INFO - Task exited with return code 0
[2025-05-03T15:10:01.828+0000] {taskinstance.py:3895} INFO - 1 downstream tasks scheduled from follow-on schedule check
[2025-05-03T15:10:01.831+0000] {local_task_job_runner.py:245} INFO - ::endgroup::
