[2025-05-03T07:38:40.149+0000] {processor.py:186} INFO - Started process (PID=121) to work on /home/airflow/.local/lib/python3.8/site-packages/airflow/example_dags/example_sla_dag.py
[2025-05-03T07:38:40.151+0000] {processor.py:914} INFO - Processing file /home/airflow/.local/lib/python3.8/site-packages/airflow/example_dags/example_sla_dag.py for tasks to queue
[2025-05-03T07:38:40.155+0000] {logging_mixin.py:190} INFO - [2025-05-03T07:38:40.155+0000] {dagbag.py:588} INFO - Filling up the DagBag from /home/airflow/.local/lib/python3.8/site-packages/airflow/example_dags/example_sla_dag.py
[2025-05-03T07:38:40.175+0000] {processor.py:925} INFO - DAG(s) 'example_sla_dag' retrieved from /home/airflow/.local/lib/python3.8/site-packages/airflow/example_dags/example_sla_dag.py
[2025-05-03T07:38:40.338+0000] {logging_mixin.py:190} INFO - [2025-05-03T07:38:40.337+0000] {override.py:1901} INFO - Created Permission View: can read on DAG:example_sla_dag
[2025-05-03T07:38:40.357+0000] {logging_mixin.py:190} INFO - [2025-05-03T07:38:40.356+0000] {override.py:1901} INFO - Created Permission View: can delete on DAG:example_sla_dag
[2025-05-03T07:38:40.370+0000] {logging_mixin.py:190} INFO - [2025-05-03T07:38:40.369+0000] {override.py:1901} INFO - Created Permission View: can edit on DAG:example_sla_dag
[2025-05-03T07:38:40.385+0000] {logging_mixin.py:190} INFO - [2025-05-03T07:38:40.384+0000] {override.py:1901} INFO - Created Permission View: can read on DAG Run:example_sla_dag
[2025-05-03T07:38:40.398+0000] {logging_mixin.py:190} INFO - [2025-05-03T07:38:40.397+0000] {override.py:1901} INFO - Created Permission View: can create on DAG Run:example_sla_dag
[2025-05-03T07:38:40.411+0000] {logging_mixin.py:190} INFO - [2025-05-03T07:38:40.410+0000] {override.py:1901} INFO - Created Permission View: can delete on DAG Run:example_sla_dag
[2025-05-03T07:38:40.424+0000] {logging_mixin.py:190} INFO - [2025-05-03T07:38:40.423+0000] {override.py:1901} INFO - Created Permission View: menu access on DAG Run:example_sla_dag
[2025-05-03T07:38:40.425+0000] {logging_mixin.py:190} INFO - [2025-05-03T07:38:40.424+0000] {dag.py:3239} INFO - Sync 1 DAGs
[2025-05-03T07:38:40.445+0000] {logging_mixin.py:190} INFO - [2025-05-03T07:38:40.445+0000] {dag.py:3262} INFO - Creating ORM DAG for example_sla_dag
[2025-05-03T07:38:40.465+0000] {logging_mixin.py:190} INFO - [2025-05-03T07:38:40.464+0000] {dag.py:4180} INFO - Setting next_dagrun for example_sla_dag to 2025-05-03 07:36:00+00:00, run_after=2025-05-03 07:38:00+00:00
[2025-05-03T07:38:40.488+0000] {processor.py:208} INFO - Processing /home/airflow/.local/lib/python3.8/site-packages/airflow/example_dags/example_sla_dag.py took 0.349 seconds
[2025-05-03T07:40:29.445+0000] {processor.py:186} INFO - Started process (PID=109) to work on /home/airflow/.local/lib/python3.8/site-packages/airflow/example_dags/example_sla_dag.py
[2025-05-03T07:40:29.446+0000] {processor.py:914} INFO - Processing file /home/airflow/.local/lib/python3.8/site-packages/airflow/example_dags/example_sla_dag.py for tasks to queue
[2025-05-03T07:40:29.449+0000] {logging_mixin.py:190} INFO - [2025-05-03T07:40:29.448+0000] {dagbag.py:588} INFO - Filling up the DagBag from /home/airflow/.local/lib/python3.8/site-packages/airflow/example_dags/example_sla_dag.py
[2025-05-03T07:40:29.465+0000] {processor.py:925} INFO - DAG(s) 'example_sla_dag' retrieved from /home/airflow/.local/lib/python3.8/site-packages/airflow/example_dags/example_sla_dag.py
[2025-05-03T07:40:29.491+0000] {logging_mixin.py:190} INFO - [2025-05-03T07:40:29.491+0000] {dag.py:3239} INFO - Sync 1 DAGs
[2025-05-03T07:40:29.530+0000] {logging_mixin.py:190} INFO - [2025-05-03T07:40:29.530+0000] {dag.py:4180} INFO - Setting next_dagrun for example_sla_dag to 2025-05-03 07:38:00+00:00, run_after=2025-05-03 07:40:00+00:00
[2025-05-03T07:40:29.556+0000] {processor.py:208} INFO - Processing /home/airflow/.local/lib/python3.8/site-packages/airflow/example_dags/example_sla_dag.py took 0.119 seconds
[2025-05-03T07:41:00.368+0000] {processor.py:186} INFO - Started process (PID=172) to work on /home/airflow/.local/lib/python3.8/site-packages/airflow/example_dags/example_sla_dag.py
[2025-05-03T07:41:00.370+0000] {processor.py:914} INFO - Processing file /home/airflow/.local/lib/python3.8/site-packages/airflow/example_dags/example_sla_dag.py for tasks to queue
[2025-05-03T07:41:00.374+0000] {logging_mixin.py:190} INFO - [2025-05-03T07:41:00.373+0000] {dagbag.py:588} INFO - Filling up the DagBag from /home/airflow/.local/lib/python3.8/site-packages/airflow/example_dags/example_sla_dag.py
[2025-05-03T07:41:00.404+0000] {processor.py:925} INFO - DAG(s) 'example_sla_dag' retrieved from /home/airflow/.local/lib/python3.8/site-packages/airflow/example_dags/example_sla_dag.py
[2025-05-03T07:41:00.461+0000] {logging_mixin.py:190} INFO - [2025-05-03T07:41:00.460+0000] {dag.py:3239} INFO - Sync 1 DAGs
[2025-05-03T07:41:00.523+0000] {logging_mixin.py:190} INFO - [2025-05-03T07:41:00.522+0000] {dag.py:4180} INFO - Setting next_dagrun for example_sla_dag to 2025-05-03 07:38:00+00:00, run_after=2025-05-03 07:40:00+00:00
[2025-05-03T07:41:00.565+0000] {processor.py:208} INFO - Processing /home/airflow/.local/lib/python3.8/site-packages/airflow/example_dags/example_sla_dag.py took 0.209 seconds
