[2025-05-03T07:38:34.528+0000] {processor.py:186} INFO - Started process (PID=91) to work on /home/airflow/.local/lib/python3.8/site-packages/airflow/example_dags/example_dataset_alias_with_no_taskflow.py
[2025-05-03T07:38:34.530+0000] {processor.py:914} INFO - Processing file /home/airflow/.local/lib/python3.8/site-packages/airflow/example_dags/example_dataset_alias_with_no_taskflow.py for tasks to queue
[2025-05-03T07:38:34.533+0000] {logging_mixin.py:190} INFO - [2025-05-03T07:38:34.533+0000] {dagbag.py:588} INFO - Filling up the DagBag from /home/airflow/.local/lib/python3.8/site-packages/airflow/example_dags/example_dataset_alias_with_no_taskflow.py
[2025-05-03T07:38:34.742+0000] {processor.py:925} INFO - DAG(s) 'dataset_s3_bucket_producer_with_no_taskflow', 'dataset_alias_example_alias_consumer_with_no_taskflow', 'dataset_s3_bucket_consumer_with_no_taskflow', 'dataset_alias_example_alias_producer_with_no_taskflow' retrieved from /home/airflow/.local/lib/python3.8/site-packages/airflow/example_dags/example_dataset_alias_with_no_taskflow.py
[2025-05-03T07:38:34.874+0000] {logging_mixin.py:190} INFO - [2025-05-03T07:38:34.873+0000] {override.py:1901} INFO - Created Permission View: can read on DAG:dataset_s3_bucket_producer_with_no_taskflow
[2025-05-03T07:38:34.892+0000] {logging_mixin.py:190} INFO - [2025-05-03T07:38:34.891+0000] {override.py:1901} INFO - Created Permission View: can delete on DAG:dataset_s3_bucket_producer_with_no_taskflow
[2025-05-03T07:38:34.904+0000] {logging_mixin.py:190} INFO - [2025-05-03T07:38:34.903+0000] {override.py:1901} INFO - Created Permission View: can edit on DAG:dataset_s3_bucket_producer_with_no_taskflow
[2025-05-03T07:38:34.921+0000] {logging_mixin.py:190} INFO - [2025-05-03T07:38:34.920+0000] {override.py:1901} INFO - Created Permission View: can read on DAG Run:dataset_s3_bucket_producer_with_no_taskflow
[2025-05-03T07:38:34.933+0000] {logging_mixin.py:190} INFO - [2025-05-03T07:38:34.932+0000] {override.py:1901} INFO - Created Permission View: can create on DAG Run:dataset_s3_bucket_producer_with_no_taskflow
[2025-05-03T07:38:34.946+0000] {logging_mixin.py:190} INFO - [2025-05-03T07:38:34.945+0000] {override.py:1901} INFO - Created Permission View: can delete on DAG Run:dataset_s3_bucket_producer_with_no_taskflow
[2025-05-03T07:38:34.959+0000] {logging_mixin.py:190} INFO - [2025-05-03T07:38:34.958+0000] {override.py:1901} INFO - Created Permission View: menu access on DAG Run:dataset_s3_bucket_producer_with_no_taskflow
[2025-05-03T07:38:34.986+0000] {logging_mixin.py:190} INFO - [2025-05-03T07:38:34.985+0000] {override.py:1901} INFO - Created Permission View: can read on DAG:dataset_alias_example_alias_consumer_with_no_taskflow
[2025-05-03T07:38:34.998+0000] {logging_mixin.py:190} INFO - [2025-05-03T07:38:34.997+0000] {override.py:1901} INFO - Created Permission View: can delete on DAG:dataset_alias_example_alias_consumer_with_no_taskflow
[2025-05-03T07:38:35.010+0000] {logging_mixin.py:190} INFO - [2025-05-03T07:38:35.009+0000] {override.py:1901} INFO - Created Permission View: can edit on DAG:dataset_alias_example_alias_consumer_with_no_taskflow
[2025-05-03T07:38:35.024+0000] {logging_mixin.py:190} INFO - [2025-05-03T07:38:35.023+0000] {override.py:1901} INFO - Created Permission View: can read on DAG Run:dataset_alias_example_alias_consumer_with_no_taskflow
[2025-05-03T07:38:35.036+0000] {logging_mixin.py:190} INFO - [2025-05-03T07:38:35.035+0000] {override.py:1901} INFO - Created Permission View: can create on DAG Run:dataset_alias_example_alias_consumer_with_no_taskflow
[2025-05-03T07:38:35.048+0000] {logging_mixin.py:190} INFO - [2025-05-03T07:38:35.047+0000] {override.py:1901} INFO - Created Permission View: can delete on DAG Run:dataset_alias_example_alias_consumer_with_no_taskflow
[2025-05-03T07:38:35.061+0000] {logging_mixin.py:190} INFO - [2025-05-03T07:38:35.061+0000] {override.py:1901} INFO - Created Permission View: menu access on DAG Run:dataset_alias_example_alias_consumer_with_no_taskflow
[2025-05-03T07:38:35.095+0000] {logging_mixin.py:190} INFO - [2025-05-03T07:38:35.095+0000] {override.py:1901} INFO - Created Permission View: can read on DAG:dataset_s3_bucket_consumer_with_no_taskflow
[2025-05-03T07:38:35.113+0000] {logging_mixin.py:190} INFO - [2025-05-03T07:38:35.112+0000] {override.py:1901} INFO - Created Permission View: can delete on DAG:dataset_s3_bucket_consumer_with_no_taskflow
[2025-05-03T07:38:35.126+0000] {logging_mixin.py:190} INFO - [2025-05-03T07:38:35.125+0000] {override.py:1901} INFO - Created Permission View: can edit on DAG:dataset_s3_bucket_consumer_with_no_taskflow
[2025-05-03T07:38:35.145+0000] {logging_mixin.py:190} INFO - [2025-05-03T07:38:35.144+0000] {override.py:1901} INFO - Created Permission View: can read on DAG Run:dataset_s3_bucket_consumer_with_no_taskflow
[2025-05-03T07:38:35.165+0000] {logging_mixin.py:190} INFO - [2025-05-03T07:38:35.164+0000] {override.py:1901} INFO - Created Permission View: can create on DAG Run:dataset_s3_bucket_consumer_with_no_taskflow
[2025-05-03T07:38:35.179+0000] {logging_mixin.py:190} INFO - [2025-05-03T07:38:35.178+0000] {override.py:1901} INFO - Created Permission View: can delete on DAG Run:dataset_s3_bucket_consumer_with_no_taskflow
[2025-05-03T07:38:35.190+0000] {logging_mixin.py:190} INFO - [2025-05-03T07:38:35.190+0000] {override.py:1901} INFO - Created Permission View: menu access on DAG Run:dataset_s3_bucket_consumer_with_no_taskflow
[2025-05-03T07:38:35.221+0000] {logging_mixin.py:190} INFO - [2025-05-03T07:38:35.220+0000] {override.py:1901} INFO - Created Permission View: can read on DAG:dataset_alias_example_alias_producer_with_no_taskflow
[2025-05-03T07:38:35.233+0000] {logging_mixin.py:190} INFO - [2025-05-03T07:38:35.232+0000] {override.py:1901} INFO - Created Permission View: can delete on DAG:dataset_alias_example_alias_producer_with_no_taskflow
[2025-05-03T07:38:35.244+0000] {logging_mixin.py:190} INFO - [2025-05-03T07:38:35.244+0000] {override.py:1901} INFO - Created Permission View: can edit on DAG:dataset_alias_example_alias_producer_with_no_taskflow
[2025-05-03T07:38:35.257+0000] {logging_mixin.py:190} INFO - [2025-05-03T07:38:35.256+0000] {override.py:1901} INFO - Created Permission View: can read on DAG Run:dataset_alias_example_alias_producer_with_no_taskflow
[2025-05-03T07:38:35.271+0000] {logging_mixin.py:190} INFO - [2025-05-03T07:38:35.270+0000] {override.py:1901} INFO - Created Permission View: can create on DAG Run:dataset_alias_example_alias_producer_with_no_taskflow
[2025-05-03T07:38:35.284+0000] {logging_mixin.py:190} INFO - [2025-05-03T07:38:35.284+0000] {override.py:1901} INFO - Created Permission View: can delete on DAG Run:dataset_alias_example_alias_producer_with_no_taskflow
[2025-05-03T07:38:35.296+0000] {logging_mixin.py:190} INFO - [2025-05-03T07:38:35.296+0000] {override.py:1901} INFO - Created Permission View: menu access on DAG Run:dataset_alias_example_alias_producer_with_no_taskflow
[2025-05-03T07:38:35.297+0000] {logging_mixin.py:190} INFO - [2025-05-03T07:38:35.297+0000] {dag.py:3239} INFO - Sync 4 DAGs
[2025-05-03T07:38:35.320+0000] {logging_mixin.py:190} INFO - [2025-05-03T07:38:35.320+0000] {dag.py:3262} INFO - Creating ORM DAG for dataset_alias_example_alias_producer_with_no_taskflow
[2025-05-03T07:38:35.322+0000] {logging_mixin.py:190} INFO - [2025-05-03T07:38:35.321+0000] {dag.py:3262} INFO - Creating ORM DAG for dataset_s3_bucket_consumer_with_no_taskflow
[2025-05-03T07:38:35.323+0000] {logging_mixin.py:190} INFO - [2025-05-03T07:38:35.323+0000] {dag.py:3262} INFO - Creating ORM DAG for dataset_s3_bucket_producer_with_no_taskflow
[2025-05-03T07:38:35.325+0000] {logging_mixin.py:190} INFO - [2025-05-03T07:38:35.324+0000] {dag.py:3262} INFO - Creating ORM DAG for dataset_alias_example_alias_consumer_with_no_taskflow
[2025-05-03T07:38:35.339+0000] {logging_mixin.py:190} INFO - [2025-05-03T07:38:35.339+0000] {dag.py:4180} INFO - Setting next_dagrun for dataset_alias_example_alias_consumer_with_no_taskflow to None, run_after=None
[2025-05-03T07:38:35.341+0000] {logging_mixin.py:190} INFO - [2025-05-03T07:38:35.340+0000] {dag.py:4180} INFO - Setting next_dagrun for dataset_alias_example_alias_producer_with_no_taskflow to None, run_after=None
[2025-05-03T07:38:35.342+0000] {logging_mixin.py:190} INFO - [2025-05-03T07:38:35.342+0000] {dag.py:4180} INFO - Setting next_dagrun for dataset_s3_bucket_consumer_with_no_taskflow to None, run_after=None
[2025-05-03T07:38:35.343+0000] {logging_mixin.py:190} INFO - [2025-05-03T07:38:35.343+0000] {dag.py:4180} INFO - Setting next_dagrun for dataset_s3_bucket_producer_with_no_taskflow to None, run_after=None
[2025-05-03T07:38:35.391+0000] {processor.py:208} INFO - Processing /home/airflow/.local/lib/python3.8/site-packages/airflow/example_dags/example_dataset_alias_with_no_taskflow.py took 0.871 seconds
[2025-05-03T07:39:05.801+0000] {processor.py:186} INFO - Started process (PID=160) to work on /home/airflow/.local/lib/python3.8/site-packages/airflow/example_dags/example_dataset_alias_with_no_taskflow.py
[2025-05-03T07:39:05.802+0000] {processor.py:914} INFO - Processing file /home/airflow/.local/lib/python3.8/site-packages/airflow/example_dags/example_dataset_alias_with_no_taskflow.py for tasks to queue
[2025-05-03T07:39:05.805+0000] {logging_mixin.py:190} INFO - [2025-05-03T07:39:05.805+0000] {dagbag.py:588} INFO - Filling up the DagBag from /home/airflow/.local/lib/python3.8/site-packages/airflow/example_dags/example_dataset_alias_with_no_taskflow.py
[2025-05-03T07:39:06.012+0000] {processor.py:925} INFO - DAG(s) 'dataset_s3_bucket_producer_with_no_taskflow', 'dataset_alias_example_alias_consumer_with_no_taskflow', 'dataset_alias_example_alias_producer_with_no_taskflow', 'dataset_s3_bucket_consumer_with_no_taskflow' retrieved from /home/airflow/.local/lib/python3.8/site-packages/airflow/example_dags/example_dataset_alias_with_no_taskflow.py
[2025-05-03T07:39:06.049+0000] {logging_mixin.py:190} INFO - [2025-05-03T07:39:06.049+0000] {dag.py:3239} INFO - Sync 4 DAGs
[2025-05-03T07:39:06.085+0000] {logging_mixin.py:190} INFO - [2025-05-03T07:39:06.085+0000] {dag.py:4180} INFO - Setting next_dagrun for dataset_alias_example_alias_consumer_with_no_taskflow to None, run_after=None
[2025-05-03T07:39:06.089+0000] {logging_mixin.py:190} INFO - [2025-05-03T07:39:06.089+0000] {dag.py:4180} INFO - Setting next_dagrun for dataset_alias_example_alias_producer_with_no_taskflow to None, run_after=None
[2025-05-03T07:39:06.091+0000] {logging_mixin.py:190} INFO - [2025-05-03T07:39:06.091+0000] {dag.py:4180} INFO - Setting next_dagrun for dataset_s3_bucket_consumer_with_no_taskflow to None, run_after=None
[2025-05-03T07:39:06.094+0000] {logging_mixin.py:190} INFO - [2025-05-03T07:39:06.093+0000] {dag.py:4180} INFO - Setting next_dagrun for dataset_s3_bucket_producer_with_no_taskflow to None, run_after=None
[2025-05-03T07:39:06.126+0000] {processor.py:208} INFO - Processing /home/airflow/.local/lib/python3.8/site-packages/airflow/example_dags/example_dataset_alias_with_no_taskflow.py took 0.336 seconds
[2025-05-03T07:40:27.051+0000] {processor.py:186} INFO - Started process (PID=79) to work on /home/airflow/.local/lib/python3.8/site-packages/airflow/example_dags/example_dataset_alias_with_no_taskflow.py
[2025-05-03T07:40:27.053+0000] {processor.py:914} INFO - Processing file /home/airflow/.local/lib/python3.8/site-packages/airflow/example_dags/example_dataset_alias_with_no_taskflow.py for tasks to queue
[2025-05-03T07:40:27.056+0000] {logging_mixin.py:190} INFO - [2025-05-03T07:40:27.056+0000] {dagbag.py:588} INFO - Filling up the DagBag from /home/airflow/.local/lib/python3.8/site-packages/airflow/example_dags/example_dataset_alias_with_no_taskflow.py
[2025-05-03T07:40:27.273+0000] {processor.py:925} INFO - DAG(s) 'dataset_s3_bucket_producer_with_no_taskflow', 'dataset_s3_bucket_consumer_with_no_taskflow', 'dataset_alias_example_alias_producer_with_no_taskflow', 'dataset_alias_example_alias_consumer_with_no_taskflow' retrieved from /home/airflow/.local/lib/python3.8/site-packages/airflow/example_dags/example_dataset_alias_with_no_taskflow.py
[2025-05-03T07:40:27.314+0000] {logging_mixin.py:190} INFO - [2025-05-03T07:40:27.314+0000] {dag.py:3239} INFO - Sync 4 DAGs
[2025-05-03T07:40:27.368+0000] {logging_mixin.py:190} INFO - [2025-05-03T07:40:27.368+0000] {dag.py:4180} INFO - Setting next_dagrun for dataset_alias_example_alias_consumer_with_no_taskflow to None, run_after=None
[2025-05-03T07:40:27.377+0000] {logging_mixin.py:190} INFO - [2025-05-03T07:40:27.376+0000] {dag.py:4180} INFO - Setting next_dagrun for dataset_alias_example_alias_producer_with_no_taskflow to None, run_after=None
[2025-05-03T07:40:27.380+0000] {logging_mixin.py:190} INFO - [2025-05-03T07:40:27.380+0000] {dag.py:4180} INFO - Setting next_dagrun for dataset_s3_bucket_consumer_with_no_taskflow to None, run_after=None
[2025-05-03T07:40:27.383+0000] {logging_mixin.py:190} INFO - [2025-05-03T07:40:27.383+0000] {dag.py:4180} INFO - Setting next_dagrun for dataset_s3_bucket_producer_with_no_taskflow to None, run_after=None
[2025-05-03T07:40:27.421+0000] {processor.py:208} INFO - Processing /home/airflow/.local/lib/python3.8/site-packages/airflow/example_dags/example_dataset_alias_with_no_taskflow.py took 0.379 seconds
[2025-05-03T07:40:57.495+0000] {processor.py:186} INFO - Started process (PID=148) to work on /home/airflow/.local/lib/python3.8/site-packages/airflow/example_dags/example_dataset_alias_with_no_taskflow.py
[2025-05-03T07:40:57.496+0000] {processor.py:914} INFO - Processing file /home/airflow/.local/lib/python3.8/site-packages/airflow/example_dags/example_dataset_alias_with_no_taskflow.py for tasks to queue
[2025-05-03T07:40:57.501+0000] {logging_mixin.py:190} INFO - [2025-05-03T07:40:57.500+0000] {dagbag.py:588} INFO - Filling up the DagBag from /home/airflow/.local/lib/python3.8/site-packages/airflow/example_dags/example_dataset_alias_with_no_taskflow.py
[2025-05-03T07:40:57.721+0000] {processor.py:925} INFO - DAG(s) 'dataset_alias_example_alias_producer_with_no_taskflow', 'dataset_s3_bucket_consumer_with_no_taskflow', 'dataset_alias_example_alias_consumer_with_no_taskflow', 'dataset_s3_bucket_producer_with_no_taskflow' retrieved from /home/airflow/.local/lib/python3.8/site-packages/airflow/example_dags/example_dataset_alias_with_no_taskflow.py
[2025-05-03T07:40:57.766+0000] {logging_mixin.py:190} INFO - [2025-05-03T07:40:57.766+0000] {dag.py:3239} INFO - Sync 4 DAGs
[2025-05-03T07:40:57.806+0000] {logging_mixin.py:190} INFO - [2025-05-03T07:40:57.805+0000] {dag.py:4180} INFO - Setting next_dagrun for dataset_alias_example_alias_consumer_with_no_taskflow to None, run_after=None
[2025-05-03T07:40:57.811+0000] {logging_mixin.py:190} INFO - [2025-05-03T07:40:57.811+0000] {dag.py:4180} INFO - Setting next_dagrun for dataset_alias_example_alias_producer_with_no_taskflow to None, run_after=None
[2025-05-03T07:40:57.815+0000] {logging_mixin.py:190} INFO - [2025-05-03T07:40:57.814+0000] {dag.py:4180} INFO - Setting next_dagrun for dataset_s3_bucket_consumer_with_no_taskflow to None, run_after=None
[2025-05-03T07:40:57.819+0000] {logging_mixin.py:190} INFO - [2025-05-03T07:40:57.818+0000] {dag.py:4180} INFO - Setting next_dagrun for dataset_s3_bucket_producer_with_no_taskflow to None, run_after=None
[2025-05-03T07:40:57.865+0000] {processor.py:208} INFO - Processing /home/airflow/.local/lib/python3.8/site-packages/airflow/example_dags/example_dataset_alias_with_no_taskflow.py took 0.381 seconds
