[2025-05-03T07:38:41.212+0000] {processor.py:186} INFO - Started process (PID=125) to work on /home/airflow/.local/lib/python3.8/site-packages/airflow/example_dags/example_sensor_decorator.py
[2025-05-03T07:38:41.214+0000] {processor.py:914} INFO - Processing file /home/airflow/.local/lib/python3.8/site-packages/airflow/example_dags/example_sensor_decorator.py for tasks to queue
[2025-05-03T07:38:41.217+0000] {logging_mixin.py:190} INFO - [2025-05-03T07:38:41.216+0000] {dagbag.py:588} INFO - Filling up the DagBag from /home/airflow/.local/lib/python3.8/site-packages/airflow/example_dags/example_sensor_decorator.py
[2025-05-03T07:38:41.228+0000] {processor.py:925} INFO - DAG(s) 'example_sensor_decorator' retrieved from /home/airflow/.local/lib/python3.8/site-packages/airflow/example_dags/example_sensor_decorator.py
[2025-05-03T07:38:41.380+0000] {logging_mixin.py:190} INFO - [2025-05-03T07:38:41.379+0000] {override.py:1901} INFO - Created Permission View: can read on DAG:example_sensor_decorator
[2025-05-03T07:38:41.396+0000] {logging_mixin.py:190} INFO - [2025-05-03T07:38:41.396+0000] {override.py:1901} INFO - Created Permission View: can delete on DAG:example_sensor_decorator
[2025-05-03T07:38:41.408+0000] {logging_mixin.py:190} INFO - [2025-05-03T07:38:41.408+0000] {override.py:1901} INFO - Created Permission View: can edit on DAG:example_sensor_decorator
[2025-05-03T07:38:41.421+0000] {logging_mixin.py:190} INFO - [2025-05-03T07:38:41.420+0000] {override.py:1901} INFO - Created Permission View: can read on DAG Run:example_sensor_decorator
[2025-05-03T07:38:41.431+0000] {logging_mixin.py:190} INFO - [2025-05-03T07:38:41.430+0000] {override.py:1901} INFO - Created Permission View: can create on DAG Run:example_sensor_decorator
[2025-05-03T07:38:41.442+0000] {logging_mixin.py:190} INFO - [2025-05-03T07:38:41.441+0000] {override.py:1901} INFO - Created Permission View: can delete on DAG Run:example_sensor_decorator
[2025-05-03T07:38:41.453+0000] {logging_mixin.py:190} INFO - [2025-05-03T07:38:41.452+0000] {override.py:1901} INFO - Created Permission View: menu access on DAG Run:example_sensor_decorator
[2025-05-03T07:38:41.454+0000] {logging_mixin.py:190} INFO - [2025-05-03T07:38:41.453+0000] {dag.py:3239} INFO - Sync 1 DAGs
[2025-05-03T07:38:41.475+0000] {logging_mixin.py:190} INFO - [2025-05-03T07:38:41.474+0000] {dag.py:3262} INFO - Creating ORM DAG for example_sensor_decorator
[2025-05-03T07:38:41.476+0000] {logging_mixin.py:190} INFO - [2025-05-03T07:38:41.476+0000] {dag.py:4180} INFO - Setting next_dagrun for example_sensor_decorator to None, run_after=None
[2025-05-03T07:38:41.502+0000] {processor.py:208} INFO - Processing /home/airflow/.local/lib/python3.8/site-packages/airflow/example_dags/example_sensor_decorator.py took 0.299 seconds
[2025-05-03T07:40:29.899+0000] {processor.py:186} INFO - Started process (PID=113) to work on /home/airflow/.local/lib/python3.8/site-packages/airflow/example_dags/example_sensor_decorator.py
[2025-05-03T07:40:29.901+0000] {processor.py:914} INFO - Processing file /home/airflow/.local/lib/python3.8/site-packages/airflow/example_dags/example_sensor_decorator.py for tasks to queue
[2025-05-03T07:40:29.904+0000] {logging_mixin.py:190} INFO - [2025-05-03T07:40:29.904+0000] {dagbag.py:588} INFO - Filling up the DagBag from /home/airflow/.local/lib/python3.8/site-packages/airflow/example_dags/example_sensor_decorator.py
[2025-05-03T07:40:29.914+0000] {processor.py:925} INFO - DAG(s) 'example_sensor_decorator' retrieved from /home/airflow/.local/lib/python3.8/site-packages/airflow/example_dags/example_sensor_decorator.py
[2025-05-03T07:40:29.942+0000] {logging_mixin.py:190} INFO - [2025-05-03T07:40:29.941+0000] {dag.py:3239} INFO - Sync 1 DAGs
[2025-05-03T07:40:29.963+0000] {logging_mixin.py:190} INFO - [2025-05-03T07:40:29.963+0000] {dag.py:4180} INFO - Setting next_dagrun for example_sensor_decorator to None, run_after=None
[2025-05-03T07:40:29.988+0000] {processor.py:208} INFO - Processing /home/airflow/.local/lib/python3.8/site-packages/airflow/example_dags/example_sensor_decorator.py took 0.101 seconds
[2025-05-03T07:41:00.883+0000] {processor.py:186} INFO - Started process (PID=176) to work on /home/airflow/.local/lib/python3.8/site-packages/airflow/example_dags/example_sensor_decorator.py
[2025-05-03T07:41:00.884+0000] {processor.py:914} INFO - Processing file /home/airflow/.local/lib/python3.8/site-packages/airflow/example_dags/example_sensor_decorator.py for tasks to queue
[2025-05-03T07:41:00.887+0000] {logging_mixin.py:190} INFO - [2025-05-03T07:41:00.887+0000] {dagbag.py:588} INFO - Filling up the DagBag from /home/airflow/.local/lib/python3.8/site-packages/airflow/example_dags/example_sensor_decorator.py
[2025-05-03T07:41:00.898+0000] {processor.py:925} INFO - DAG(s) 'example_sensor_decorator' retrieved from /home/airflow/.local/lib/python3.8/site-packages/airflow/example_dags/example_sensor_decorator.py
[2025-05-03T07:41:00.925+0000] {logging_mixin.py:190} INFO - [2025-05-03T07:41:00.925+0000] {dag.py:3239} INFO - Sync 1 DAGs
[2025-05-03T07:41:00.947+0000] {logging_mixin.py:190} INFO - [2025-05-03T07:41:00.947+0000] {dag.py:4180} INFO - Setting next_dagrun for example_sensor_decorator to None, run_after=None
[2025-05-03T07:41:00.973+0000] {processor.py:208} INFO - Processing /home/airflow/.local/lib/python3.8/site-packages/airflow/example_dags/example_sensor_decorator.py took 0.098 seconds
