[2025-05-03T07:38:38.177+0000] {processor.py:186} INFO - Started process (PID=114) to work on /home/airflow/.local/lib/python3.8/site-packages/airflow/example_dags/example_datasets.py
[2025-05-03T07:38:38.179+0000] {processor.py:914} INFO - Processing file /home/airflow/.local/lib/python3.8/site-packages/airflow/example_dags/example_datasets.py for tasks to queue
[2025-05-03T07:38:38.183+0000] {logging_mixin.py:190} INFO - [2025-05-03T07:38:38.182+0000] {dagbag.py:588} INFO - Filling up the DagBag from /home/airflow/.local/lib/python3.8/site-packages/airflow/example_dags/example_datasets.py
[2025-05-03T07:38:38.386+0000] {processor.py:925} INFO - DAG(s) 'dataset_consumes_1', 'dataset_consumes_1_and_2', 'conditional_dataset_and_time_based_timetable', 'dataset_consumes_1_never_scheduled', 'dataset_produces_2', 'dataset_produces_1', 'dataset_consumes_unknown_never_scheduled', 'consume_1_or_2_with_dataset_expressions', 'consume_1_or_both_2_and_3_with_dataset_expressions', 'consume_1_and_2_with_dataset_expressions' retrieved from /home/airflow/.local/lib/python3.8/site-packages/airflow/example_dags/example_datasets.py
[2025-05-03T07:38:38.517+0000] {logging_mixin.py:190} INFO - [2025-05-03T07:38:38.516+0000] {override.py:1901} INFO - Created Permission View: can read on DAG:dataset_consumes_1
[2025-05-03T07:38:38.530+0000] {logging_mixin.py:190} INFO - [2025-05-03T07:38:38.530+0000] {override.py:1901} INFO - Created Permission View: can delete on DAG:dataset_consumes_1
[2025-05-03T07:38:38.541+0000] {logging_mixin.py:190} INFO - [2025-05-03T07:38:38.540+0000] {override.py:1901} INFO - Created Permission View: can edit on DAG:dataset_consumes_1
[2025-05-03T07:38:38.552+0000] {logging_mixin.py:190} INFO - [2025-05-03T07:38:38.552+0000] {override.py:1901} INFO - Created Permission View: can read on DAG Run:dataset_consumes_1
[2025-05-03T07:38:38.564+0000] {logging_mixin.py:190} INFO - [2025-05-03T07:38:38.564+0000] {override.py:1901} INFO - Created Permission View: can create on DAG Run:dataset_consumes_1
[2025-05-03T07:38:38.575+0000] {logging_mixin.py:190} INFO - [2025-05-03T07:38:38.574+0000] {override.py:1901} INFO - Created Permission View: can delete on DAG Run:dataset_consumes_1
[2025-05-03T07:38:38.586+0000] {logging_mixin.py:190} INFO - [2025-05-03T07:38:38.585+0000] {override.py:1901} INFO - Created Permission View: menu access on DAG Run:dataset_consumes_1
[2025-05-03T07:38:38.607+0000] {logging_mixin.py:190} INFO - [2025-05-03T07:38:38.606+0000] {override.py:1901} INFO - Created Permission View: can read on DAG:dataset_consumes_1_and_2
[2025-05-03T07:38:38.618+0000] {logging_mixin.py:190} INFO - [2025-05-03T07:38:38.617+0000] {override.py:1901} INFO - Created Permission View: can delete on DAG:dataset_consumes_1_and_2
[2025-05-03T07:38:38.629+0000] {logging_mixin.py:190} INFO - [2025-05-03T07:38:38.628+0000] {override.py:1901} INFO - Created Permission View: can edit on DAG:dataset_consumes_1_and_2
[2025-05-03T07:38:38.643+0000] {logging_mixin.py:190} INFO - [2025-05-03T07:38:38.642+0000] {override.py:1901} INFO - Created Permission View: can read on DAG Run:dataset_consumes_1_and_2
[2025-05-03T07:38:38.653+0000] {logging_mixin.py:190} INFO - [2025-05-03T07:38:38.653+0000] {override.py:1901} INFO - Created Permission View: can create on DAG Run:dataset_consumes_1_and_2
[2025-05-03T07:38:38.665+0000] {logging_mixin.py:190} INFO - [2025-05-03T07:38:38.664+0000] {override.py:1901} INFO - Created Permission View: can delete on DAG Run:dataset_consumes_1_and_2
[2025-05-03T07:38:38.676+0000] {logging_mixin.py:190} INFO - [2025-05-03T07:38:38.675+0000] {override.py:1901} INFO - Created Permission View: menu access on DAG Run:dataset_consumes_1_and_2
[2025-05-03T07:38:38.695+0000] {logging_mixin.py:190} INFO - [2025-05-03T07:38:38.695+0000] {override.py:1901} INFO - Created Permission View: can read on DAG:conditional_dataset_and_time_based_timetable
[2025-05-03T07:38:38.708+0000] {logging_mixin.py:190} INFO - [2025-05-03T07:38:38.708+0000] {override.py:1901} INFO - Created Permission View: can delete on DAG:conditional_dataset_and_time_based_timetable
[2025-05-03T07:38:38.722+0000] {logging_mixin.py:190} INFO - [2025-05-03T07:38:38.722+0000] {override.py:1901} INFO - Created Permission View: can edit on DAG:conditional_dataset_and_time_based_timetable
[2025-05-03T07:38:38.734+0000] {logging_mixin.py:190} INFO - [2025-05-03T07:38:38.734+0000] {override.py:1901} INFO - Created Permission View: can read on DAG Run:conditional_dataset_and_time_based_timetable
[2025-05-03T07:38:38.745+0000] {logging_mixin.py:190} INFO - [2025-05-03T07:38:38.745+0000] {override.py:1901} INFO - Created Permission View: can create on DAG Run:conditional_dataset_and_time_based_timetable
[2025-05-03T07:38:38.756+0000] {logging_mixin.py:190} INFO - [2025-05-03T07:38:38.756+0000] {override.py:1901} INFO - Created Permission View: can delete on DAG Run:conditional_dataset_and_time_based_timetable
[2025-05-03T07:38:38.770+0000] {logging_mixin.py:190} INFO - [2025-05-03T07:38:38.769+0000] {override.py:1901} INFO - Created Permission View: menu access on DAG Run:conditional_dataset_and_time_based_timetable
[2025-05-03T07:38:38.793+0000] {logging_mixin.py:190} INFO - [2025-05-03T07:38:38.792+0000] {override.py:1901} INFO - Created Permission View: can read on DAG:dataset_consumes_1_never_scheduled
[2025-05-03T07:38:38.808+0000] {logging_mixin.py:190} INFO - [2025-05-03T07:38:38.807+0000] {override.py:1901} INFO - Created Permission View: can delete on DAG:dataset_consumes_1_never_scheduled
[2025-05-03T07:38:38.821+0000] {logging_mixin.py:190} INFO - [2025-05-03T07:38:38.820+0000] {override.py:1901} INFO - Created Permission View: can edit on DAG:dataset_consumes_1_never_scheduled
[2025-05-03T07:38:38.832+0000] {logging_mixin.py:190} INFO - [2025-05-03T07:38:38.832+0000] {override.py:1901} INFO - Created Permission View: can read on DAG Run:dataset_consumes_1_never_scheduled
[2025-05-03T07:38:38.843+0000] {logging_mixin.py:190} INFO - [2025-05-03T07:38:38.842+0000] {override.py:1901} INFO - Created Permission View: can create on DAG Run:dataset_consumes_1_never_scheduled
[2025-05-03T07:38:38.853+0000] {logging_mixin.py:190} INFO - [2025-05-03T07:38:38.852+0000] {override.py:1901} INFO - Created Permission View: can delete on DAG Run:dataset_consumes_1_never_scheduled
[2025-05-03T07:38:38.865+0000] {logging_mixin.py:190} INFO - [2025-05-03T07:38:38.865+0000] {override.py:1901} INFO - Created Permission View: menu access on DAG Run:dataset_consumes_1_never_scheduled
[2025-05-03T07:38:38.885+0000] {logging_mixin.py:190} INFO - [2025-05-03T07:38:38.885+0000] {override.py:1901} INFO - Created Permission View: can read on DAG:dataset_produces_2
[2025-05-03T07:38:38.896+0000] {logging_mixin.py:190} INFO - [2025-05-03T07:38:38.896+0000] {override.py:1901} INFO - Created Permission View: can delete on DAG:dataset_produces_2
[2025-05-03T07:38:38.907+0000] {logging_mixin.py:190} INFO - [2025-05-03T07:38:38.906+0000] {override.py:1901} INFO - Created Permission View: can edit on DAG:dataset_produces_2
[2025-05-03T07:38:38.919+0000] {logging_mixin.py:190} INFO - [2025-05-03T07:38:38.919+0000] {override.py:1901} INFO - Created Permission View: can read on DAG Run:dataset_produces_2
[2025-05-03T07:38:38.930+0000] {logging_mixin.py:190} INFO - [2025-05-03T07:38:38.929+0000] {override.py:1901} INFO - Created Permission View: can create on DAG Run:dataset_produces_2
[2025-05-03T07:38:38.941+0000] {logging_mixin.py:190} INFO - [2025-05-03T07:38:38.940+0000] {override.py:1901} INFO - Created Permission View: can delete on DAG Run:dataset_produces_2
[2025-05-03T07:38:38.952+0000] {logging_mixin.py:190} INFO - [2025-05-03T07:38:38.951+0000] {override.py:1901} INFO - Created Permission View: menu access on DAG Run:dataset_produces_2
[2025-05-03T07:38:38.972+0000] {logging_mixin.py:190} INFO - [2025-05-03T07:38:38.972+0000] {override.py:1901} INFO - Created Permission View: can read on DAG:dataset_produces_1
[2025-05-03T07:38:38.986+0000] {logging_mixin.py:190} INFO - [2025-05-03T07:38:38.985+0000] {override.py:1901} INFO - Created Permission View: can delete on DAG:dataset_produces_1
[2025-05-03T07:38:38.997+0000] {logging_mixin.py:190} INFO - [2025-05-03T07:38:38.996+0000] {override.py:1901} INFO - Created Permission View: can edit on DAG:dataset_produces_1
[2025-05-03T07:38:39.009+0000] {logging_mixin.py:190} INFO - [2025-05-03T07:38:39.009+0000] {override.py:1901} INFO - Created Permission View: can read on DAG Run:dataset_produces_1
[2025-05-03T07:38:39.019+0000] {logging_mixin.py:190} INFO - [2025-05-03T07:38:39.019+0000] {override.py:1901} INFO - Created Permission View: can create on DAG Run:dataset_produces_1
[2025-05-03T07:38:39.031+0000] {logging_mixin.py:190} INFO - [2025-05-03T07:38:39.031+0000] {override.py:1901} INFO - Created Permission View: can delete on DAG Run:dataset_produces_1
[2025-05-03T07:38:39.043+0000] {logging_mixin.py:190} INFO - [2025-05-03T07:38:39.042+0000] {override.py:1901} INFO - Created Permission View: menu access on DAG Run:dataset_produces_1
[2025-05-03T07:38:39.062+0000] {logging_mixin.py:190} INFO - [2025-05-03T07:38:39.061+0000] {override.py:1901} INFO - Created Permission View: can read on DAG:dataset_consumes_unknown_never_scheduled
[2025-05-03T07:38:39.071+0000] {logging_mixin.py:190} INFO - [2025-05-03T07:38:39.071+0000] {override.py:1901} INFO - Created Permission View: can delete on DAG:dataset_consumes_unknown_never_scheduled
[2025-05-03T07:38:39.081+0000] {logging_mixin.py:190} INFO - [2025-05-03T07:38:39.080+0000] {override.py:1901} INFO - Created Permission View: can edit on DAG:dataset_consumes_unknown_never_scheduled
[2025-05-03T07:38:39.093+0000] {logging_mixin.py:190} INFO - [2025-05-03T07:38:39.093+0000] {override.py:1901} INFO - Created Permission View: can read on DAG Run:dataset_consumes_unknown_never_scheduled
[2025-05-03T07:38:39.103+0000] {logging_mixin.py:190} INFO - [2025-05-03T07:38:39.103+0000] {override.py:1901} INFO - Created Permission View: can create on DAG Run:dataset_consumes_unknown_never_scheduled
[2025-05-03T07:38:39.113+0000] {logging_mixin.py:190} INFO - [2025-05-03T07:38:39.113+0000] {override.py:1901} INFO - Created Permission View: can delete on DAG Run:dataset_consumes_unknown_never_scheduled
[2025-05-03T07:38:39.123+0000] {logging_mixin.py:190} INFO - [2025-05-03T07:38:39.123+0000] {override.py:1901} INFO - Created Permission View: menu access on DAG Run:dataset_consumes_unknown_never_scheduled
[2025-05-03T07:38:39.141+0000] {logging_mixin.py:190} INFO - [2025-05-03T07:38:39.141+0000] {override.py:1901} INFO - Created Permission View: can read on DAG:consume_1_or_2_with_dataset_expressions
[2025-05-03T07:38:39.153+0000] {logging_mixin.py:190} INFO - [2025-05-03T07:38:39.153+0000] {override.py:1901} INFO - Created Permission View: can delete on DAG:consume_1_or_2_with_dataset_expressions
[2025-05-03T07:38:39.164+0000] {logging_mixin.py:190} INFO - [2025-05-03T07:38:39.164+0000] {override.py:1901} INFO - Created Permission View: can edit on DAG:consume_1_or_2_with_dataset_expressions
[2025-05-03T07:38:39.182+0000] {logging_mixin.py:190} INFO - [2025-05-03T07:38:39.181+0000] {override.py:1901} INFO - Created Permission View: can read on DAG Run:consume_1_or_2_with_dataset_expressions
[2025-05-03T07:38:39.199+0000] {logging_mixin.py:190} INFO - [2025-05-03T07:38:39.198+0000] {override.py:1901} INFO - Created Permission View: can create on DAG Run:consume_1_or_2_with_dataset_expressions
[2025-05-03T07:38:39.219+0000] {logging_mixin.py:190} INFO - [2025-05-03T07:38:39.218+0000] {override.py:1901} INFO - Created Permission View: can delete on DAG Run:consume_1_or_2_with_dataset_expressions
[2025-05-03T07:38:39.281+0000] {logging_mixin.py:190} INFO - [2025-05-03T07:38:39.281+0000] {override.py:1901} INFO - Created Permission View: menu access on DAG Run:consume_1_or_2_with_dataset_expressions
[2025-05-03T07:38:39.435+0000] {logging_mixin.py:190} INFO - [2025-05-03T07:38:39.435+0000] {override.py:1901} INFO - Created Permission View: can read on DAG:consume_1_or_both_2_and_3_with_dataset_expressions
[2025-05-03T07:38:39.481+0000] {logging_mixin.py:190} INFO - [2025-05-03T07:38:39.481+0000] {override.py:1901} INFO - Created Permission View: can delete on DAG:consume_1_or_both_2_and_3_with_dataset_expressions
[2025-05-03T07:38:39.514+0000] {logging_mixin.py:190} INFO - [2025-05-03T07:38:39.514+0000] {override.py:1901} INFO - Created Permission View: can edit on DAG:consume_1_or_both_2_and_3_with_dataset_expressions
[2025-05-03T07:38:39.529+0000] {logging_mixin.py:190} INFO - [2025-05-03T07:38:39.529+0000] {override.py:1901} INFO - Created Permission View: can read on DAG Run:consume_1_or_both_2_and_3_with_dataset_expressions
[2025-05-03T07:38:39.539+0000] {logging_mixin.py:190} INFO - [2025-05-03T07:38:39.539+0000] {override.py:1901} INFO - Created Permission View: can create on DAG Run:consume_1_or_both_2_and_3_with_dataset_expressions
[2025-05-03T07:38:39.549+0000] {logging_mixin.py:190} INFO - [2025-05-03T07:38:39.549+0000] {override.py:1901} INFO - Created Permission View: can delete on DAG Run:consume_1_or_both_2_and_3_with_dataset_expressions
[2025-05-03T07:38:39.559+0000] {logging_mixin.py:190} INFO - [2025-05-03T07:38:39.559+0000] {override.py:1901} INFO - Created Permission View: menu access on DAG Run:consume_1_or_both_2_and_3_with_dataset_expressions
[2025-05-03T07:38:39.578+0000] {logging_mixin.py:190} INFO - [2025-05-03T07:38:39.578+0000] {override.py:1901} INFO - Created Permission View: can read on DAG:consume_1_and_2_with_dataset_expressions
[2025-05-03T07:38:39.588+0000] {logging_mixin.py:190} INFO - [2025-05-03T07:38:39.588+0000] {override.py:1901} INFO - Created Permission View: can delete on DAG:consume_1_and_2_with_dataset_expressions
[2025-05-03T07:38:39.599+0000] {logging_mixin.py:190} INFO - [2025-05-03T07:38:39.598+0000] {override.py:1901} INFO - Created Permission View: can edit on DAG:consume_1_and_2_with_dataset_expressions
[2025-05-03T07:38:39.610+0000] {logging_mixin.py:190} INFO - [2025-05-03T07:38:39.609+0000] {override.py:1901} INFO - Created Permission View: can read on DAG Run:consume_1_and_2_with_dataset_expressions
[2025-05-03T07:38:39.620+0000] {logging_mixin.py:190} INFO - [2025-05-03T07:38:39.620+0000] {override.py:1901} INFO - Created Permission View: can create on DAG Run:consume_1_and_2_with_dataset_expressions
[2025-05-03T07:38:39.632+0000] {logging_mixin.py:190} INFO - [2025-05-03T07:38:39.631+0000] {override.py:1901} INFO - Created Permission View: can delete on DAG Run:consume_1_and_2_with_dataset_expressions
[2025-05-03T07:38:39.644+0000] {logging_mixin.py:190} INFO - [2025-05-03T07:38:39.644+0000] {override.py:1901} INFO - Created Permission View: menu access on DAG Run:consume_1_and_2_with_dataset_expressions
[2025-05-03T07:38:39.645+0000] {logging_mixin.py:190} INFO - [2025-05-03T07:38:39.645+0000] {dag.py:3239} INFO - Sync 10 DAGs
[2025-05-03T07:38:39.664+0000] {logging_mixin.py:190} INFO - [2025-05-03T07:38:39.664+0000] {dag.py:3262} INFO - Creating ORM DAG for dataset_produces_2
[2025-05-03T07:38:39.666+0000] {logging_mixin.py:190} INFO - [2025-05-03T07:38:39.665+0000] {dag.py:3262} INFO - Creating ORM DAG for dataset_consumes_unknown_never_scheduled
[2025-05-03T07:38:39.667+0000] {logging_mixin.py:190} INFO - [2025-05-03T07:38:39.667+0000] {dag.py:3262} INFO - Creating ORM DAG for dataset_produces_1
[2025-05-03T07:38:39.668+0000] {logging_mixin.py:190} INFO - [2025-05-03T07:38:39.668+0000] {dag.py:3262} INFO - Creating ORM DAG for conditional_dataset_and_time_based_timetable
[2025-05-03T07:38:39.669+0000] {logging_mixin.py:190} INFO - [2025-05-03T07:38:39.669+0000] {dag.py:3262} INFO - Creating ORM DAG for consume_1_or_2_with_dataset_expressions
[2025-05-03T07:38:39.671+0000] {logging_mixin.py:190} INFO - [2025-05-03T07:38:39.670+0000] {dag.py:3262} INFO - Creating ORM DAG for dataset_consumes_1
[2025-05-03T07:38:39.672+0000] {logging_mixin.py:190} INFO - [2025-05-03T07:38:39.672+0000] {dag.py:3262} INFO - Creating ORM DAG for consume_1_or_both_2_and_3_with_dataset_expressions
[2025-05-03T07:38:39.673+0000] {logging_mixin.py:190} INFO - [2025-05-03T07:38:39.673+0000] {dag.py:3262} INFO - Creating ORM DAG for dataset_consumes_1_never_scheduled
[2025-05-03T07:38:39.674+0000] {logging_mixin.py:190} INFO - [2025-05-03T07:38:39.674+0000] {dag.py:3262} INFO - Creating ORM DAG for consume_1_and_2_with_dataset_expressions
[2025-05-03T07:38:39.675+0000] {logging_mixin.py:190} INFO - [2025-05-03T07:38:39.675+0000] {dag.py:3262} INFO - Creating ORM DAG for dataset_consumes_1_and_2
[2025-05-03T07:38:39.692+0000] {logging_mixin.py:190} INFO - [2025-05-03T07:38:39.691+0000] {dag.py:4180} INFO - Setting next_dagrun for conditional_dataset_and_time_based_timetable to 2025-04-30 01:00:00+00:00, run_after=2025-04-30 01:00:00+00:00
[2025-05-03T07:38:39.693+0000] {logging_mixin.py:190} INFO - [2025-05-03T07:38:39.693+0000] {dag.py:4180} INFO - Setting next_dagrun for consume_1_and_2_with_dataset_expressions to None, run_after=None
[2025-05-03T07:38:39.694+0000] {logging_mixin.py:190} INFO - [2025-05-03T07:38:39.693+0000] {dag.py:4180} INFO - Setting next_dagrun for consume_1_or_2_with_dataset_expressions to None, run_after=None
[2025-05-03T07:38:39.694+0000] {logging_mixin.py:190} INFO - [2025-05-03T07:38:39.694+0000] {dag.py:4180} INFO - Setting next_dagrun for consume_1_or_both_2_and_3_with_dataset_expressions to None, run_after=None
[2025-05-03T07:38:39.695+0000] {logging_mixin.py:190} INFO - [2025-05-03T07:38:39.695+0000] {dag.py:4180} INFO - Setting next_dagrun for dataset_consumes_1 to None, run_after=None
[2025-05-03T07:38:39.696+0000] {logging_mixin.py:190} INFO - [2025-05-03T07:38:39.696+0000] {dag.py:4180} INFO - Setting next_dagrun for dataset_consumes_1_and_2 to None, run_after=None
[2025-05-03T07:38:39.697+0000] {logging_mixin.py:190} INFO - [2025-05-03T07:38:39.697+0000] {dag.py:4180} INFO - Setting next_dagrun for dataset_consumes_1_never_scheduled to None, run_after=None
[2025-05-03T07:38:39.698+0000] {logging_mixin.py:190} INFO - [2025-05-03T07:38:39.698+0000] {dag.py:4180} INFO - Setting next_dagrun for dataset_consumes_unknown_never_scheduled to None, run_after=None
[2025-05-03T07:38:39.701+0000] {logging_mixin.py:190} INFO - [2025-05-03T07:38:39.701+0000] {dag.py:4180} INFO - Setting next_dagrun for dataset_produces_1 to 2025-05-02 00:00:00+00:00, run_after=2025-05-03 00:00:00+00:00
[2025-05-03T07:38:39.702+0000] {logging_mixin.py:190} INFO - [2025-05-03T07:38:39.702+0000] {dag.py:4180} INFO - Setting next_dagrun for dataset_produces_2 to None, run_after=None
[2025-05-03T07:38:39.759+0000] {processor.py:208} INFO - Processing /home/airflow/.local/lib/python3.8/site-packages/airflow/example_dags/example_datasets.py took 1.594 seconds
[2025-05-03T07:39:09.883+0000] {processor.py:186} INFO - Started process (PID=178) to work on /home/airflow/.local/lib/python3.8/site-packages/airflow/example_dags/example_datasets.py
[2025-05-03T07:39:09.885+0000] {processor.py:914} INFO - Processing file /home/airflow/.local/lib/python3.8/site-packages/airflow/example_dags/example_datasets.py for tasks to queue
[2025-05-03T07:39:09.890+0000] {logging_mixin.py:190} INFO - [2025-05-03T07:39:09.889+0000] {dagbag.py:588} INFO - Filling up the DagBag from /home/airflow/.local/lib/python3.8/site-packages/airflow/example_dags/example_datasets.py
[2025-05-03T07:39:10.176+0000] {processor.py:925} INFO - DAG(s) 'dataset_consumes_1_and_2', 'dataset_consumes_1', 'consume_1_and_2_with_dataset_expressions', 'dataset_consumes_unknown_never_scheduled', 'consume_1_or_both_2_and_3_with_dataset_expressions', 'dataset_produces_2', 'consume_1_or_2_with_dataset_expressions', 'conditional_dataset_and_time_based_timetable', 'dataset_consumes_1_never_scheduled', 'dataset_produces_1' retrieved from /home/airflow/.local/lib/python3.8/site-packages/airflow/example_dags/example_datasets.py
[2025-05-03T07:39:10.304+0000] {logging_mixin.py:190} INFO - [2025-05-03T07:39:10.303+0000] {dag.py:3239} INFO - Sync 10 DAGs
[2025-05-03T07:39:10.355+0000] {logging_mixin.py:190} INFO - [2025-05-03T07:39:10.354+0000] {dag.py:4180} INFO - Setting next_dagrun for conditional_dataset_and_time_based_timetable to 2025-04-30 01:00:00+00:00, run_after=2025-04-30 01:00:00+00:00
[2025-05-03T07:39:10.361+0000] {logging_mixin.py:190} INFO - [2025-05-03T07:39:10.361+0000] {dag.py:4180} INFO - Setting next_dagrun for consume_1_and_2_with_dataset_expressions to None, run_after=None
[2025-05-03T07:39:10.379+0000] {logging_mixin.py:190} INFO - [2025-05-03T07:39:10.379+0000] {dag.py:4180} INFO - Setting next_dagrun for consume_1_or_2_with_dataset_expressions to None, run_after=None
[2025-05-03T07:39:10.384+0000] {logging_mixin.py:190} INFO - [2025-05-03T07:39:10.383+0000] {dag.py:4180} INFO - Setting next_dagrun for consume_1_or_both_2_and_3_with_dataset_expressions to None, run_after=None
[2025-05-03T07:39:10.388+0000] {logging_mixin.py:190} INFO - [2025-05-03T07:39:10.388+0000] {dag.py:4180} INFO - Setting next_dagrun for dataset_consumes_1 to None, run_after=None
[2025-05-03T07:39:10.393+0000] {logging_mixin.py:190} INFO - [2025-05-03T07:39:10.392+0000] {dag.py:4180} INFO - Setting next_dagrun for dataset_consumes_1_and_2 to None, run_after=None
[2025-05-03T07:39:10.396+0000] {logging_mixin.py:190} INFO - [2025-05-03T07:39:10.395+0000] {dag.py:4180} INFO - Setting next_dagrun for dataset_consumes_1_never_scheduled to None, run_after=None
[2025-05-03T07:39:10.398+0000] {logging_mixin.py:190} INFO - [2025-05-03T07:39:10.398+0000] {dag.py:4180} INFO - Setting next_dagrun for dataset_consumes_unknown_never_scheduled to None, run_after=None
[2025-05-03T07:39:10.406+0000] {logging_mixin.py:190} INFO - [2025-05-03T07:39:10.405+0000] {dag.py:4180} INFO - Setting next_dagrun for dataset_produces_1 to 2025-05-02 00:00:00+00:00, run_after=2025-05-03 00:00:00+00:00
[2025-05-03T07:39:10.410+0000] {logging_mixin.py:190} INFO - [2025-05-03T07:39:10.410+0000] {dag.py:4180} INFO - Setting next_dagrun for dataset_produces_2 to None, run_after=None
[2025-05-03T07:39:10.481+0000] {processor.py:208} INFO - Processing /home/airflow/.local/lib/python3.8/site-packages/airflow/example_dags/example_datasets.py took 0.621 seconds
[2025-05-03T07:40:28.833+0000] {processor.py:186} INFO - Started process (PID=102) to work on /home/airflow/.local/lib/python3.8/site-packages/airflow/example_dags/example_datasets.py
[2025-05-03T07:40:28.834+0000] {processor.py:914} INFO - Processing file /home/airflow/.local/lib/python3.8/site-packages/airflow/example_dags/example_datasets.py for tasks to queue
[2025-05-03T07:40:28.837+0000] {logging_mixin.py:190} INFO - [2025-05-03T07:40:28.837+0000] {dagbag.py:588} INFO - Filling up the DagBag from /home/airflow/.local/lib/python3.8/site-packages/airflow/example_dags/example_datasets.py
[2025-05-03T07:40:29.014+0000] {processor.py:925} INFO - DAG(s) 'consume_1_and_2_with_dataset_expressions', 'dataset_produces_1', 'dataset_produces_2', 'conditional_dataset_and_time_based_timetable', 'dataset_consumes_1_never_scheduled', 'consume_1_or_2_with_dataset_expressions', 'consume_1_or_both_2_and_3_with_dataset_expressions', 'dataset_consumes_1', 'dataset_consumes_unknown_never_scheduled', 'dataset_consumes_1_and_2' retrieved from /home/airflow/.local/lib/python3.8/site-packages/airflow/example_dags/example_datasets.py
[2025-05-03T07:40:29.078+0000] {logging_mixin.py:190} INFO - [2025-05-03T07:40:29.078+0000] {dag.py:3239} INFO - Sync 10 DAGs
[2025-05-03T07:40:29.116+0000] {logging_mixin.py:190} INFO - [2025-05-03T07:40:29.116+0000] {dag.py:4180} INFO - Setting next_dagrun for conditional_dataset_and_time_based_timetable to 2025-04-30 01:00:00+00:00, run_after=2025-04-30 01:00:00+00:00
[2025-05-03T07:40:29.122+0000] {logging_mixin.py:190} INFO - [2025-05-03T07:40:29.121+0000] {dag.py:4180} INFO - Setting next_dagrun for consume_1_and_2_with_dataset_expressions to None, run_after=None
[2025-05-03T07:40:29.124+0000] {logging_mixin.py:190} INFO - [2025-05-03T07:40:29.124+0000] {dag.py:4180} INFO - Setting next_dagrun for consume_1_or_2_with_dataset_expressions to None, run_after=None
[2025-05-03T07:40:29.127+0000] {logging_mixin.py:190} INFO - [2025-05-03T07:40:29.127+0000] {dag.py:4180} INFO - Setting next_dagrun for consume_1_or_both_2_and_3_with_dataset_expressions to None, run_after=None
[2025-05-03T07:40:29.129+0000] {logging_mixin.py:190} INFO - [2025-05-03T07:40:29.129+0000] {dag.py:4180} INFO - Setting next_dagrun for dataset_consumes_1 to None, run_after=None
[2025-05-03T07:40:29.131+0000] {logging_mixin.py:190} INFO - [2025-05-03T07:40:29.131+0000] {dag.py:4180} INFO - Setting next_dagrun for dataset_consumes_1_and_2 to None, run_after=None
[2025-05-03T07:40:29.134+0000] {logging_mixin.py:190} INFO - [2025-05-03T07:40:29.134+0000] {dag.py:4180} INFO - Setting next_dagrun for dataset_consumes_1_never_scheduled to None, run_after=None
[2025-05-03T07:40:29.136+0000] {logging_mixin.py:190} INFO - [2025-05-03T07:40:29.136+0000] {dag.py:4180} INFO - Setting next_dagrun for dataset_consumes_unknown_never_scheduled to None, run_after=None
[2025-05-03T07:40:29.141+0000] {logging_mixin.py:190} INFO - [2025-05-03T07:40:29.140+0000] {dag.py:4180} INFO - Setting next_dagrun for dataset_produces_1 to 2025-05-02 00:00:00+00:00, run_after=2025-05-03 00:00:00+00:00
[2025-05-03T07:40:29.143+0000] {logging_mixin.py:190} INFO - [2025-05-03T07:40:29.143+0000] {dag.py:4180} INFO - Setting next_dagrun for dataset_produces_2 to None, run_after=None
[2025-05-03T07:40:29.193+0000] {processor.py:208} INFO - Processing /home/airflow/.local/lib/python3.8/site-packages/airflow/example_dags/example_datasets.py took 0.368 seconds
[2025-05-03T07:40:59.622+0000] {processor.py:186} INFO - Started process (PID=165) to work on /home/airflow/.local/lib/python3.8/site-packages/airflow/example_dags/example_datasets.py
[2025-05-03T07:40:59.623+0000] {processor.py:914} INFO - Processing file /home/airflow/.local/lib/python3.8/site-packages/airflow/example_dags/example_datasets.py for tasks to queue
[2025-05-03T07:40:59.626+0000] {logging_mixin.py:190} INFO - [2025-05-03T07:40:59.626+0000] {dagbag.py:588} INFO - Filling up the DagBag from /home/airflow/.local/lib/python3.8/site-packages/airflow/example_dags/example_datasets.py
[2025-05-03T07:40:59.801+0000] {processor.py:925} INFO - DAG(s) 'dataset_consumes_unknown_never_scheduled', 'dataset_produces_2', 'consume_1_or_both_2_and_3_with_dataset_expressions', 'dataset_consumes_1', 'conditional_dataset_and_time_based_timetable', 'dataset_consumes_1_and_2', 'consume_1_and_2_with_dataset_expressions', 'dataset_produces_1', 'dataset_consumes_1_never_scheduled', 'consume_1_or_2_with_dataset_expressions' retrieved from /home/airflow/.local/lib/python3.8/site-packages/airflow/example_dags/example_datasets.py
[2025-05-03T07:40:59.873+0000] {logging_mixin.py:190} INFO - [2025-05-03T07:40:59.872+0000] {dag.py:3239} INFO - Sync 10 DAGs
[2025-05-03T07:40:59.911+0000] {logging_mixin.py:190} INFO - [2025-05-03T07:40:59.911+0000] {dag.py:4180} INFO - Setting next_dagrun for conditional_dataset_and_time_based_timetable to 2025-04-30 01:00:00+00:00, run_after=2025-04-30 01:00:00+00:00
[2025-05-03T07:40:59.917+0000] {logging_mixin.py:190} INFO - [2025-05-03T07:40:59.917+0000] {dag.py:4180} INFO - Setting next_dagrun for consume_1_and_2_with_dataset_expressions to None, run_after=None
[2025-05-03T07:40:59.920+0000] {logging_mixin.py:190} INFO - [2025-05-03T07:40:59.920+0000] {dag.py:4180} INFO - Setting next_dagrun for consume_1_or_2_with_dataset_expressions to None, run_after=None
[2025-05-03T07:40:59.923+0000] {logging_mixin.py:190} INFO - [2025-05-03T07:40:59.923+0000] {dag.py:4180} INFO - Setting next_dagrun for consume_1_or_both_2_and_3_with_dataset_expressions to None, run_after=None
[2025-05-03T07:40:59.926+0000] {logging_mixin.py:190} INFO - [2025-05-03T07:40:59.926+0000] {dag.py:4180} INFO - Setting next_dagrun for dataset_consumes_1 to None, run_after=None
[2025-05-03T07:40:59.929+0000] {logging_mixin.py:190} INFO - [2025-05-03T07:40:59.929+0000] {dag.py:4180} INFO - Setting next_dagrun for dataset_consumes_1_and_2 to None, run_after=None
[2025-05-03T07:40:59.932+0000] {logging_mixin.py:190} INFO - [2025-05-03T07:40:59.932+0000] {dag.py:4180} INFO - Setting next_dagrun for dataset_consumes_1_never_scheduled to None, run_after=None
[2025-05-03T07:40:59.935+0000] {logging_mixin.py:190} INFO - [2025-05-03T07:40:59.934+0000] {dag.py:4180} INFO - Setting next_dagrun for dataset_consumes_unknown_never_scheduled to None, run_after=None
[2025-05-03T07:40:59.940+0000] {logging_mixin.py:190} INFO - [2025-05-03T07:40:59.940+0000] {dag.py:4180} INFO - Setting next_dagrun for dataset_produces_1 to 2025-05-02 00:00:00+00:00, run_after=2025-05-03 00:00:00+00:00
[2025-05-03T07:40:59.943+0000] {logging_mixin.py:190} INFO - [2025-05-03T07:40:59.943+0000] {dag.py:4180} INFO - Setting next_dagrun for dataset_produces_2 to None, run_after=None
[2025-05-03T07:41:00.000+0000] {processor.py:208} INFO - Processing /home/airflow/.local/lib/python3.8/site-packages/airflow/example_dags/example_datasets.py took 0.386 seconds
