[2025-05-03T07:38:41.898+0000] {processor.py:186} INFO - Started process (PID=129) to work on /home/airflow/.local/lib/python3.8/site-packages/airflow/example_dags/example_branch_python_dop_operator_3.py
[2025-05-03T07:38:41.900+0000] {processor.py:914} INFO - Processing file /home/airflow/.local/lib/python3.8/site-packages/airflow/example_dags/example_branch_python_dop_operator_3.py for tasks to queue
[2025-05-03T07:38:41.903+0000] {logging_mixin.py:190} INFO - [2025-05-03T07:38:41.902+0000] {dagbag.py:588} INFO - Filling up the DagBag from /home/airflow/.local/lib/python3.8/site-packages/airflow/example_dags/example_branch_python_dop_operator_3.py
[2025-05-03T07:38:41.918+0000] {processor.py:925} INFO - DAG(s) 'example_branch_dop_operator_v3' retrieved from /home/airflow/.local/lib/python3.8/site-packages/airflow/example_dags/example_branch_python_dop_operator_3.py
[2025-05-03T07:38:42.063+0000] {logging_mixin.py:190} INFO - [2025-05-03T07:38:42.062+0000] {override.py:1901} INFO - Created Permission View: can read on DAG:example_branch_dop_operator_v3
[2025-05-03T07:38:42.078+0000] {logging_mixin.py:190} INFO - [2025-05-03T07:38:42.077+0000] {override.py:1901} INFO - Created Permission View: can delete on DAG:example_branch_dop_operator_v3
[2025-05-03T07:38:42.089+0000] {logging_mixin.py:190} INFO - [2025-05-03T07:38:42.089+0000] {override.py:1901} INFO - Created Permission View: can edit on DAG:example_branch_dop_operator_v3
[2025-05-03T07:38:42.109+0000] {logging_mixin.py:190} INFO - [2025-05-03T07:38:42.108+0000] {override.py:1901} INFO - Created Permission View: can read on DAG Run:example_branch_dop_operator_v3
[2025-05-03T07:38:42.121+0000] {logging_mixin.py:190} INFO - [2025-05-03T07:38:42.120+0000] {override.py:1901} INFO - Created Permission View: can create on DAG Run:example_branch_dop_operator_v3
[2025-05-03T07:38:42.134+0000] {logging_mixin.py:190} INFO - [2025-05-03T07:38:42.134+0000] {override.py:1901} INFO - Created Permission View: can delete on DAG Run:example_branch_dop_operator_v3
[2025-05-03T07:38:42.146+0000] {logging_mixin.py:190} INFO - [2025-05-03T07:38:42.145+0000] {override.py:1901} INFO - Created Permission View: menu access on DAG Run:example_branch_dop_operator_v3
[2025-05-03T07:38:42.147+0000] {logging_mixin.py:190} INFO - [2025-05-03T07:38:42.147+0000] {dag.py:3239} INFO - Sync 1 DAGs
[2025-05-03T07:38:42.165+0000] {logging_mixin.py:190} INFO - [2025-05-03T07:38:42.165+0000] {dag.py:3262} INFO - Creating ORM DAG for example_branch_dop_operator_v3
[2025-05-03T07:38:42.185+0000] {logging_mixin.py:190} INFO - [2025-05-03T07:38:42.184+0000] {dag.py:4180} INFO - Setting next_dagrun for example_branch_dop_operator_v3 to 2025-05-03 07:37:00+00:00, run_after=2025-05-03 07:38:00+00:00
[2025-05-03T07:38:42.211+0000] {processor.py:208} INFO - Processing /home/airflow/.local/lib/python3.8/site-packages/airflow/example_dags/example_branch_python_dop_operator_3.py took 0.321 seconds
[2025-05-03T07:40:30.305+0000] {processor.py:186} INFO - Started process (PID=117) to work on /home/airflow/.local/lib/python3.8/site-packages/airflow/example_dags/example_branch_python_dop_operator_3.py
[2025-05-03T07:40:30.307+0000] {processor.py:914} INFO - Processing file /home/airflow/.local/lib/python3.8/site-packages/airflow/example_dags/example_branch_python_dop_operator_3.py for tasks to queue
[2025-05-03T07:40:30.310+0000] {logging_mixin.py:190} INFO - [2025-05-03T07:40:30.309+0000] {dagbag.py:588} INFO - Filling up the DagBag from /home/airflow/.local/lib/python3.8/site-packages/airflow/example_dags/example_branch_python_dop_operator_3.py
[2025-05-03T07:40:30.324+0000] {processor.py:925} INFO - DAG(s) 'example_branch_dop_operator_v3' retrieved from /home/airflow/.local/lib/python3.8/site-packages/airflow/example_dags/example_branch_python_dop_operator_3.py
[2025-05-03T07:40:30.350+0000] {logging_mixin.py:190} INFO - [2025-05-03T07:40:30.349+0000] {dag.py:3239} INFO - Sync 1 DAGs
[2025-05-03T07:40:30.386+0000] {logging_mixin.py:190} INFO - [2025-05-03T07:40:30.386+0000] {dag.py:4180} INFO - Setting next_dagrun for example_branch_dop_operator_v3 to 2025-05-03 07:39:00+00:00, run_after=2025-05-03 07:40:00+00:00
[2025-05-03T07:40:30.411+0000] {processor.py:208} INFO - Processing /home/airflow/.local/lib/python3.8/site-packages/airflow/example_dags/example_branch_python_dop_operator_3.py took 0.114 seconds
[2025-05-03T07:41:01.444+0000] {processor.py:186} INFO - Started process (PID=180) to work on /home/airflow/.local/lib/python3.8/site-packages/airflow/example_dags/example_branch_python_dop_operator_3.py
[2025-05-03T07:41:01.449+0000] {processor.py:914} INFO - Processing file /home/airflow/.local/lib/python3.8/site-packages/airflow/example_dags/example_branch_python_dop_operator_3.py for tasks to queue
[2025-05-03T07:41:01.453+0000] {logging_mixin.py:190} INFO - [2025-05-03T07:41:01.452+0000] {dagbag.py:588} INFO - Filling up the DagBag from /home/airflow/.local/lib/python3.8/site-packages/airflow/example_dags/example_branch_python_dop_operator_3.py
[2025-05-03T07:41:01.470+0000] {processor.py:925} INFO - DAG(s) 'example_branch_dop_operator_v3' retrieved from /home/airflow/.local/lib/python3.8/site-packages/airflow/example_dags/example_branch_python_dop_operator_3.py
[2025-05-03T07:41:01.502+0000] {logging_mixin.py:190} INFO - [2025-05-03T07:41:01.501+0000] {dag.py:3239} INFO - Sync 1 DAGs
[2025-05-03T07:41:01.542+0000] {logging_mixin.py:190} INFO - [2025-05-03T07:41:01.541+0000] {dag.py:4180} INFO - Setting next_dagrun for example_branch_dop_operator_v3 to 2025-05-03 07:40:00+00:00, run_after=2025-05-03 07:41:00+00:00
[2025-05-03T07:41:01.568+0000] {processor.py:208} INFO - Processing /home/airflow/.local/lib/python3.8/site-packages/airflow/example_dags/example_branch_python_dop_operator_3.py took 0.132 seconds
