[2025-05-03T07:38:40.393+0000] {processor.py:186} INFO - Started process (PID=122) to work on /home/airflow/.local/lib/python3.8/site-packages/airflow/example_dags/example_dataset_alias.py
[2025-05-03T07:38:40.394+0000] {processor.py:914} INFO - Processing file /home/airflow/.local/lib/python3.8/site-packages/airflow/example_dags/example_dataset_alias.py for tasks to queue
[2025-05-03T07:38:40.398+0000] {logging_mixin.py:190} INFO - [2025-05-03T07:38:40.397+0000] {dagbag.py:588} INFO - Filling up the DagBag from /home/airflow/.local/lib/python3.8/site-packages/airflow/example_dags/example_dataset_alias.py
[2025-05-03T07:38:40.606+0000] {processor.py:925} INFO - DAG(s) 'dataset_s3_bucket_consumer', 'dataset_s3_bucket_producer', 'dataset_alias_example_alias_producer', 'dataset_alias_example_alias_consumer' retrieved from /home/airflow/.local/lib/python3.8/site-packages/airflow/example_dags/example_dataset_alias.py
[2025-05-03T07:38:40.726+0000] {logging_mixin.py:190} INFO - [2025-05-03T07:38:40.725+0000] {override.py:1901} INFO - Created Permission View: can read on DAG:dataset_s3_bucket_consumer
[2025-05-03T07:38:40.741+0000] {logging_mixin.py:190} INFO - [2025-05-03T07:38:40.740+0000] {override.py:1901} INFO - Created Permission View: can delete on DAG:dataset_s3_bucket_consumer
[2025-05-03T07:38:40.751+0000] {logging_mixin.py:190} INFO - [2025-05-03T07:38:40.750+0000] {override.py:1901} INFO - Created Permission View: can edit on DAG:dataset_s3_bucket_consumer
[2025-05-03T07:38:40.763+0000] {logging_mixin.py:190} INFO - [2025-05-03T07:38:40.762+0000] {override.py:1901} INFO - Created Permission View: can read on DAG Run:dataset_s3_bucket_consumer
[2025-05-03T07:38:40.773+0000] {logging_mixin.py:190} INFO - [2025-05-03T07:38:40.772+0000] {override.py:1901} INFO - Created Permission View: can create on DAG Run:dataset_s3_bucket_consumer
[2025-05-03T07:38:40.783+0000] {logging_mixin.py:190} INFO - [2025-05-03T07:38:40.782+0000] {override.py:1901} INFO - Created Permission View: can delete on DAG Run:dataset_s3_bucket_consumer
[2025-05-03T07:38:40.798+0000] {logging_mixin.py:190} INFO - [2025-05-03T07:38:40.797+0000] {override.py:1901} INFO - Created Permission View: menu access on DAG Run:dataset_s3_bucket_consumer
[2025-05-03T07:38:40.817+0000] {logging_mixin.py:190} INFO - [2025-05-03T07:38:40.817+0000] {override.py:1901} INFO - Created Permission View: can read on DAG:dataset_s3_bucket_producer
[2025-05-03T07:38:40.827+0000] {logging_mixin.py:190} INFO - [2025-05-03T07:38:40.826+0000] {override.py:1901} INFO - Created Permission View: can delete on DAG:dataset_s3_bucket_producer
[2025-05-03T07:38:40.836+0000] {logging_mixin.py:190} INFO - [2025-05-03T07:38:40.836+0000] {override.py:1901} INFO - Created Permission View: can edit on DAG:dataset_s3_bucket_producer
[2025-05-03T07:38:40.848+0000] {logging_mixin.py:190} INFO - [2025-05-03T07:38:40.847+0000] {override.py:1901} INFO - Created Permission View: can read on DAG Run:dataset_s3_bucket_producer
[2025-05-03T07:38:40.859+0000] {logging_mixin.py:190} INFO - [2025-05-03T07:38:40.858+0000] {override.py:1901} INFO - Created Permission View: can create on DAG Run:dataset_s3_bucket_producer
[2025-05-03T07:38:40.869+0000] {logging_mixin.py:190} INFO - [2025-05-03T07:38:40.868+0000] {override.py:1901} INFO - Created Permission View: can delete on DAG Run:dataset_s3_bucket_producer
[2025-05-03T07:38:40.877+0000] {logging_mixin.py:190} INFO - [2025-05-03T07:38:40.877+0000] {override.py:1901} INFO - Created Permission View: menu access on DAG Run:dataset_s3_bucket_producer
[2025-05-03T07:38:40.897+0000] {logging_mixin.py:190} INFO - [2025-05-03T07:38:40.896+0000] {override.py:1901} INFO - Created Permission View: can read on DAG:dataset_alias_example_alias_producer
[2025-05-03T07:38:40.906+0000] {logging_mixin.py:190} INFO - [2025-05-03T07:38:40.905+0000] {override.py:1901} INFO - Created Permission View: can delete on DAG:dataset_alias_example_alias_producer
[2025-05-03T07:38:40.915+0000] {logging_mixin.py:190} INFO - [2025-05-03T07:38:40.915+0000] {override.py:1901} INFO - Created Permission View: can edit on DAG:dataset_alias_example_alias_producer
[2025-05-03T07:38:40.927+0000] {logging_mixin.py:190} INFO - [2025-05-03T07:38:40.926+0000] {override.py:1901} INFO - Created Permission View: can read on DAG Run:dataset_alias_example_alias_producer
[2025-05-03T07:38:40.937+0000] {logging_mixin.py:190} INFO - [2025-05-03T07:38:40.937+0000] {override.py:1901} INFO - Created Permission View: can create on DAG Run:dataset_alias_example_alias_producer
[2025-05-03T07:38:40.948+0000] {logging_mixin.py:190} INFO - [2025-05-03T07:38:40.948+0000] {override.py:1901} INFO - Created Permission View: can delete on DAG Run:dataset_alias_example_alias_producer
[2025-05-03T07:38:40.960+0000] {logging_mixin.py:190} INFO - [2025-05-03T07:38:40.959+0000] {override.py:1901} INFO - Created Permission View: menu access on DAG Run:dataset_alias_example_alias_producer
[2025-05-03T07:38:40.997+0000] {logging_mixin.py:190} INFO - [2025-05-03T07:38:40.996+0000] {override.py:1901} INFO - Created Permission View: can read on DAG:dataset_alias_example_alias_consumer
[2025-05-03T07:38:41.013+0000] {logging_mixin.py:190} INFO - [2025-05-03T07:38:41.012+0000] {override.py:1901} INFO - Created Permission View: can delete on DAG:dataset_alias_example_alias_consumer
[2025-05-03T07:38:41.024+0000] {logging_mixin.py:190} INFO - [2025-05-03T07:38:41.024+0000] {override.py:1901} INFO - Created Permission View: can edit on DAG:dataset_alias_example_alias_consumer
[2025-05-03T07:38:41.036+0000] {logging_mixin.py:190} INFO - [2025-05-03T07:38:41.036+0000] {override.py:1901} INFO - Created Permission View: can read on DAG Run:dataset_alias_example_alias_consumer
[2025-05-03T07:38:41.049+0000] {logging_mixin.py:190} INFO - [2025-05-03T07:38:41.048+0000] {override.py:1901} INFO - Created Permission View: can create on DAG Run:dataset_alias_example_alias_consumer
[2025-05-03T07:38:41.060+0000] {logging_mixin.py:190} INFO - [2025-05-03T07:38:41.059+0000] {override.py:1901} INFO - Created Permission View: can delete on DAG Run:dataset_alias_example_alias_consumer
[2025-05-03T07:38:41.074+0000] {logging_mixin.py:190} INFO - [2025-05-03T07:38:41.074+0000] {override.py:1901} INFO - Created Permission View: menu access on DAG Run:dataset_alias_example_alias_consumer
[2025-05-03T07:38:41.075+0000] {logging_mixin.py:190} INFO - [2025-05-03T07:38:41.075+0000] {dag.py:3239} INFO - Sync 4 DAGs
[2025-05-03T07:38:41.095+0000] {logging_mixin.py:190} INFO - [2025-05-03T07:38:41.095+0000] {dag.py:3262} INFO - Creating ORM DAG for dataset_s3_bucket_consumer
[2025-05-03T07:38:41.096+0000] {logging_mixin.py:190} INFO - [2025-05-03T07:38:41.096+0000] {dag.py:3262} INFO - Creating ORM DAG for dataset_alias_example_alias_producer
[2025-05-03T07:38:41.098+0000] {logging_mixin.py:190} INFO - [2025-05-03T07:38:41.098+0000] {dag.py:3262} INFO - Creating ORM DAG for dataset_s3_bucket_producer
[2025-05-03T07:38:41.099+0000] {logging_mixin.py:190} INFO - [2025-05-03T07:38:41.099+0000] {dag.py:3262} INFO - Creating ORM DAG for dataset_alias_example_alias_consumer
[2025-05-03T07:38:41.114+0000] {logging_mixin.py:190} INFO - [2025-05-03T07:38:41.114+0000] {dag.py:4180} INFO - Setting next_dagrun for dataset_alias_example_alias_consumer to None, run_after=None
[2025-05-03T07:38:41.116+0000] {logging_mixin.py:190} INFO - [2025-05-03T07:38:41.115+0000] {dag.py:4180} INFO - Setting next_dagrun for dataset_alias_example_alias_producer to None, run_after=None
[2025-05-03T07:38:41.117+0000] {logging_mixin.py:190} INFO - [2025-05-03T07:38:41.117+0000] {dag.py:4180} INFO - Setting next_dagrun for dataset_s3_bucket_consumer to None, run_after=None
[2025-05-03T07:38:41.118+0000] {logging_mixin.py:190} INFO - [2025-05-03T07:38:41.118+0000] {dag.py:4180} INFO - Setting next_dagrun for dataset_s3_bucket_producer to None, run_after=None
[2025-05-03T07:38:41.163+0000] {processor.py:208} INFO - Processing /home/airflow/.local/lib/python3.8/site-packages/airflow/example_dags/example_dataset_alias.py took 0.779 seconds
[2025-05-03T07:40:29.550+0000] {processor.py:186} INFO - Started process (PID=110) to work on /home/airflow/.local/lib/python3.8/site-packages/airflow/example_dags/example_dataset_alias.py
[2025-05-03T07:40:29.551+0000] {processor.py:914} INFO - Processing file /home/airflow/.local/lib/python3.8/site-packages/airflow/example_dags/example_dataset_alias.py for tasks to queue
[2025-05-03T07:40:29.554+0000] {logging_mixin.py:190} INFO - [2025-05-03T07:40:29.553+0000] {dagbag.py:588} INFO - Filling up the DagBag from /home/airflow/.local/lib/python3.8/site-packages/airflow/example_dags/example_dataset_alias.py
[2025-05-03T07:40:29.748+0000] {processor.py:925} INFO - DAG(s) 'dataset_alias_example_alias_producer', 'dataset_s3_bucket_consumer', 'dataset_alias_example_alias_consumer', 'dataset_s3_bucket_producer' retrieved from /home/airflow/.local/lib/python3.8/site-packages/airflow/example_dags/example_dataset_alias.py
[2025-05-03T07:40:29.778+0000] {logging_mixin.py:190} INFO - [2025-05-03T07:40:29.778+0000] {dag.py:3239} INFO - Sync 4 DAGs
[2025-05-03T07:40:29.812+0000] {logging_mixin.py:190} INFO - [2025-05-03T07:40:29.812+0000] {dag.py:4180} INFO - Setting next_dagrun for dataset_alias_example_alias_consumer to None, run_after=None
[2025-05-03T07:40:29.816+0000] {logging_mixin.py:190} INFO - [2025-05-03T07:40:29.816+0000] {dag.py:4180} INFO - Setting next_dagrun for dataset_alias_example_alias_producer to None, run_after=None
[2025-05-03T07:40:29.818+0000] {logging_mixin.py:190} INFO - [2025-05-03T07:40:29.818+0000] {dag.py:4180} INFO - Setting next_dagrun for dataset_s3_bucket_consumer to None, run_after=None
[2025-05-03T07:40:29.820+0000] {logging_mixin.py:190} INFO - [2025-05-03T07:40:29.820+0000] {dag.py:4180} INFO - Setting next_dagrun for dataset_s3_bucket_producer to None, run_after=None
[2025-05-03T07:40:29.851+0000] {processor.py:208} INFO - Processing /home/airflow/.local/lib/python3.8/site-packages/airflow/example_dags/example_dataset_alias.py took 0.310 seconds
[2025-05-03T07:41:00.488+0000] {processor.py:186} INFO - Started process (PID=173) to work on /home/airflow/.local/lib/python3.8/site-packages/airflow/example_dags/example_dataset_alias.py
[2025-05-03T07:41:00.491+0000] {processor.py:914} INFO - Processing file /home/airflow/.local/lib/python3.8/site-packages/airflow/example_dags/example_dataset_alias.py for tasks to queue
[2025-05-03T07:41:00.496+0000] {logging_mixin.py:190} INFO - [2025-05-03T07:41:00.495+0000] {dagbag.py:588} INFO - Filling up the DagBag from /home/airflow/.local/lib/python3.8/site-packages/airflow/example_dags/example_dataset_alias.py
[2025-05-03T07:41:00.717+0000] {processor.py:925} INFO - DAG(s) 'dataset_alias_example_alias_producer', 'dataset_s3_bucket_producer', 'dataset_alias_example_alias_consumer', 'dataset_s3_bucket_consumer' retrieved from /home/airflow/.local/lib/python3.8/site-packages/airflow/example_dags/example_dataset_alias.py
[2025-05-03T07:41:00.755+0000] {logging_mixin.py:190} INFO - [2025-05-03T07:41:00.754+0000] {dag.py:3239} INFO - Sync 4 DAGs
[2025-05-03T07:41:00.792+0000] {logging_mixin.py:190} INFO - [2025-05-03T07:41:00.791+0000] {dag.py:4180} INFO - Setting next_dagrun for dataset_alias_example_alias_consumer to None, run_after=None
[2025-05-03T07:41:00.797+0000] {logging_mixin.py:190} INFO - [2025-05-03T07:41:00.797+0000] {dag.py:4180} INFO - Setting next_dagrun for dataset_alias_example_alias_producer to None, run_after=None
[2025-05-03T07:41:00.800+0000] {logging_mixin.py:190} INFO - [2025-05-03T07:41:00.800+0000] {dag.py:4180} INFO - Setting next_dagrun for dataset_s3_bucket_consumer to None, run_after=None
[2025-05-03T07:41:00.802+0000] {logging_mixin.py:190} INFO - [2025-05-03T07:41:00.802+0000] {dag.py:4180} INFO - Setting next_dagrun for dataset_s3_bucket_producer to None, run_after=None
[2025-05-03T07:41:00.837+0000] {processor.py:208} INFO - Processing /home/airflow/.local/lib/python3.8/site-packages/airflow/example_dags/example_dataset_alias.py took 0.362 seconds
