[2025-05-03T07:38:39.194+0000] {processor.py:186} INFO - Started process (PID=117) to work on /home/airflow/.local/lib/python3.8/site-packages/airflow/example_dags/example_setup_teardown.py
[2025-05-03T07:38:39.195+0000] {processor.py:914} INFO - Processing file /home/airflow/.local/lib/python3.8/site-packages/airflow/example_dags/example_setup_teardown.py for tasks to queue
[2025-05-03T07:38:39.198+0000] {logging_mixin.py:190} INFO - [2025-05-03T07:38:39.198+0000] {dagbag.py:588} INFO - Filling up the DagBag from /home/airflow/.local/lib/python3.8/site-packages/airflow/example_dags/example_setup_teardown.py
[2025-05-03T07:38:39.212+0000] {processor.py:925} INFO - DAG(s) 'example_setup_teardown' retrieved from /home/airflow/.local/lib/python3.8/site-packages/airflow/example_dags/example_setup_teardown.py
[2025-05-03T07:38:39.461+0000] {logging_mixin.py:190} INFO - [2025-05-03T07:38:39.460+0000] {override.py:1901} INFO - Created Permission View: can read on DAG:example_setup_teardown
[2025-05-03T07:38:39.500+0000] {logging_mixin.py:190} INFO - [2025-05-03T07:38:39.499+0000] {override.py:1901} INFO - Created Permission View: can delete on DAG:example_setup_teardown
[2025-05-03T07:38:39.519+0000] {logging_mixin.py:190} INFO - [2025-05-03T07:38:39.518+0000] {override.py:1901} INFO - Created Permission View: can edit on DAG:example_setup_teardown
[2025-05-03T07:38:39.533+0000] {logging_mixin.py:190} INFO - [2025-05-03T07:38:39.532+0000] {override.py:1901} INFO - Created Permission View: can read on DAG Run:example_setup_teardown
[2025-05-03T07:38:39.543+0000] {logging_mixin.py:190} INFO - [2025-05-03T07:38:39.542+0000] {override.py:1901} INFO - Created Permission View: can create on DAG Run:example_setup_teardown
[2025-05-03T07:38:39.553+0000] {logging_mixin.py:190} INFO - [2025-05-03T07:38:39.553+0000] {override.py:1901} INFO - Created Permission View: can delete on DAG Run:example_setup_teardown
[2025-05-03T07:38:39.565+0000] {logging_mixin.py:190} INFO - [2025-05-03T07:38:39.564+0000] {override.py:1901} INFO - Created Permission View: menu access on DAG Run:example_setup_teardown
[2025-05-03T07:38:39.566+0000] {logging_mixin.py:190} INFO - [2025-05-03T07:38:39.565+0000] {dag.py:3239} INFO - Sync 1 DAGs
[2025-05-03T07:38:39.583+0000] {logging_mixin.py:190} INFO - [2025-05-03T07:38:39.583+0000] {dag.py:3262} INFO - Creating ORM DAG for example_setup_teardown
[2025-05-03T07:38:39.585+0000] {logging_mixin.py:190} INFO - [2025-05-03T07:38:39.584+0000] {dag.py:4180} INFO - Setting next_dagrun for example_setup_teardown to None, run_after=None
[2025-05-03T07:38:39.610+0000] {processor.py:208} INFO - Processing /home/airflow/.local/lib/python3.8/site-packages/airflow/example_dags/example_setup_teardown.py took 0.425 seconds
[2025-05-03T07:39:10.085+0000] {processor.py:186} INFO - Started process (PID=180) to work on /home/airflow/.local/lib/python3.8/site-packages/airflow/example_dags/example_setup_teardown.py
[2025-05-03T07:39:10.088+0000] {processor.py:914} INFO - Processing file /home/airflow/.local/lib/python3.8/site-packages/airflow/example_dags/example_setup_teardown.py for tasks to queue
[2025-05-03T07:39:10.092+0000] {logging_mixin.py:190} INFO - [2025-05-03T07:39:10.092+0000] {dagbag.py:588} INFO - Filling up the DagBag from /home/airflow/.local/lib/python3.8/site-packages/airflow/example_dags/example_setup_teardown.py
[2025-05-03T07:39:10.108+0000] {processor.py:925} INFO - DAG(s) 'example_setup_teardown' retrieved from /home/airflow/.local/lib/python3.8/site-packages/airflow/example_dags/example_setup_teardown.py
[2025-05-03T07:39:10.147+0000] {logging_mixin.py:190} INFO - [2025-05-03T07:39:10.147+0000] {dag.py:3239} INFO - Sync 1 DAGs
[2025-05-03T07:39:10.174+0000] {logging_mixin.py:190} INFO - [2025-05-03T07:39:10.173+0000] {dag.py:4180} INFO - Setting next_dagrun for example_setup_teardown to None, run_after=None
[2025-05-03T07:39:10.242+0000] {processor.py:208} INFO - Processing /home/airflow/.local/lib/python3.8/site-packages/airflow/example_dags/example_setup_teardown.py took 0.167 seconds
[2025-05-03T07:40:29.189+0000] {processor.py:186} INFO - Started process (PID=105) to work on /home/airflow/.local/lib/python3.8/site-packages/airflow/example_dags/example_setup_teardown.py
[2025-05-03T07:40:29.190+0000] {processor.py:914} INFO - Processing file /home/airflow/.local/lib/python3.8/site-packages/airflow/example_dags/example_setup_teardown.py for tasks to queue
[2025-05-03T07:40:29.193+0000] {logging_mixin.py:190} INFO - [2025-05-03T07:40:29.193+0000] {dagbag.py:588} INFO - Filling up the DagBag from /home/airflow/.local/lib/python3.8/site-packages/airflow/example_dags/example_setup_teardown.py
[2025-05-03T07:40:29.205+0000] {processor.py:925} INFO - DAG(s) 'example_setup_teardown' retrieved from /home/airflow/.local/lib/python3.8/site-packages/airflow/example_dags/example_setup_teardown.py
[2025-05-03T07:40:29.232+0000] {logging_mixin.py:190} INFO - [2025-05-03T07:40:29.232+0000] {dag.py:3239} INFO - Sync 1 DAGs
[2025-05-03T07:40:29.251+0000] {logging_mixin.py:190} INFO - [2025-05-03T07:40:29.250+0000] {dag.py:4180} INFO - Setting next_dagrun for example_setup_teardown to None, run_after=None
[2025-05-03T07:40:29.274+0000] {processor.py:208} INFO - Processing /home/airflow/.local/lib/python3.8/site-packages/airflow/example_dags/example_setup_teardown.py took 0.092 seconds
[2025-05-03T07:40:59.901+0000] {processor.py:186} INFO - Started process (PID=168) to work on /home/airflow/.local/lib/python3.8/site-packages/airflow/example_dags/example_setup_teardown.py
[2025-05-03T07:40:59.902+0000] {processor.py:914} INFO - Processing file /home/airflow/.local/lib/python3.8/site-packages/airflow/example_dags/example_setup_teardown.py for tasks to queue
[2025-05-03T07:40:59.906+0000] {logging_mixin.py:190} INFO - [2025-05-03T07:40:59.906+0000] {dagbag.py:588} INFO - Filling up the DagBag from /home/airflow/.local/lib/python3.8/site-packages/airflow/example_dags/example_setup_teardown.py
[2025-05-03T07:40:59.919+0000] {processor.py:925} INFO - DAG(s) 'example_setup_teardown' retrieved from /home/airflow/.local/lib/python3.8/site-packages/airflow/example_dags/example_setup_teardown.py
[2025-05-03T07:40:59.953+0000] {logging_mixin.py:190} INFO - [2025-05-03T07:40:59.952+0000] {dag.py:3239} INFO - Sync 1 DAGs
[2025-05-03T07:40:59.978+0000] {logging_mixin.py:190} INFO - [2025-05-03T07:40:59.977+0000] {dag.py:4180} INFO - Setting next_dagrun for example_setup_teardown to None, run_after=None
[2025-05-03T07:41:00.006+0000] {processor.py:208} INFO - Processing /home/airflow/.local/lib/python3.8/site-packages/airflow/example_dags/example_setup_teardown.py took 0.113 seconds
