[2025-05-03T07:38:37.319+0000] {processor.py:186} INFO - Started process (PID=110) to work on /home/airflow/.local/lib/python3.8/site-packages/airflow/example_dags/example_workday_timetable.py
[2025-05-03T07:38:37.321+0000] {processor.py:914} INFO - Processing file /home/airflow/.local/lib/python3.8/site-packages/airflow/example_dags/example_workday_timetable.py for tasks to queue
[2025-05-03T07:38:37.324+0000] {logging_mixin.py:190} INFO - [2025-05-03T07:38:37.324+0000] {dagbag.py:588} INFO - Filling up the DagBag from /home/airflow/.local/lib/python3.8/site-packages/airflow/example_dags/example_workday_timetable.py
[2025-05-03T07:38:37.334+0000] {processor.py:925} INFO - DAG(s) 'example_workday_timetable' retrieved from /home/airflow/.local/lib/python3.8/site-packages/airflow/example_dags/example_workday_timetable.py
[2025-05-03T07:38:37.465+0000] {logging_mixin.py:190} INFO - [2025-05-03T07:38:37.464+0000] {override.py:1901} INFO - Created Permission View: can read on DAG:example_workday_timetable
[2025-05-03T07:38:37.479+0000] {logging_mixin.py:190} INFO - [2025-05-03T07:38:37.479+0000] {override.py:1901} INFO - Created Permission View: can delete on DAG:example_workday_timetable
[2025-05-03T07:38:37.488+0000] {logging_mixin.py:190} INFO - [2025-05-03T07:38:37.488+0000] {override.py:1901} INFO - Created Permission View: can edit on DAG:example_workday_timetable
[2025-05-03T07:38:37.499+0000] {logging_mixin.py:190} INFO - [2025-05-03T07:38:37.499+0000] {override.py:1901} INFO - Created Permission View: can read on DAG Run:example_workday_timetable
[2025-05-03T07:38:37.510+0000] {logging_mixin.py:190} INFO - [2025-05-03T07:38:37.509+0000] {override.py:1901} INFO - Created Permission View: can create on DAG Run:example_workday_timetable
[2025-05-03T07:38:37.520+0000] {logging_mixin.py:190} INFO - [2025-05-03T07:38:37.520+0000] {override.py:1901} INFO - Created Permission View: can delete on DAG Run:example_workday_timetable
[2025-05-03T07:38:37.531+0000] {logging_mixin.py:190} INFO - [2025-05-03T07:38:37.530+0000] {override.py:1901} INFO - Created Permission View: menu access on DAG Run:example_workday_timetable
[2025-05-03T07:38:37.532+0000] {logging_mixin.py:190} INFO - [2025-05-03T07:38:37.532+0000] {dag.py:3239} INFO - Sync 1 DAGs
[2025-05-03T07:38:37.552+0000] {logging_mixin.py:190} INFO - [2025-05-03T07:38:37.552+0000] {dag.py:3262} INFO - Creating ORM DAG for example_workday_timetable
[2025-05-03T07:38:37.637+0000] {logging_mixin.py:190} INFO - [2025-05-03T07:38:37.637+0000] {dag.py:4180} INFO - Setting next_dagrun for example_workday_timetable to 2021-01-04 00:00:00+00:00, run_after=2021-01-05 00:00:00+00:00
[2025-05-03T07:38:37.666+0000] {processor.py:208} INFO - Processing /home/airflow/.local/lib/python3.8/site-packages/airflow/example_dags/example_workday_timetable.py took 0.356 seconds
[2025-05-03T07:39:08.467+0000] {processor.py:186} INFO - Started process (PID=173) to work on /home/airflow/.local/lib/python3.8/site-packages/airflow/example_dags/example_workday_timetable.py
[2025-05-03T07:39:08.469+0000] {processor.py:914} INFO - Processing file /home/airflow/.local/lib/python3.8/site-packages/airflow/example_dags/example_workday_timetable.py for tasks to queue
[2025-05-03T07:39:08.472+0000] {logging_mixin.py:190} INFO - [2025-05-03T07:39:08.471+0000] {dagbag.py:588} INFO - Filling up the DagBag from /home/airflow/.local/lib/python3.8/site-packages/airflow/example_dags/example_workday_timetable.py
[2025-05-03T07:39:08.480+0000] {processor.py:925} INFO - DAG(s) 'example_workday_timetable' retrieved from /home/airflow/.local/lib/python3.8/site-packages/airflow/example_dags/example_workday_timetable.py
[2025-05-03T07:39:08.509+0000] {logging_mixin.py:190} INFO - [2025-05-03T07:39:08.509+0000] {dag.py:3239} INFO - Sync 1 DAGs
[2025-05-03T07:39:08.604+0000] {logging_mixin.py:190} INFO - [2025-05-03T07:39:08.603+0000] {dag.py:4180} INFO - Setting next_dagrun for example_workday_timetable to 2021-01-04 00:00:00+00:00, run_after=2021-01-05 00:00:00+00:00
[2025-05-03T07:39:08.634+0000] {processor.py:208} INFO - Processing /home/airflow/.local/lib/python3.8/site-packages/airflow/example_dags/example_workday_timetable.py took 0.175 seconds
[2025-05-03T07:40:28.513+0000] {processor.py:186} INFO - Started process (PID=98) to work on /home/airflow/.local/lib/python3.8/site-packages/airflow/example_dags/example_workday_timetable.py
[2025-05-03T07:40:28.514+0000] {processor.py:914} INFO - Processing file /home/airflow/.local/lib/python3.8/site-packages/airflow/example_dags/example_workday_timetable.py for tasks to queue
[2025-05-03T07:40:28.517+0000] {logging_mixin.py:190} INFO - [2025-05-03T07:40:28.517+0000] {dagbag.py:588} INFO - Filling up the DagBag from /home/airflow/.local/lib/python3.8/site-packages/airflow/example_dags/example_workday_timetable.py
[2025-05-03T07:40:28.525+0000] {processor.py:925} INFO - DAG(s) 'example_workday_timetable' retrieved from /home/airflow/.local/lib/python3.8/site-packages/airflow/example_dags/example_workday_timetable.py
[2025-05-03T07:40:28.553+0000] {logging_mixin.py:190} INFO - [2025-05-03T07:40:28.553+0000] {dag.py:3239} INFO - Sync 1 DAGs
[2025-05-03T07:40:28.636+0000] {logging_mixin.py:190} INFO - [2025-05-03T07:40:28.635+0000] {dag.py:4180} INFO - Setting next_dagrun for example_workday_timetable to 2021-01-04 00:00:00+00:00, run_after=2021-01-05 00:00:00+00:00
[2025-05-03T07:40:28.660+0000] {processor.py:208} INFO - Processing /home/airflow/.local/lib/python3.8/site-packages/airflow/example_dags/example_workday_timetable.py took 0.155 seconds
[2025-05-03T07:40:59.103+0000] {processor.py:186} INFO - Started process (PID=161) to work on /home/airflow/.local/lib/python3.8/site-packages/airflow/example_dags/example_workday_timetable.py
[2025-05-03T07:40:59.105+0000] {processor.py:914} INFO - Processing file /home/airflow/.local/lib/python3.8/site-packages/airflow/example_dags/example_workday_timetable.py for tasks to queue
[2025-05-03T07:40:59.108+0000] {logging_mixin.py:190} INFO - [2025-05-03T07:40:59.107+0000] {dagbag.py:588} INFO - Filling up the DagBag from /home/airflow/.local/lib/python3.8/site-packages/airflow/example_dags/example_workday_timetable.py
[2025-05-03T07:40:59.116+0000] {processor.py:925} INFO - DAG(s) 'example_workday_timetable' retrieved from /home/airflow/.local/lib/python3.8/site-packages/airflow/example_dags/example_workday_timetable.py
[2025-05-03T07:40:59.146+0000] {logging_mixin.py:190} INFO - [2025-05-03T07:40:59.146+0000] {dag.py:3239} INFO - Sync 1 DAGs
[2025-05-03T07:40:59.252+0000] {logging_mixin.py:190} INFO - [2025-05-03T07:40:59.252+0000] {dag.py:4180} INFO - Setting next_dagrun for example_workday_timetable to 2021-01-04 00:00:00+00:00, run_after=2021-01-05 00:00:00+00:00
[2025-05-03T07:40:59.279+0000] {processor.py:208} INFO - Processing /home/airflow/.local/lib/python3.8/site-packages/airflow/example_dags/example_workday_timetable.py took 0.183 seconds
