[2025-05-03T07:38:32.204+0000] {processor.py:186} INFO - Started process (PID=81) to work on /home/airflow/.local/lib/python3.8/site-packages/airflow/example_dags/example_outlet_event_extra.py
[2025-05-03T07:38:32.205+0000] {processor.py:914} INFO - Processing file /home/airflow/.local/lib/python3.8/site-packages/airflow/example_dags/example_outlet_event_extra.py for tasks to queue
[2025-05-03T07:38:32.208+0000] {logging_mixin.py:190} INFO - [2025-05-03T07:38:32.208+0000] {dagbag.py:588} INFO - Filling up the DagBag from /home/airflow/.local/lib/python3.8/site-packages/airflow/example_dags/example_outlet_event_extra.py
[2025-05-03T07:38:32.780+0000] {processor.py:925} INFO - DAG(s) 'dataset_with_extra_by_yield', 'dataset_with_extra_by_context', 'dataset_with_extra_from_classic_operator' retrieved from /home/airflow/.local/lib/python3.8/site-packages/airflow/example_dags/example_outlet_event_extra.py
[2025-05-03T07:38:32.924+0000] {logging_mixin.py:190} INFO - [2025-05-03T07:38:32.923+0000] {override.py:1901} INFO - Created Permission View: can read on DAG:dataset_with_extra_by_yield
[2025-05-03T07:38:32.939+0000] {logging_mixin.py:190} INFO - [2025-05-03T07:38:32.938+0000] {override.py:1901} INFO - Created Permission View: can delete on DAG:dataset_with_extra_by_yield
[2025-05-03T07:38:32.949+0000] {logging_mixin.py:190} INFO - [2025-05-03T07:38:32.949+0000] {override.py:1901} INFO - Created Permission View: can edit on DAG:dataset_with_extra_by_yield
[2025-05-03T07:38:32.967+0000] {logging_mixin.py:190} INFO - [2025-05-03T07:38:32.964+0000] {override.py:1901} INFO - Created Permission View: can read on DAG Run:dataset_with_extra_by_yield
[2025-05-03T07:38:32.996+0000] {logging_mixin.py:190} INFO - [2025-05-03T07:38:32.994+0000] {override.py:1901} INFO - Created Permission View: can create on DAG Run:dataset_with_extra_by_yield
[2025-05-03T07:38:33.017+0000] {logging_mixin.py:190} INFO - [2025-05-03T07:38:33.017+0000] {override.py:1901} INFO - Created Permission View: can delete on DAG Run:dataset_with_extra_by_yield
[2025-05-03T07:38:33.031+0000] {logging_mixin.py:190} INFO - [2025-05-03T07:38:33.031+0000] {override.py:1901} INFO - Created Permission View: menu access on DAG Run:dataset_with_extra_by_yield
[2025-05-03T07:38:33.061+0000] {logging_mixin.py:190} INFO - [2025-05-03T07:38:33.060+0000] {override.py:1901} INFO - Created Permission View: can read on DAG:dataset_with_extra_by_context
[2025-05-03T07:38:33.074+0000] {logging_mixin.py:190} INFO - [2025-05-03T07:38:33.074+0000] {override.py:1901} INFO - Created Permission View: can delete on DAG:dataset_with_extra_by_context
[2025-05-03T07:38:33.094+0000] {logging_mixin.py:190} INFO - [2025-05-03T07:38:33.093+0000] {override.py:1901} INFO - Created Permission View: can edit on DAG:dataset_with_extra_by_context
[2025-05-03T07:38:33.108+0000] {logging_mixin.py:190} INFO - [2025-05-03T07:38:33.108+0000] {override.py:1901} INFO - Created Permission View: can read on DAG Run:dataset_with_extra_by_context
[2025-05-03T07:38:33.122+0000] {logging_mixin.py:190} INFO - [2025-05-03T07:38:33.122+0000] {override.py:1901} INFO - Created Permission View: can create on DAG Run:dataset_with_extra_by_context
[2025-05-03T07:38:33.137+0000] {logging_mixin.py:190} INFO - [2025-05-03T07:38:33.137+0000] {override.py:1901} INFO - Created Permission View: can delete on DAG Run:dataset_with_extra_by_context
[2025-05-03T07:38:33.150+0000] {logging_mixin.py:190} INFO - [2025-05-03T07:38:33.149+0000] {override.py:1901} INFO - Created Permission View: menu access on DAG Run:dataset_with_extra_by_context
[2025-05-03T07:38:33.172+0000] {logging_mixin.py:190} INFO - [2025-05-03T07:38:33.172+0000] {override.py:1901} INFO - Created Permission View: can read on DAG:dataset_with_extra_from_classic_operator
[2025-05-03T07:38:33.185+0000] {logging_mixin.py:190} INFO - [2025-05-03T07:38:33.185+0000] {override.py:1901} INFO - Created Permission View: can delete on DAG:dataset_with_extra_from_classic_operator
[2025-05-03T07:38:33.197+0000] {logging_mixin.py:190} INFO - [2025-05-03T07:38:33.197+0000] {override.py:1901} INFO - Created Permission View: can edit on DAG:dataset_with_extra_from_classic_operator
[2025-05-03T07:38:33.211+0000] {logging_mixin.py:190} INFO - [2025-05-03T07:38:33.210+0000] {override.py:1901} INFO - Created Permission View: can read on DAG Run:dataset_with_extra_from_classic_operator
[2025-05-03T07:38:33.222+0000] {logging_mixin.py:190} INFO - [2025-05-03T07:38:33.221+0000] {override.py:1901} INFO - Created Permission View: can create on DAG Run:dataset_with_extra_from_classic_operator
[2025-05-03T07:38:33.234+0000] {logging_mixin.py:190} INFO - [2025-05-03T07:38:33.234+0000] {override.py:1901} INFO - Created Permission View: can delete on DAG Run:dataset_with_extra_from_classic_operator
[2025-05-03T07:38:33.249+0000] {logging_mixin.py:190} INFO - [2025-05-03T07:38:33.249+0000] {override.py:1901} INFO - Created Permission View: menu access on DAG Run:dataset_with_extra_from_classic_operator
[2025-05-03T07:38:33.250+0000] {logging_mixin.py:190} INFO - [2025-05-03T07:38:33.250+0000] {dag.py:3239} INFO - Sync 3 DAGs
[2025-05-03T07:38:33.269+0000] {logging_mixin.py:190} INFO - [2025-05-03T07:38:33.269+0000] {dag.py:3262} INFO - Creating ORM DAG for dataset_with_extra_by_yield
[2025-05-03T07:38:33.270+0000] {logging_mixin.py:190} INFO - [2025-05-03T07:38:33.270+0000] {dag.py:3262} INFO - Creating ORM DAG for dataset_with_extra_by_context
[2025-05-03T07:38:33.272+0000] {logging_mixin.py:190} INFO - [2025-05-03T07:38:33.272+0000] {dag.py:3262} INFO - Creating ORM DAG for dataset_with_extra_from_classic_operator
[2025-05-03T07:38:33.290+0000] {logging_mixin.py:190} INFO - [2025-05-03T07:38:33.289+0000] {dag.py:4180} INFO - Setting next_dagrun for dataset_with_extra_by_context to 2025-05-02 00:00:00+00:00, run_after=2025-05-03 00:00:00+00:00
[2025-05-03T07:38:33.293+0000] {logging_mixin.py:190} INFO - [2025-05-03T07:38:33.293+0000] {dag.py:4180} INFO - Setting next_dagrun for dataset_with_extra_by_yield to 2025-05-02 00:00:00+00:00, run_after=2025-05-03 00:00:00+00:00
[2025-05-03T07:38:33.297+0000] {logging_mixin.py:190} INFO - [2025-05-03T07:38:33.296+0000] {dag.py:4180} INFO - Setting next_dagrun for dataset_with_extra_from_classic_operator to 2025-05-02 00:00:00+00:00, run_after=2025-05-03 00:00:00+00:00
[2025-05-03T07:38:33.339+0000] {processor.py:208} INFO - Processing /home/airflow/.local/lib/python3.8/site-packages/airflow/example_dags/example_outlet_event_extra.py took 1.144 seconds
[2025-05-03T07:39:04.151+0000] {processor.py:186} INFO - Started process (PID=146) to work on /home/airflow/.local/lib/python3.8/site-packages/airflow/example_dags/example_outlet_event_extra.py
[2025-05-03T07:39:04.152+0000] {processor.py:914} INFO - Processing file /home/airflow/.local/lib/python3.8/site-packages/airflow/example_dags/example_outlet_event_extra.py for tasks to queue
[2025-05-03T07:39:04.155+0000] {logging_mixin.py:190} INFO - [2025-05-03T07:39:04.155+0000] {dagbag.py:588} INFO - Filling up the DagBag from /home/airflow/.local/lib/python3.8/site-packages/airflow/example_dags/example_outlet_event_extra.py
[2025-05-03T07:39:04.341+0000] {processor.py:925} INFO - DAG(s) 'dataset_with_extra_by_yield', 'dataset_with_extra_from_classic_operator', 'dataset_with_extra_by_context' retrieved from /home/airflow/.local/lib/python3.8/site-packages/airflow/example_dags/example_outlet_event_extra.py
[2025-05-03T07:39:04.378+0000] {logging_mixin.py:190} INFO - [2025-05-03T07:39:04.378+0000] {dag.py:3239} INFO - Sync 3 DAGs
[2025-05-03T07:39:04.413+0000] {logging_mixin.py:190} INFO - [2025-05-03T07:39:04.413+0000] {dag.py:4180} INFO - Setting next_dagrun for dataset_with_extra_by_context to 2025-05-02 00:00:00+00:00, run_after=2025-05-03 00:00:00+00:00
[2025-05-03T07:39:04.420+0000] {logging_mixin.py:190} INFO - [2025-05-03T07:39:04.420+0000] {dag.py:4180} INFO - Setting next_dagrun for dataset_with_extra_by_yield to 2025-05-02 00:00:00+00:00, run_after=2025-05-03 00:00:00+00:00
[2025-05-03T07:39:04.425+0000] {logging_mixin.py:190} INFO - [2025-05-03T07:39:04.425+0000] {dag.py:4180} INFO - Setting next_dagrun for dataset_with_extra_from_classic_operator to 2025-05-02 00:00:00+00:00, run_after=2025-05-03 00:00:00+00:00
[2025-05-03T07:39:04.454+0000] {processor.py:208} INFO - Processing /home/airflow/.local/lib/python3.8/site-packages/airflow/example_dags/example_outlet_event_extra.py took 0.311 seconds
[2025-05-03T07:40:26.089+0000] {processor.py:186} INFO - Started process (PID=69) to work on /home/airflow/.local/lib/python3.8/site-packages/airflow/example_dags/example_outlet_event_extra.py
[2025-05-03T07:40:26.091+0000] {processor.py:914} INFO - Processing file /home/airflow/.local/lib/python3.8/site-packages/airflow/example_dags/example_outlet_event_extra.py for tasks to queue
[2025-05-03T07:40:26.094+0000] {logging_mixin.py:190} INFO - [2025-05-03T07:40:26.094+0000] {dagbag.py:588} INFO - Filling up the DagBag from /home/airflow/.local/lib/python3.8/site-packages/airflow/example_dags/example_outlet_event_extra.py
[2025-05-03T07:40:26.276+0000] {processor.py:925} INFO - DAG(s) 'dataset_with_extra_by_yield', 'dataset_with_extra_from_classic_operator', 'dataset_with_extra_by_context' retrieved from /home/airflow/.local/lib/python3.8/site-packages/airflow/example_dags/example_outlet_event_extra.py
[2025-05-03T07:40:26.315+0000] {logging_mixin.py:190} INFO - [2025-05-03T07:40:26.315+0000] {dag.py:3239} INFO - Sync 3 DAGs
[2025-05-03T07:40:26.356+0000] {logging_mixin.py:190} INFO - [2025-05-03T07:40:26.356+0000] {dag.py:4180} INFO - Setting next_dagrun for dataset_with_extra_by_context to 2025-05-02 00:00:00+00:00, run_after=2025-05-03 00:00:00+00:00
[2025-05-03T07:40:26.364+0000] {logging_mixin.py:190} INFO - [2025-05-03T07:40:26.364+0000] {dag.py:4180} INFO - Setting next_dagrun for dataset_with_extra_by_yield to 2025-05-02 00:00:00+00:00, run_after=2025-05-03 00:00:00+00:00
[2025-05-03T07:40:26.370+0000] {logging_mixin.py:190} INFO - [2025-05-03T07:40:26.370+0000] {dag.py:4180} INFO - Setting next_dagrun for dataset_with_extra_from_classic_operator to 2025-05-02 00:00:00+00:00, run_after=2025-05-03 00:00:00+00:00
[2025-05-03T07:40:26.402+0000] {processor.py:208} INFO - Processing /home/airflow/.local/lib/python3.8/site-packages/airflow/example_dags/example_outlet_event_extra.py took 0.321 seconds
[2025-05-03T07:40:56.543+0000] {processor.py:186} INFO - Started process (PID=133) to work on /home/airflow/.local/lib/python3.8/site-packages/airflow/example_dags/example_outlet_event_extra.py
[2025-05-03T07:40:56.545+0000] {processor.py:914} INFO - Processing file /home/airflow/.local/lib/python3.8/site-packages/airflow/example_dags/example_outlet_event_extra.py for tasks to queue
[2025-05-03T07:40:56.548+0000] {logging_mixin.py:190} INFO - [2025-05-03T07:40:56.547+0000] {dagbag.py:588} INFO - Filling up the DagBag from /home/airflow/.local/lib/python3.8/site-packages/airflow/example_dags/example_outlet_event_extra.py
[2025-05-03T07:40:56.730+0000] {processor.py:925} INFO - DAG(s) 'dataset_with_extra_by_yield', 'dataset_with_extra_from_classic_operator', 'dataset_with_extra_by_context' retrieved from /home/airflow/.local/lib/python3.8/site-packages/airflow/example_dags/example_outlet_event_extra.py
[2025-05-03T07:40:56.775+0000] {logging_mixin.py:190} INFO - [2025-05-03T07:40:56.775+0000] {dag.py:3239} INFO - Sync 3 DAGs
[2025-05-03T07:40:56.816+0000] {logging_mixin.py:190} INFO - [2025-05-03T07:40:56.816+0000] {dag.py:4180} INFO - Setting next_dagrun for dataset_with_extra_by_context to 2025-05-02 00:00:00+00:00, run_after=2025-05-03 00:00:00+00:00
[2025-05-03T07:40:56.825+0000] {logging_mixin.py:190} INFO - [2025-05-03T07:40:56.825+0000] {dag.py:4180} INFO - Setting next_dagrun for dataset_with_extra_by_yield to 2025-05-02 00:00:00+00:00, run_after=2025-05-03 00:00:00+00:00
[2025-05-03T07:40:56.830+0000] {logging_mixin.py:190} INFO - [2025-05-03T07:40:56.830+0000] {dag.py:4180} INFO - Setting next_dagrun for dataset_with_extra_from_classic_operator to 2025-05-02 00:00:00+00:00, run_after=2025-05-03 00:00:00+00:00
[2025-05-03T07:40:56.862+0000] {processor.py:208} INFO - Processing /home/airflow/.local/lib/python3.8/site-packages/airflow/example_dags/example_outlet_event_extra.py took 0.327 seconds
[2025-05-03T07:41:27.067+0000] {processor.py:186} INFO - Started process (PID=197) to work on /home/airflow/.local/lib/python3.8/site-packages/airflow/example_dags/example_outlet_event_extra.py
[2025-05-03T07:41:27.069+0000] {processor.py:914} INFO - Processing file /home/airflow/.local/lib/python3.8/site-packages/airflow/example_dags/example_outlet_event_extra.py for tasks to queue
[2025-05-03T07:41:27.074+0000] {logging_mixin.py:190} INFO - [2025-05-03T07:41:27.073+0000] {dagbag.py:588} INFO - Filling up the DagBag from /home/airflow/.local/lib/python3.8/site-packages/airflow/example_dags/example_outlet_event_extra.py
[2025-05-03T07:41:28.816+0000] {logging_mixin.py:190} INFO - [2025-05-03T07:41:28.815+0000] {process_utils.py:266} INFO - Waiting up to 5 seconds for processes to exit...
