[2025-05-03T07:38:36.957+0000] {processor.py:186} INFO - Started process (PID=108) to work on /home/airflow/.local/lib/python3.8/site-packages/airflow/example_dags/example_python_operator.py
[2025-05-03T07:38:36.958+0000] {processor.py:914} INFO - Processing file /home/airflow/.local/lib/python3.8/site-packages/airflow/example_dags/example_python_operator.py for tasks to queue
[2025-05-03T07:38:36.962+0000] {logging_mixin.py:190} INFO - [2025-05-03T07:38:36.962+0000] {dagbag.py:588} INFO - Filling up the DagBag from /home/airflow/.local/lib/python3.8/site-packages/airflow/example_dags/example_python_operator.py
[2025-05-03T07:38:36.982+0000] {processor.py:925} INFO - DAG(s) 'example_python_operator' retrieved from /home/airflow/.local/lib/python3.8/site-packages/airflow/example_dags/example_python_operator.py
[2025-05-03T07:38:37.145+0000] {logging_mixin.py:190} INFO - [2025-05-03T07:38:37.144+0000] {override.py:1901} INFO - Created Permission View: can read on DAG:example_python_operator
[2025-05-03T07:38:37.160+0000] {logging_mixin.py:190} INFO - [2025-05-03T07:38:37.159+0000] {override.py:1901} INFO - Created Permission View: can delete on DAG:example_python_operator
[2025-05-03T07:38:37.172+0000] {logging_mixin.py:190} INFO - [2025-05-03T07:38:37.171+0000] {override.py:1901} INFO - Created Permission View: can edit on DAG:example_python_operator
[2025-05-03T07:38:37.187+0000] {logging_mixin.py:190} INFO - [2025-05-03T07:38:37.186+0000] {override.py:1901} INFO - Created Permission View: can read on DAG Run:example_python_operator
[2025-05-03T07:38:37.198+0000] {logging_mixin.py:190} INFO - [2025-05-03T07:38:37.198+0000] {override.py:1901} INFO - Created Permission View: can create on DAG Run:example_python_operator
[2025-05-03T07:38:37.209+0000] {logging_mixin.py:190} INFO - [2025-05-03T07:38:37.209+0000] {override.py:1901} INFO - Created Permission View: can delete on DAG Run:example_python_operator
[2025-05-03T07:38:37.221+0000] {logging_mixin.py:190} INFO - [2025-05-03T07:38:37.221+0000] {override.py:1901} INFO - Created Permission View: menu access on DAG Run:example_python_operator
[2025-05-03T07:38:37.222+0000] {logging_mixin.py:190} INFO - [2025-05-03T07:38:37.222+0000] {dag.py:3239} INFO - Sync 1 DAGs
[2025-05-03T07:38:37.242+0000] {logging_mixin.py:190} INFO - [2025-05-03T07:38:37.241+0000] {dag.py:3262} INFO - Creating ORM DAG for example_python_operator
[2025-05-03T07:38:37.243+0000] {logging_mixin.py:190} INFO - [2025-05-03T07:38:37.243+0000] {dag.py:4180} INFO - Setting next_dagrun for example_python_operator to None, run_after=None
[2025-05-03T07:38:37.270+0000] {processor.py:208} INFO - Processing /home/airflow/.local/lib/python3.8/site-packages/airflow/example_dags/example_python_operator.py took 0.322 seconds
[2025-05-03T07:39:08.150+0000] {processor.py:186} INFO - Started process (PID=171) to work on /home/airflow/.local/lib/python3.8/site-packages/airflow/example_dags/example_python_operator.py
[2025-05-03T07:39:08.151+0000] {processor.py:914} INFO - Processing file /home/airflow/.local/lib/python3.8/site-packages/airflow/example_dags/example_python_operator.py for tasks to queue
[2025-05-03T07:39:08.154+0000] {logging_mixin.py:190} INFO - [2025-05-03T07:39:08.154+0000] {dagbag.py:588} INFO - Filling up the DagBag from /home/airflow/.local/lib/python3.8/site-packages/airflow/example_dags/example_python_operator.py
[2025-05-03T07:39:08.170+0000] {processor.py:925} INFO - DAG(s) 'example_python_operator' retrieved from /home/airflow/.local/lib/python3.8/site-packages/airflow/example_dags/example_python_operator.py
[2025-05-03T07:39:08.202+0000] {logging_mixin.py:190} INFO - [2025-05-03T07:39:08.201+0000] {dag.py:3239} INFO - Sync 1 DAGs
[2025-05-03T07:39:08.222+0000] {logging_mixin.py:190} INFO - [2025-05-03T07:39:08.221+0000] {dag.py:4180} INFO - Setting next_dagrun for example_python_operator to None, run_after=None
[2025-05-03T07:39:08.249+0000] {processor.py:208} INFO - Processing /home/airflow/.local/lib/python3.8/site-packages/airflow/example_dags/example_python_operator.py took 0.107 seconds
[2025-05-03T07:40:28.316+0000] {processor.py:186} INFO - Started process (PID=96) to work on /home/airflow/.local/lib/python3.8/site-packages/airflow/example_dags/example_python_operator.py
[2025-05-03T07:40:28.318+0000] {processor.py:914} INFO - Processing file /home/airflow/.local/lib/python3.8/site-packages/airflow/example_dags/example_python_operator.py for tasks to queue
[2025-05-03T07:40:28.321+0000] {logging_mixin.py:190} INFO - [2025-05-03T07:40:28.321+0000] {dagbag.py:588} INFO - Filling up the DagBag from /home/airflow/.local/lib/python3.8/site-packages/airflow/example_dags/example_python_operator.py
[2025-05-03T07:40:28.338+0000] {processor.py:925} INFO - DAG(s) 'example_python_operator' retrieved from /home/airflow/.local/lib/python3.8/site-packages/airflow/example_dags/example_python_operator.py
[2025-05-03T07:40:28.501+0000] {logging_mixin.py:190} INFO - [2025-05-03T07:40:28.500+0000] {dag.py:3239} INFO - Sync 1 DAGs
[2025-05-03T07:40:28.518+0000] {logging_mixin.py:190} INFO - [2025-05-03T07:40:28.517+0000] {dag.py:4180} INFO - Setting next_dagrun for example_python_operator to None, run_after=None
[2025-05-03T07:40:28.544+0000] {processor.py:208} INFO - Processing /home/airflow/.local/lib/python3.8/site-packages/airflow/example_dags/example_python_operator.py took 0.236 seconds
[2025-05-03T07:40:58.938+0000] {processor.py:186} INFO - Started process (PID=159) to work on /home/airflow/.local/lib/python3.8/site-packages/airflow/example_dags/example_python_operator.py
[2025-05-03T07:40:58.939+0000] {processor.py:914} INFO - Processing file /home/airflow/.local/lib/python3.8/site-packages/airflow/example_dags/example_python_operator.py for tasks to queue
[2025-05-03T07:40:58.943+0000] {logging_mixin.py:190} INFO - [2025-05-03T07:40:58.943+0000] {dagbag.py:588} INFO - Filling up the DagBag from /home/airflow/.local/lib/python3.8/site-packages/airflow/example_dags/example_python_operator.py
[2025-05-03T07:40:58.964+0000] {processor.py:925} INFO - DAG(s) 'example_python_operator' retrieved from /home/airflow/.local/lib/python3.8/site-packages/airflow/example_dags/example_python_operator.py
[2025-05-03T07:40:59.004+0000] {logging_mixin.py:190} INFO - [2025-05-03T07:40:59.004+0000] {dag.py:3239} INFO - Sync 1 DAGs
[2025-05-03T07:40:59.025+0000] {logging_mixin.py:190} INFO - [2025-05-03T07:40:59.024+0000] {dag.py:4180} INFO - Setting next_dagrun for example_python_operator to None, run_after=None
[2025-05-03T07:40:59.051+0000] {processor.py:208} INFO - Processing /home/airflow/.local/lib/python3.8/site-packages/airflow/example_dags/example_python_operator.py took 0.121 seconds
