[2025-05-03T07:38:35.897+0000] {processor.py:186} INFO - Started process (PID=102) to work on /home/airflow/.local/lib/python3.8/site-packages/airflow/example_dags/example_short_circuit_decorator.py
[2025-05-03T07:38:35.898+0000] {processor.py:914} INFO - Processing file /home/airflow/.local/lib/python3.8/site-packages/airflow/example_dags/example_short_circuit_decorator.py for tasks to queue
[2025-05-03T07:38:35.901+0000] {logging_mixin.py:190} INFO - [2025-05-03T07:38:35.900+0000] {dagbag.py:588} INFO - Filling up the DagBag from /home/airflow/.local/lib/python3.8/site-packages/airflow/example_dags/example_short_circuit_decorator.py
[2025-05-03T07:38:35.915+0000] {processor.py:925} INFO - DAG(s) 'example_short_circuit_decorator' retrieved from /home/airflow/.local/lib/python3.8/site-packages/airflow/example_dags/example_short_circuit_decorator.py
[2025-05-03T07:38:36.072+0000] {logging_mixin.py:190} INFO - [2025-05-03T07:38:36.071+0000] {override.py:1901} INFO - Created Permission View: can read on DAG:example_short_circuit_decorator
[2025-05-03T07:38:36.087+0000] {logging_mixin.py:190} INFO - [2025-05-03T07:38:36.086+0000] {override.py:1901} INFO - Created Permission View: can delete on DAG:example_short_circuit_decorator
[2025-05-03T07:38:36.101+0000] {logging_mixin.py:190} INFO - [2025-05-03T07:38:36.100+0000] {override.py:1901} INFO - Created Permission View: can edit on DAG:example_short_circuit_decorator
[2025-05-03T07:38:36.114+0000] {logging_mixin.py:190} INFO - [2025-05-03T07:38:36.114+0000] {override.py:1901} INFO - Created Permission View: can read on DAG Run:example_short_circuit_decorator
[2025-05-03T07:38:36.126+0000] {logging_mixin.py:190} INFO - [2025-05-03T07:38:36.125+0000] {override.py:1901} INFO - Created Permission View: can create on DAG Run:example_short_circuit_decorator
[2025-05-03T07:38:36.138+0000] {logging_mixin.py:190} INFO - [2025-05-03T07:38:36.137+0000] {override.py:1901} INFO - Created Permission View: can delete on DAG Run:example_short_circuit_decorator
[2025-05-03T07:38:36.150+0000] {logging_mixin.py:190} INFO - [2025-05-03T07:38:36.150+0000] {override.py:1901} INFO - Created Permission View: menu access on DAG Run:example_short_circuit_decorator
[2025-05-03T07:38:36.151+0000] {logging_mixin.py:190} INFO - [2025-05-03T07:38:36.151+0000] {dag.py:3239} INFO - Sync 1 DAGs
[2025-05-03T07:38:36.171+0000] {logging_mixin.py:190} INFO - [2025-05-03T07:38:36.171+0000] {dag.py:3262} INFO - Creating ORM DAG for example_short_circuit_decorator
[2025-05-03T07:38:36.173+0000] {logging_mixin.py:190} INFO - [2025-05-03T07:38:36.172+0000] {dag.py:4180} INFO - Setting next_dagrun for example_short_circuit_decorator to None, run_after=None
[2025-05-03T07:38:36.198+0000] {processor.py:208} INFO - Processing /home/airflow/.local/lib/python3.8/site-packages/airflow/example_dags/example_short_circuit_decorator.py took 0.309 seconds
[2025-05-03T07:39:06.644+0000] {processor.py:186} INFO - Started process (PID=165) to work on /home/airflow/.local/lib/python3.8/site-packages/airflow/example_dags/example_short_circuit_decorator.py
[2025-05-03T07:39:06.646+0000] {processor.py:914} INFO - Processing file /home/airflow/.local/lib/python3.8/site-packages/airflow/example_dags/example_short_circuit_decorator.py for tasks to queue
[2025-05-03T07:39:06.650+0000] {logging_mixin.py:190} INFO - [2025-05-03T07:39:06.649+0000] {dagbag.py:588} INFO - Filling up the DagBag from /home/airflow/.local/lib/python3.8/site-packages/airflow/example_dags/example_short_circuit_decorator.py
[2025-05-03T07:39:06.663+0000] {processor.py:925} INFO - DAG(s) 'example_short_circuit_decorator' retrieved from /home/airflow/.local/lib/python3.8/site-packages/airflow/example_dags/example_short_circuit_decorator.py
[2025-05-03T07:39:06.697+0000] {logging_mixin.py:190} INFO - [2025-05-03T07:39:06.697+0000] {dag.py:3239} INFO - Sync 1 DAGs
[2025-05-03T07:39:06.718+0000] {logging_mixin.py:190} INFO - [2025-05-03T07:39:06.718+0000] {dag.py:4180} INFO - Setting next_dagrun for example_short_circuit_decorator to None, run_after=None
[2025-05-03T07:39:06.744+0000] {processor.py:208} INFO - Processing /home/airflow/.local/lib/python3.8/site-packages/airflow/example_dags/example_short_circuit_decorator.py took 0.109 seconds
[2025-05-03T07:40:27.748+0000] {processor.py:186} INFO - Started process (PID=90) to work on /home/airflow/.local/lib/python3.8/site-packages/airflow/example_dags/example_short_circuit_decorator.py
[2025-05-03T07:40:27.750+0000] {processor.py:914} INFO - Processing file /home/airflow/.local/lib/python3.8/site-packages/airflow/example_dags/example_short_circuit_decorator.py for tasks to queue
[2025-05-03T07:40:27.753+0000] {logging_mixin.py:190} INFO - [2025-05-03T07:40:27.753+0000] {dagbag.py:588} INFO - Filling up the DagBag from /home/airflow/.local/lib/python3.8/site-packages/airflow/example_dags/example_short_circuit_decorator.py
[2025-05-03T07:40:27.769+0000] {processor.py:925} INFO - DAG(s) 'example_short_circuit_decorator' retrieved from /home/airflow/.local/lib/python3.8/site-packages/airflow/example_dags/example_short_circuit_decorator.py
[2025-05-03T07:40:27.804+0000] {logging_mixin.py:190} INFO - [2025-05-03T07:40:27.804+0000] {dag.py:3239} INFO - Sync 1 DAGs
[2025-05-03T07:40:27.826+0000] {logging_mixin.py:190} INFO - [2025-05-03T07:40:27.826+0000] {dag.py:4180} INFO - Setting next_dagrun for example_short_circuit_decorator to None, run_after=None
[2025-05-03T07:40:27.851+0000] {processor.py:208} INFO - Processing /home/airflow/.local/lib/python3.8/site-packages/airflow/example_dags/example_short_circuit_decorator.py took 0.111 seconds
[2025-05-03T07:40:58.285+0000] {processor.py:186} INFO - Started process (PID=153) to work on /home/airflow/.local/lib/python3.8/site-packages/airflow/example_dags/example_short_circuit_decorator.py
[2025-05-03T07:40:58.286+0000] {processor.py:914} INFO - Processing file /home/airflow/.local/lib/python3.8/site-packages/airflow/example_dags/example_short_circuit_decorator.py for tasks to queue
[2025-05-03T07:40:58.291+0000] {logging_mixin.py:190} INFO - [2025-05-03T07:40:58.290+0000] {dagbag.py:588} INFO - Filling up the DagBag from /home/airflow/.local/lib/python3.8/site-packages/airflow/example_dags/example_short_circuit_decorator.py
[2025-05-03T07:40:58.309+0000] {processor.py:925} INFO - DAG(s) 'example_short_circuit_decorator' retrieved from /home/airflow/.local/lib/python3.8/site-packages/airflow/example_dags/example_short_circuit_decorator.py
[2025-05-03T07:40:58.354+0000] {logging_mixin.py:190} INFO - [2025-05-03T07:40:58.353+0000] {dag.py:3239} INFO - Sync 1 DAGs
[2025-05-03T07:40:58.378+0000] {logging_mixin.py:190} INFO - [2025-05-03T07:40:58.377+0000] {dag.py:4180} INFO - Setting next_dagrun for example_short_circuit_decorator to None, run_after=None
[2025-05-03T07:40:58.410+0000] {processor.py:208} INFO - Processing /home/airflow/.local/lib/python3.8/site-packages/airflow/example_dags/example_short_circuit_decorator.py took 0.134 seconds
