[2025-05-03T07:38:38.034+0000] {processor.py:186} INFO - Started process (PID=113) to work on /home/airflow/.local/lib/python3.8/site-packages/airflow/example_dags/example_branch_labels.py
[2025-05-03T07:38:38.035+0000] {processor.py:914} INFO - Processing file /home/airflow/.local/lib/python3.8/site-packages/airflow/example_dags/example_branch_labels.py for tasks to queue
[2025-05-03T07:38:38.039+0000] {logging_mixin.py:190} INFO - [2025-05-03T07:38:38.039+0000] {dagbag.py:588} INFO - Filling up the DagBag from /home/airflow/.local/lib/python3.8/site-packages/airflow/example_dags/example_branch_labels.py
[2025-05-03T07:38:38.054+0000] {processor.py:925} INFO - DAG(s) 'example_branch_labels' retrieved from /home/airflow/.local/lib/python3.8/site-packages/airflow/example_dags/example_branch_labels.py
[2025-05-03T07:38:38.243+0000] {logging_mixin.py:190} INFO - [2025-05-03T07:38:38.242+0000] {override.py:1901} INFO - Created Permission View: can read on DAG:example_branch_labels
[2025-05-03T07:38:38.261+0000] {logging_mixin.py:190} INFO - [2025-05-03T07:38:38.260+0000] {override.py:1901} INFO - Created Permission View: can delete on DAG:example_branch_labels
[2025-05-03T07:38:38.273+0000] {logging_mixin.py:190} INFO - [2025-05-03T07:38:38.273+0000] {override.py:1901} INFO - Created Permission View: can edit on DAG:example_branch_labels
[2025-05-03T07:38:38.286+0000] {logging_mixin.py:190} INFO - [2025-05-03T07:38:38.286+0000] {override.py:1901} INFO - Created Permission View: can read on DAG Run:example_branch_labels
[2025-05-03T07:38:38.297+0000] {logging_mixin.py:190} INFO - [2025-05-03T07:38:38.297+0000] {override.py:1901} INFO - Created Permission View: can create on DAG Run:example_branch_labels
[2025-05-03T07:38:38.309+0000] {logging_mixin.py:190} INFO - [2025-05-03T07:38:38.308+0000] {override.py:1901} INFO - Created Permission View: can delete on DAG Run:example_branch_labels
[2025-05-03T07:38:38.318+0000] {logging_mixin.py:190} INFO - [2025-05-03T07:38:38.318+0000] {override.py:1901} INFO - Created Permission View: menu access on DAG Run:example_branch_labels
[2025-05-03T07:38:38.319+0000] {logging_mixin.py:190} INFO - [2025-05-03T07:38:38.319+0000] {dag.py:3239} INFO - Sync 1 DAGs
[2025-05-03T07:38:38.338+0000] {logging_mixin.py:190} INFO - [2025-05-03T07:38:38.337+0000] {dag.py:3262} INFO - Creating ORM DAG for example_branch_labels
[2025-05-03T07:38:38.353+0000] {logging_mixin.py:190} INFO - [2025-05-03T07:38:38.353+0000] {dag.py:4180} INFO - Setting next_dagrun for example_branch_labels to 2025-05-02 00:00:00+00:00, run_after=2025-05-03 00:00:00+00:00
[2025-05-03T07:38:38.375+0000] {processor.py:208} INFO - Processing /home/airflow/.local/lib/python3.8/site-packages/airflow/example_dags/example_branch_labels.py took 0.350 seconds
[2025-05-03T07:39:08.680+0000] {processor.py:186} INFO - Started process (PID=176) to work on /home/airflow/.local/lib/python3.8/site-packages/airflow/example_dags/example_branch_labels.py
[2025-05-03T07:39:08.681+0000] {processor.py:914} INFO - Processing file /home/airflow/.local/lib/python3.8/site-packages/airflow/example_dags/example_branch_labels.py for tasks to queue
[2025-05-03T07:39:08.684+0000] {logging_mixin.py:190} INFO - [2025-05-03T07:39:08.684+0000] {dagbag.py:588} INFO - Filling up the DagBag from /home/airflow/.local/lib/python3.8/site-packages/airflow/example_dags/example_branch_labels.py
[2025-05-03T07:39:08.698+0000] {processor.py:925} INFO - DAG(s) 'example_branch_labels' retrieved from /home/airflow/.local/lib/python3.8/site-packages/airflow/example_dags/example_branch_labels.py
[2025-05-03T07:39:08.730+0000] {logging_mixin.py:190} INFO - [2025-05-03T07:39:08.729+0000] {dag.py:3239} INFO - Sync 1 DAGs
[2025-05-03T07:39:08.767+0000] {logging_mixin.py:190} INFO - [2025-05-03T07:39:08.766+0000] {dag.py:4180} INFO - Setting next_dagrun for example_branch_labels to 2025-05-02 00:00:00+00:00, run_after=2025-05-03 00:00:00+00:00
[2025-05-03T07:39:08.795+0000] {processor.py:208} INFO - Processing /home/airflow/.local/lib/python3.8/site-packages/airflow/example_dags/example_branch_labels.py took 0.124 seconds
[2025-05-03T07:40:28.759+0000] {processor.py:186} INFO - Started process (PID=101) to work on /home/airflow/.local/lib/python3.8/site-packages/airflow/example_dags/example_branch_labels.py
[2025-05-03T07:40:28.760+0000] {processor.py:914} INFO - Processing file /home/airflow/.local/lib/python3.8/site-packages/airflow/example_dags/example_branch_labels.py for tasks to queue
[2025-05-03T07:40:28.764+0000] {logging_mixin.py:190} INFO - [2025-05-03T07:40:28.763+0000] {dagbag.py:588} INFO - Filling up the DagBag from /home/airflow/.local/lib/python3.8/site-packages/airflow/example_dags/example_branch_labels.py
[2025-05-03T07:40:28.778+0000] {processor.py:925} INFO - DAG(s) 'example_branch_labels' retrieved from /home/airflow/.local/lib/python3.8/site-packages/airflow/example_dags/example_branch_labels.py
[2025-05-03T07:40:28.809+0000] {logging_mixin.py:190} INFO - [2025-05-03T07:40:28.808+0000] {dag.py:3239} INFO - Sync 1 DAGs
[2025-05-03T07:40:28.841+0000] {logging_mixin.py:190} INFO - [2025-05-03T07:40:28.841+0000] {dag.py:4180} INFO - Setting next_dagrun for example_branch_labels to 2025-05-02 00:00:00+00:00, run_after=2025-05-03 00:00:00+00:00
[2025-05-03T07:40:28.865+0000] {processor.py:208} INFO - Processing /home/airflow/.local/lib/python3.8/site-packages/airflow/example_dags/example_branch_labels.py took 0.114 seconds
[2025-05-03T07:40:59.451+0000] {processor.py:186} INFO - Started process (PID=164) to work on /home/airflow/.local/lib/python3.8/site-packages/airflow/example_dags/example_branch_labels.py
[2025-05-03T07:40:59.452+0000] {processor.py:914} INFO - Processing file /home/airflow/.local/lib/python3.8/site-packages/airflow/example_dags/example_branch_labels.py for tasks to queue
[2025-05-03T07:40:59.456+0000] {logging_mixin.py:190} INFO - [2025-05-03T07:40:59.455+0000] {dagbag.py:588} INFO - Filling up the DagBag from /home/airflow/.local/lib/python3.8/site-packages/airflow/example_dags/example_branch_labels.py
[2025-05-03T07:40:59.468+0000] {processor.py:925} INFO - DAG(s) 'example_branch_labels' retrieved from /home/airflow/.local/lib/python3.8/site-packages/airflow/example_dags/example_branch_labels.py
[2025-05-03T07:40:59.498+0000] {logging_mixin.py:190} INFO - [2025-05-03T07:40:59.498+0000] {dag.py:3239} INFO - Sync 1 DAGs
[2025-05-03T07:40:59.531+0000] {logging_mixin.py:190} INFO - [2025-05-03T07:40:59.530+0000] {dag.py:4180} INFO - Setting next_dagrun for example_branch_labels to 2025-05-02 00:00:00+00:00, run_after=2025-05-03 00:00:00+00:00
[2025-05-03T07:40:59.561+0000] {processor.py:208} INFO - Processing /home/airflow/.local/lib/python3.8/site-packages/airflow/example_dags/example_branch_labels.py took 0.118 seconds
