[2025-05-03T07:38:41.549+0000] {processor.py:186} INFO - Started process (PID=127) to work on /home/airflow/.local/lib/python3.8/site-packages/airflow/example_dags/example_kubernetes_executor.py
[2025-05-03T07:38:41.550+0000] {processor.py:914} INFO - Processing file /home/airflow/.local/lib/python3.8/site-packages/airflow/example_dags/example_kubernetes_executor.py for tasks to queue
[2025-05-03T07:38:41.554+0000] {logging_mixin.py:190} INFO - [2025-05-03T07:38:41.553+0000] {dagbag.py:588} INFO - Filling up the DagBag from /home/airflow/.local/lib/python3.8/site-packages/airflow/example_dags/example_kubernetes_executor.py
[2025-05-03T07:38:41.580+0000] {processor.py:925} INFO - DAG(s) 'example_kubernetes_executor' retrieved from /home/airflow/.local/lib/python3.8/site-packages/airflow/example_dags/example_kubernetes_executor.py
[2025-05-03T07:38:41.743+0000] {logging_mixin.py:190} INFO - [2025-05-03T07:38:41.742+0000] {override.py:1901} INFO - Created Permission View: can read on DAG:example_kubernetes_executor
[2025-05-03T07:38:41.758+0000] {logging_mixin.py:190} INFO - [2025-05-03T07:38:41.757+0000] {override.py:1901} INFO - Created Permission View: can delete on DAG:example_kubernetes_executor
[2025-05-03T07:38:41.767+0000] {logging_mixin.py:190} INFO - [2025-05-03T07:38:41.767+0000] {override.py:1901} INFO - Created Permission View: can edit on DAG:example_kubernetes_executor
[2025-05-03T07:38:41.779+0000] {logging_mixin.py:190} INFO - [2025-05-03T07:38:41.778+0000] {override.py:1901} INFO - Created Permission View: can read on DAG Run:example_kubernetes_executor
[2025-05-03T07:38:41.788+0000] {logging_mixin.py:190} INFO - [2025-05-03T07:38:41.788+0000] {override.py:1901} INFO - Created Permission View: can create on DAG Run:example_kubernetes_executor
[2025-05-03T07:38:41.798+0000] {logging_mixin.py:190} INFO - [2025-05-03T07:38:41.798+0000] {override.py:1901} INFO - Created Permission View: can delete on DAG Run:example_kubernetes_executor
[2025-05-03T07:38:41.808+0000] {logging_mixin.py:190} INFO - [2025-05-03T07:38:41.808+0000] {override.py:1901} INFO - Created Permission View: menu access on DAG Run:example_kubernetes_executor
[2025-05-03T07:38:41.809+0000] {logging_mixin.py:190} INFO - [2025-05-03T07:38:41.809+0000] {dag.py:3239} INFO - Sync 1 DAGs
[2025-05-03T07:38:41.829+0000] {logging_mixin.py:190} INFO - [2025-05-03T07:38:41.828+0000] {dag.py:3262} INFO - Creating ORM DAG for example_kubernetes_executor
[2025-05-03T07:38:41.830+0000] {logging_mixin.py:190} INFO - [2025-05-03T07:38:41.830+0000] {dag.py:4180} INFO - Setting next_dagrun for example_kubernetes_executor to None, run_after=None
[2025-05-03T07:38:41.852+0000] {processor.py:208} INFO - Processing /home/airflow/.local/lib/python3.8/site-packages/airflow/example_dags/example_kubernetes_executor.py took 0.312 seconds
[2025-05-03T07:40:30.066+0000] {processor.py:186} INFO - Started process (PID=115) to work on /home/airflow/.local/lib/python3.8/site-packages/airflow/example_dags/example_kubernetes_executor.py
[2025-05-03T07:40:30.068+0000] {processor.py:914} INFO - Processing file /home/airflow/.local/lib/python3.8/site-packages/airflow/example_dags/example_kubernetes_executor.py for tasks to queue
[2025-05-03T07:40:30.071+0000] {logging_mixin.py:190} INFO - [2025-05-03T07:40:30.070+0000] {dagbag.py:588} INFO - Filling up the DagBag from /home/airflow/.local/lib/python3.8/site-packages/airflow/example_dags/example_kubernetes_executor.py
[2025-05-03T07:40:30.092+0000] {processor.py:925} INFO - DAG(s) 'example_kubernetes_executor' retrieved from /home/airflow/.local/lib/python3.8/site-packages/airflow/example_dags/example_kubernetes_executor.py
[2025-05-03T07:40:30.146+0000] {logging_mixin.py:190} INFO - [2025-05-03T07:40:30.145+0000] {dag.py:3239} INFO - Sync 1 DAGs
[2025-05-03T07:40:30.168+0000] {logging_mixin.py:190} INFO - [2025-05-03T07:40:30.168+0000] {dag.py:4180} INFO - Setting next_dagrun for example_kubernetes_executor to None, run_after=None
[2025-05-03T07:40:30.198+0000] {processor.py:208} INFO - Processing /home/airflow/.local/lib/python3.8/site-packages/airflow/example_dags/example_kubernetes_executor.py took 0.140 seconds
[2025-05-03T07:41:01.281+0000] {processor.py:186} INFO - Started process (PID=178) to work on /home/airflow/.local/lib/python3.8/site-packages/airflow/example_dags/example_kubernetes_executor.py
[2025-05-03T07:41:01.283+0000] {processor.py:914} INFO - Processing file /home/airflow/.local/lib/python3.8/site-packages/airflow/example_dags/example_kubernetes_executor.py for tasks to queue
[2025-05-03T07:41:01.285+0000] {logging_mixin.py:190} INFO - [2025-05-03T07:41:01.285+0000] {dagbag.py:588} INFO - Filling up the DagBag from /home/airflow/.local/lib/python3.8/site-packages/airflow/example_dags/example_kubernetes_executor.py
[2025-05-03T07:41:01.306+0000] {processor.py:925} INFO - DAG(s) 'example_kubernetes_executor' retrieved from /home/airflow/.local/lib/python3.8/site-packages/airflow/example_dags/example_kubernetes_executor.py
[2025-05-03T07:41:01.354+0000] {logging_mixin.py:190} INFO - [2025-05-03T07:41:01.354+0000] {dag.py:3239} INFO - Sync 1 DAGs
[2025-05-03T07:41:01.373+0000] {logging_mixin.py:190} INFO - [2025-05-03T07:41:01.373+0000] {dag.py:4180} INFO - Setting next_dagrun for example_kubernetes_executor to None, run_after=None
[2025-05-03T07:41:01.402+0000] {processor.py:208} INFO - Processing /home/airflow/.local/lib/python3.8/site-packages/airflow/example_dags/example_kubernetes_executor.py took 0.128 seconds
