[2025-05-03T07:38:36.142+0000] {processor.py:186} INFO - Started process (PID=103) to work on /home/airflow/.local/lib/python3.8/site-packages/airflow/example_dags/example_external_task_marker_dag.py
[2025-05-03T07:38:36.144+0000] {processor.py:914} INFO - Processing file /home/airflow/.local/lib/python3.8/site-packages/airflow/example_dags/example_external_task_marker_dag.py for tasks to queue
[2025-05-03T07:38:36.148+0000] {logging_mixin.py:190} INFO - [2025-05-03T07:38:36.147+0000] {dagbag.py:588} INFO - Filling up the DagBag from /home/airflow/.local/lib/python3.8/site-packages/airflow/example_dags/example_external_task_marker_dag.py
[2025-05-03T07:38:36.160+0000] {processor.py:925} INFO - DAG(s) 'example_external_task_marker_child', 'example_external_task_marker_parent' retrieved from /home/airflow/.local/lib/python3.8/site-packages/airflow/example_dags/example_external_task_marker_dag.py
[2025-05-03T07:38:36.300+0000] {logging_mixin.py:190} INFO - [2025-05-03T07:38:36.299+0000] {override.py:1901} INFO - Created Permission View: can read on DAG:example_external_task_marker_child
[2025-05-03T07:38:36.316+0000] {logging_mixin.py:190} INFO - [2025-05-03T07:38:36.315+0000] {override.py:1901} INFO - Created Permission View: can delete on DAG:example_external_task_marker_child
[2025-05-03T07:38:36.328+0000] {logging_mixin.py:190} INFO - [2025-05-03T07:38:36.327+0000] {override.py:1901} INFO - Created Permission View: can edit on DAG:example_external_task_marker_child
[2025-05-03T07:38:36.340+0000] {logging_mixin.py:190} INFO - [2025-05-03T07:38:36.340+0000] {override.py:1901} INFO - Created Permission View: can read on DAG Run:example_external_task_marker_child
[2025-05-03T07:38:36.351+0000] {logging_mixin.py:190} INFO - [2025-05-03T07:38:36.350+0000] {override.py:1901} INFO - Created Permission View: can create on DAG Run:example_external_task_marker_child
[2025-05-03T07:38:36.363+0000] {logging_mixin.py:190} INFO - [2025-05-03T07:38:36.363+0000] {override.py:1901} INFO - Created Permission View: can delete on DAG Run:example_external_task_marker_child
[2025-05-03T07:38:36.377+0000] {logging_mixin.py:190} INFO - [2025-05-03T07:38:36.377+0000] {override.py:1901} INFO - Created Permission View: menu access on DAG Run:example_external_task_marker_child
[2025-05-03T07:38:36.399+0000] {logging_mixin.py:190} INFO - [2025-05-03T07:38:36.398+0000] {override.py:1901} INFO - Created Permission View: can read on DAG:example_external_task_marker_parent
[2025-05-03T07:38:36.412+0000] {logging_mixin.py:190} INFO - [2025-05-03T07:38:36.411+0000] {override.py:1901} INFO - Created Permission View: can delete on DAG:example_external_task_marker_parent
[2025-05-03T07:38:36.423+0000] {logging_mixin.py:190} INFO - [2025-05-03T07:38:36.423+0000] {override.py:1901} INFO - Created Permission View: can edit on DAG:example_external_task_marker_parent
[2025-05-03T07:38:36.437+0000] {logging_mixin.py:190} INFO - [2025-05-03T07:38:36.436+0000] {override.py:1901} INFO - Created Permission View: can read on DAG Run:example_external_task_marker_parent
[2025-05-03T07:38:36.448+0000] {logging_mixin.py:190} INFO - [2025-05-03T07:38:36.448+0000] {override.py:1901} INFO - Created Permission View: can create on DAG Run:example_external_task_marker_parent
[2025-05-03T07:38:36.465+0000] {logging_mixin.py:190} INFO - [2025-05-03T07:38:36.464+0000] {override.py:1901} INFO - Created Permission View: can delete on DAG Run:example_external_task_marker_parent
[2025-05-03T07:38:36.477+0000] {logging_mixin.py:190} INFO - [2025-05-03T07:38:36.476+0000] {override.py:1901} INFO - Created Permission View: menu access on DAG Run:example_external_task_marker_parent
[2025-05-03T07:38:36.477+0000] {logging_mixin.py:190} INFO - [2025-05-03T07:38:36.477+0000] {dag.py:3239} INFO - Sync 2 DAGs
[2025-05-03T07:38:36.496+0000] {logging_mixin.py:190} INFO - [2025-05-03T07:38:36.496+0000] {dag.py:3262} INFO - Creating ORM DAG for example_external_task_marker_child
[2025-05-03T07:38:36.497+0000] {logging_mixin.py:190} INFO - [2025-05-03T07:38:36.497+0000] {dag.py:3262} INFO - Creating ORM DAG for example_external_task_marker_parent
[2025-05-03T07:38:36.499+0000] {logging_mixin.py:190} INFO - [2025-05-03T07:38:36.499+0000] {dag.py:4180} INFO - Setting next_dagrun for example_external_task_marker_child to None, run_after=None
[2025-05-03T07:38:36.500+0000] {logging_mixin.py:190} INFO - [2025-05-03T07:38:36.500+0000] {dag.py:4180} INFO - Setting next_dagrun for example_external_task_marker_parent to None, run_after=None
[2025-05-03T07:38:36.526+0000] {processor.py:208} INFO - Processing /home/airflow/.local/lib/python3.8/site-packages/airflow/example_dags/example_external_task_marker_dag.py took 0.394 seconds
[2025-05-03T07:39:06.645+0000] {processor.py:186} INFO - Started process (PID=166) to work on /home/airflow/.local/lib/python3.8/site-packages/airflow/example_dags/example_external_task_marker_dag.py
[2025-05-03T07:39:06.646+0000] {processor.py:914} INFO - Processing file /home/airflow/.local/lib/python3.8/site-packages/airflow/example_dags/example_external_task_marker_dag.py for tasks to queue
[2025-05-03T07:39:06.650+0000] {logging_mixin.py:190} INFO - [2025-05-03T07:39:06.649+0000] {dagbag.py:588} INFO - Filling up the DagBag from /home/airflow/.local/lib/python3.8/site-packages/airflow/example_dags/example_external_task_marker_dag.py
[2025-05-03T07:39:06.660+0000] {processor.py:925} INFO - DAG(s) 'example_external_task_marker_parent', 'example_external_task_marker_child' retrieved from /home/airflow/.local/lib/python3.8/site-packages/airflow/example_dags/example_external_task_marker_dag.py
[2025-05-03T07:39:06.691+0000] {logging_mixin.py:190} INFO - [2025-05-03T07:39:06.691+0000] {dag.py:3239} INFO - Sync 2 DAGs
[2025-05-03T07:39:06.712+0000] {logging_mixin.py:190} INFO - [2025-05-03T07:39:06.712+0000] {dag.py:4180} INFO - Setting next_dagrun for example_external_task_marker_child to None, run_after=None
[2025-05-03T07:39:06.718+0000] {logging_mixin.py:190} INFO - [2025-05-03T07:39:06.717+0000] {dag.py:4180} INFO - Setting next_dagrun for example_external_task_marker_parent to None, run_after=None
[2025-05-03T07:39:06.743+0000] {processor.py:208} INFO - Processing /home/airflow/.local/lib/python3.8/site-packages/airflow/example_dags/example_external_task_marker_dag.py took 0.107 seconds
[2025-05-03T07:40:27.787+0000] {processor.py:186} INFO - Started process (PID=91) to work on /home/airflow/.local/lib/python3.8/site-packages/airflow/example_dags/example_external_task_marker_dag.py
[2025-05-03T07:40:27.788+0000] {processor.py:914} INFO - Processing file /home/airflow/.local/lib/python3.8/site-packages/airflow/example_dags/example_external_task_marker_dag.py for tasks to queue
[2025-05-03T07:40:27.791+0000] {logging_mixin.py:190} INFO - [2025-05-03T07:40:27.791+0000] {dagbag.py:588} INFO - Filling up the DagBag from /home/airflow/.local/lib/python3.8/site-packages/airflow/example_dags/example_external_task_marker_dag.py
[2025-05-03T07:40:27.800+0000] {processor.py:925} INFO - DAG(s) 'example_external_task_marker_child', 'example_external_task_marker_parent' retrieved from /home/airflow/.local/lib/python3.8/site-packages/airflow/example_dags/example_external_task_marker_dag.py
[2025-05-03T07:40:27.833+0000] {logging_mixin.py:190} INFO - [2025-05-03T07:40:27.832+0000] {dag.py:3239} INFO - Sync 2 DAGs
[2025-05-03T07:40:27.855+0000] {logging_mixin.py:190} INFO - [2025-05-03T07:40:27.855+0000] {dag.py:4180} INFO - Setting next_dagrun for example_external_task_marker_child to None, run_after=None
[2025-05-03T07:40:27.860+0000] {logging_mixin.py:190} INFO - [2025-05-03T07:40:27.860+0000] {dag.py:4180} INFO - Setting next_dagrun for example_external_task_marker_parent to None, run_after=None
[2025-05-03T07:40:27.882+0000] {processor.py:208} INFO - Processing /home/airflow/.local/lib/python3.8/site-packages/airflow/example_dags/example_external_task_marker_dag.py took 0.103 seconds
[2025-05-03T07:40:58.463+0000] {processor.py:186} INFO - Started process (PID=154) to work on /home/airflow/.local/lib/python3.8/site-packages/airflow/example_dags/example_external_task_marker_dag.py
[2025-05-03T07:40:58.464+0000] {processor.py:914} INFO - Processing file /home/airflow/.local/lib/python3.8/site-packages/airflow/example_dags/example_external_task_marker_dag.py for tasks to queue
[2025-05-03T07:40:58.467+0000] {logging_mixin.py:190} INFO - [2025-05-03T07:40:58.467+0000] {dagbag.py:588} INFO - Filling up the DagBag from /home/airflow/.local/lib/python3.8/site-packages/airflow/example_dags/example_external_task_marker_dag.py
[2025-05-03T07:40:58.477+0000] {processor.py:925} INFO - DAG(s) 'example_external_task_marker_parent', 'example_external_task_marker_child' retrieved from /home/airflow/.local/lib/python3.8/site-packages/airflow/example_dags/example_external_task_marker_dag.py
[2025-05-03T07:40:58.511+0000] {logging_mixin.py:190} INFO - [2025-05-03T07:40:58.511+0000] {dag.py:3239} INFO - Sync 2 DAGs
[2025-05-03T07:40:58.532+0000] {logging_mixin.py:190} INFO - [2025-05-03T07:40:58.532+0000] {dag.py:4180} INFO - Setting next_dagrun for example_external_task_marker_child to None, run_after=None
[2025-05-03T07:40:58.537+0000] {logging_mixin.py:190} INFO - [2025-05-03T07:40:58.537+0000] {dag.py:4180} INFO - Setting next_dagrun for example_external_task_marker_parent to None, run_after=None
[2025-05-03T07:40:58.562+0000] {processor.py:208} INFO - Processing /home/airflow/.local/lib/python3.8/site-packages/airflow/example_dags/example_external_task_marker_dag.py took 0.107 seconds
