[2025-05-03T07:38:32.248+0000] {processor.py:186} INFO - Started process (PID=82) to work on /home/airflow/.local/lib/python3.8/site-packages/airflow/example_dags/example_sensors.py
[2025-05-03T07:38:32.250+0000] {processor.py:914} INFO - Processing file /home/airflow/.local/lib/python3.8/site-packages/airflow/example_dags/example_sensors.py for tasks to queue
[2025-05-03T07:38:32.252+0000] {logging_mixin.py:190} INFO - [2025-05-03T07:38:32.252+0000] {dagbag.py:588} INFO - Filling up the DagBag from /home/airflow/.local/lib/python3.8/site-packages/airflow/example_dags/example_sensors.py
[2025-05-03T07:38:32.268+0000] {processor.py:925} INFO - DAG(s) 'example_sensors' retrieved from /home/airflow/.local/lib/python3.8/site-packages/airflow/example_dags/example_sensors.py
[2025-05-03T07:38:32.424+0000] {logging_mixin.py:190} INFO - [2025-05-03T07:38:32.423+0000] {override.py:1901} INFO - Created Permission View: can read on DAG:example_sensors
[2025-05-03T07:38:32.441+0000] {logging_mixin.py:190} INFO - [2025-05-03T07:38:32.440+0000] {override.py:1901} INFO - Created Permission View: can delete on DAG:example_sensors
[2025-05-03T07:38:32.451+0000] {logging_mixin.py:190} INFO - [2025-05-03T07:38:32.451+0000] {override.py:1901} INFO - Created Permission View: can edit on DAG:example_sensors
[2025-05-03T07:38:32.464+0000] {logging_mixin.py:190} INFO - [2025-05-03T07:38:32.464+0000] {override.py:1901} INFO - Created Permission View: can read on DAG Run:example_sensors
[2025-05-03T07:38:32.474+0000] {logging_mixin.py:190} INFO - [2025-05-03T07:38:32.473+0000] {override.py:1901} INFO - Created Permission View: can create on DAG Run:example_sensors
[2025-05-03T07:38:32.484+0000] {logging_mixin.py:190} INFO - [2025-05-03T07:38:32.483+0000] {override.py:1901} INFO - Created Permission View: can delete on DAG Run:example_sensors
[2025-05-03T07:38:32.494+0000] {logging_mixin.py:190} INFO - [2025-05-03T07:38:32.493+0000] {override.py:1901} INFO - Created Permission View: menu access on DAG Run:example_sensors
[2025-05-03T07:38:32.495+0000] {logging_mixin.py:190} INFO - [2025-05-03T07:38:32.495+0000] {dag.py:3239} INFO - Sync 1 DAGs
[2025-05-03T07:38:32.518+0000] {logging_mixin.py:190} INFO - [2025-05-03T07:38:32.517+0000] {dag.py:3262} INFO - Creating ORM DAG for example_sensors
[2025-05-03T07:38:32.519+0000] {logging_mixin.py:190} INFO - [2025-05-03T07:38:32.519+0000] {dag.py:4180} INFO - Setting next_dagrun for example_sensors to None, run_after=None
[2025-05-03T07:38:32.546+0000] {processor.py:208} INFO - Processing /home/airflow/.local/lib/python3.8/site-packages/airflow/example_dags/example_sensors.py took 0.306 seconds
[2025-05-03T07:39:02.950+0000] {processor.py:186} INFO - Started process (PID=144) to work on /home/airflow/.local/lib/python3.8/site-packages/airflow/example_dags/example_sensors.py
[2025-05-03T07:39:02.952+0000] {processor.py:914} INFO - Processing file /home/airflow/.local/lib/python3.8/site-packages/airflow/example_dags/example_sensors.py for tasks to queue
[2025-05-03T07:39:02.956+0000] {logging_mixin.py:190} INFO - [2025-05-03T07:39:02.955+0000] {dagbag.py:588} INFO - Filling up the DagBag from /home/airflow/.local/lib/python3.8/site-packages/airflow/example_dags/example_sensors.py
[2025-05-03T07:39:02.981+0000] {processor.py:925} INFO - DAG(s) 'example_sensors' retrieved from /home/airflow/.local/lib/python3.8/site-packages/airflow/example_dags/example_sensors.py
[2025-05-03T07:39:03.032+0000] {logging_mixin.py:190} INFO - [2025-05-03T07:39:03.032+0000] {dag.py:3239} INFO - Sync 1 DAGs
[2025-05-03T07:39:03.055+0000] {logging_mixin.py:190} INFO - [2025-05-03T07:39:03.055+0000] {dag.py:4180} INFO - Setting next_dagrun for example_sensors to None, run_after=None
[2025-05-03T07:39:03.088+0000] {processor.py:208} INFO - Processing /home/airflow/.local/lib/python3.8/site-packages/airflow/example_dags/example_sensors.py took 0.148 seconds
[2025-05-03T07:40:26.186+0000] {processor.py:186} INFO - Started process (PID=70) to work on /home/airflow/.local/lib/python3.8/site-packages/airflow/example_dags/example_sensors.py
[2025-05-03T07:40:26.188+0000] {processor.py:914} INFO - Processing file /home/airflow/.local/lib/python3.8/site-packages/airflow/example_dags/example_sensors.py for tasks to queue
[2025-05-03T07:40:26.191+0000] {logging_mixin.py:190} INFO - [2025-05-03T07:40:26.191+0000] {dagbag.py:588} INFO - Filling up the DagBag from /home/airflow/.local/lib/python3.8/site-packages/airflow/example_dags/example_sensors.py
[2025-05-03T07:40:26.207+0000] {processor.py:925} INFO - DAG(s) 'example_sensors' retrieved from /home/airflow/.local/lib/python3.8/site-packages/airflow/example_dags/example_sensors.py
[2025-05-03T07:40:26.254+0000] {logging_mixin.py:190} INFO - [2025-05-03T07:40:26.254+0000] {dag.py:3239} INFO - Sync 1 DAGs
[2025-05-03T07:40:26.278+0000] {logging_mixin.py:190} INFO - [2025-05-03T07:40:26.278+0000] {dag.py:4180} INFO - Setting next_dagrun for example_sensors to None, run_after=None
[2025-05-03T07:40:26.306+0000] {processor.py:208} INFO - Processing /home/airflow/.local/lib/python3.8/site-packages/airflow/example_dags/example_sensors.py took 0.128 seconds
[2025-05-03T07:40:56.508+0000] {processor.py:186} INFO - Started process (PID=132) to work on /home/airflow/.local/lib/python3.8/site-packages/airflow/example_dags/example_sensors.py
[2025-05-03T07:40:56.509+0000] {processor.py:914} INFO - Processing file /home/airflow/.local/lib/python3.8/site-packages/airflow/example_dags/example_sensors.py for tasks to queue
[2025-05-03T07:40:56.512+0000] {logging_mixin.py:190} INFO - [2025-05-03T07:40:56.512+0000] {dagbag.py:588} INFO - Filling up the DagBag from /home/airflow/.local/lib/python3.8/site-packages/airflow/example_dags/example_sensors.py
[2025-05-03T07:40:56.528+0000] {processor.py:925} INFO - DAG(s) 'example_sensors' retrieved from /home/airflow/.local/lib/python3.8/site-packages/airflow/example_dags/example_sensors.py
[2025-05-03T07:40:56.569+0000] {logging_mixin.py:190} INFO - [2025-05-03T07:40:56.569+0000] {dag.py:3239} INFO - Sync 1 DAGs
[2025-05-03T07:40:56.591+0000] {logging_mixin.py:190} INFO - [2025-05-03T07:40:56.590+0000] {dag.py:4180} INFO - Setting next_dagrun for example_sensors to None, run_after=None
[2025-05-03T07:40:56.619+0000] {processor.py:208} INFO - Processing /home/airflow/.local/lib/python3.8/site-packages/airflow/example_dags/example_sensors.py took 0.120 seconds
[2025-05-03T07:41:26.810+0000] {processor.py:186} INFO - Started process (PID=195) to work on /home/airflow/.local/lib/python3.8/site-packages/airflow/example_dags/example_sensors.py
[2025-05-03T07:41:26.813+0000] {processor.py:914} INFO - Processing file /home/airflow/.local/lib/python3.8/site-packages/airflow/example_dags/example_sensors.py for tasks to queue
[2025-05-03T07:41:26.819+0000] {logging_mixin.py:190} INFO - [2025-05-03T07:41:26.818+0000] {dagbag.py:588} INFO - Filling up the DagBag from /home/airflow/.local/lib/python3.8/site-packages/airflow/example_dags/example_sensors.py
[2025-05-03T07:41:26.842+0000] {processor.py:925} INFO - DAG(s) 'example_sensors' retrieved from /home/airflow/.local/lib/python3.8/site-packages/airflow/example_dags/example_sensors.py
[2025-05-03T07:41:26.895+0000] {logging_mixin.py:190} INFO - [2025-05-03T07:41:26.894+0000] {dag.py:3239} INFO - Sync 1 DAGs
[2025-05-03T07:41:26.928+0000] {logging_mixin.py:190} INFO - [2025-05-03T07:41:26.927+0000] {dag.py:4180} INFO - Setting next_dagrun for example_sensors to None, run_after=None
[2025-05-03T07:41:26.973+0000] {processor.py:208} INFO - Processing /home/airflow/.local/lib/python3.8/site-packages/airflow/example_dags/example_sensors.py took 0.175 seconds
