[2025-05-03T07:38:37.602+0000] {processor.py:186} INFO - Started process (PID=111) to work on /home/airflow/.local/lib/python3.8/site-packages/airflow/example_dags/example_branch_datetime_operator.py
[2025-05-03T07:38:37.604+0000] {processor.py:914} INFO - Processing file /home/airflow/.local/lib/python3.8/site-packages/airflow/example_dags/example_branch_datetime_operator.py for tasks to queue
[2025-05-03T07:38:37.607+0000] {logging_mixin.py:190} INFO - [2025-05-03T07:38:37.607+0000] {dagbag.py:588} INFO - Filling up the DagBag from /home/airflow/.local/lib/python3.8/site-packages/airflow/example_dags/example_branch_datetime_operator.py
[2025-05-03T07:38:37.624+0000] {processor.py:925} INFO - DAG(s) 'example_branch_datetime_operator_2', 'example_branch_datetime_operator_3', 'example_branch_datetime_operator' retrieved from /home/airflow/.local/lib/python3.8/site-packages/airflow/example_dags/example_branch_datetime_operator.py
[2025-05-03T07:38:37.777+0000] {logging_mixin.py:190} INFO - [2025-05-03T07:38:37.776+0000] {override.py:1901} INFO - Created Permission View: can read on DAG:example_branch_datetime_operator_2
[2025-05-03T07:38:37.794+0000] {logging_mixin.py:190} INFO - [2025-05-03T07:38:37.793+0000] {override.py:1901} INFO - Created Permission View: can delete on DAG:example_branch_datetime_operator_2
[2025-05-03T07:38:37.805+0000] {logging_mixin.py:190} INFO - [2025-05-03T07:38:37.805+0000] {override.py:1901} INFO - Created Permission View: can edit on DAG:example_branch_datetime_operator_2
[2025-05-03T07:38:37.818+0000] {logging_mixin.py:190} INFO - [2025-05-03T07:38:37.818+0000] {override.py:1901} INFO - Created Permission View: can read on DAG Run:example_branch_datetime_operator_2
[2025-05-03T07:38:37.831+0000] {logging_mixin.py:190} INFO - [2025-05-03T07:38:37.830+0000] {override.py:1901} INFO - Created Permission View: can create on DAG Run:example_branch_datetime_operator_2
[2025-05-03T07:38:37.843+0000] {logging_mixin.py:190} INFO - [2025-05-03T07:38:37.843+0000] {override.py:1901} INFO - Created Permission View: can delete on DAG Run:example_branch_datetime_operator_2
[2025-05-03T07:38:37.854+0000] {logging_mixin.py:190} INFO - [2025-05-03T07:38:37.854+0000] {override.py:1901} INFO - Created Permission View: menu access on DAG Run:example_branch_datetime_operator_2
[2025-05-03T07:38:37.874+0000] {logging_mixin.py:190} INFO - [2025-05-03T07:38:37.874+0000] {override.py:1901} INFO - Created Permission View: can read on DAG:example_branch_datetime_operator_3
[2025-05-03T07:38:37.884+0000] {logging_mixin.py:190} INFO - [2025-05-03T07:38:37.883+0000] {override.py:1901} INFO - Created Permission View: can delete on DAG:example_branch_datetime_operator_3
[2025-05-03T07:38:37.893+0000] {logging_mixin.py:190} INFO - [2025-05-03T07:38:37.893+0000] {override.py:1901} INFO - Created Permission View: can edit on DAG:example_branch_datetime_operator_3
[2025-05-03T07:38:37.905+0000] {logging_mixin.py:190} INFO - [2025-05-03T07:38:37.905+0000] {override.py:1901} INFO - Created Permission View: can read on DAG Run:example_branch_datetime_operator_3
[2025-05-03T07:38:37.915+0000] {logging_mixin.py:190} INFO - [2025-05-03T07:38:37.914+0000] {override.py:1901} INFO - Created Permission View: can create on DAG Run:example_branch_datetime_operator_3
[2025-05-03T07:38:37.924+0000] {logging_mixin.py:190} INFO - [2025-05-03T07:38:37.924+0000] {override.py:1901} INFO - Created Permission View: can delete on DAG Run:example_branch_datetime_operator_3
[2025-05-03T07:38:37.933+0000] {logging_mixin.py:190} INFO - [2025-05-03T07:38:37.933+0000] {override.py:1901} INFO - Created Permission View: menu access on DAG Run:example_branch_datetime_operator_3
[2025-05-03T07:38:37.953+0000] {logging_mixin.py:190} INFO - [2025-05-03T07:38:37.953+0000] {override.py:1901} INFO - Created Permission View: can read on DAG:example_branch_datetime_operator
[2025-05-03T07:38:37.963+0000] {logging_mixin.py:190} INFO - [2025-05-03T07:38:37.963+0000] {override.py:1901} INFO - Created Permission View: can delete on DAG:example_branch_datetime_operator
[2025-05-03T07:38:37.976+0000] {logging_mixin.py:190} INFO - [2025-05-03T07:38:37.975+0000] {override.py:1901} INFO - Created Permission View: can edit on DAG:example_branch_datetime_operator
[2025-05-03T07:38:37.994+0000] {logging_mixin.py:190} INFO - [2025-05-03T07:38:37.993+0000] {override.py:1901} INFO - Created Permission View: can read on DAG Run:example_branch_datetime_operator
[2025-05-03T07:38:38.009+0000] {logging_mixin.py:190} INFO - [2025-05-03T07:38:38.008+0000] {override.py:1901} INFO - Created Permission View: can create on DAG Run:example_branch_datetime_operator
[2025-05-03T07:38:38.026+0000] {logging_mixin.py:190} INFO - [2025-05-03T07:38:38.025+0000] {override.py:1901} INFO - Created Permission View: can delete on DAG Run:example_branch_datetime_operator
[2025-05-03T07:38:38.037+0000] {logging_mixin.py:190} INFO - [2025-05-03T07:38:38.036+0000] {override.py:1901} INFO - Created Permission View: menu access on DAG Run:example_branch_datetime_operator
[2025-05-03T07:38:38.037+0000] {logging_mixin.py:190} INFO - [2025-05-03T07:38:38.037+0000] {dag.py:3239} INFO - Sync 3 DAGs
[2025-05-03T07:38:38.057+0000] {logging_mixin.py:190} INFO - [2025-05-03T07:38:38.057+0000] {dag.py:3262} INFO - Creating ORM DAG for example_branch_datetime_operator_2
[2025-05-03T07:38:38.059+0000] {logging_mixin.py:190} INFO - [2025-05-03T07:38:38.058+0000] {dag.py:3262} INFO - Creating ORM DAG for example_branch_datetime_operator
[2025-05-03T07:38:38.060+0000] {logging_mixin.py:190} INFO - [2025-05-03T07:38:38.059+0000] {dag.py:3262} INFO - Creating ORM DAG for example_branch_datetime_operator_3
[2025-05-03T07:38:38.076+0000] {logging_mixin.py:190} INFO - [2025-05-03T07:38:38.075+0000] {dag.py:4180} INFO - Setting next_dagrun for example_branch_datetime_operator to 2025-05-02 00:00:00+00:00, run_after=2025-05-03 00:00:00+00:00
[2025-05-03T07:38:38.079+0000] {logging_mixin.py:190} INFO - [2025-05-03T07:38:38.079+0000] {dag.py:4180} INFO - Setting next_dagrun for example_branch_datetime_operator_2 to 2025-05-02 00:00:00+00:00, run_after=2025-05-03 00:00:00+00:00
[2025-05-03T07:38:38.083+0000] {logging_mixin.py:190} INFO - [2025-05-03T07:38:38.082+0000] {dag.py:4180} INFO - Setting next_dagrun for example_branch_datetime_operator_3 to 2025-05-02 00:00:00+00:00, run_after=2025-05-03 00:00:00+00:00
[2025-05-03T07:38:38.114+0000] {processor.py:208} INFO - Processing /home/airflow/.local/lib/python3.8/site-packages/airflow/example_dags/example_branch_datetime_operator.py took 0.521 seconds
[2025-05-03T07:39:08.623+0000] {processor.py:186} INFO - Started process (PID=175) to work on /home/airflow/.local/lib/python3.8/site-packages/airflow/example_dags/example_branch_datetime_operator.py
[2025-05-03T07:39:08.624+0000] {processor.py:914} INFO - Processing file /home/airflow/.local/lib/python3.8/site-packages/airflow/example_dags/example_branch_datetime_operator.py for tasks to queue
[2025-05-03T07:39:08.627+0000] {logging_mixin.py:190} INFO - [2025-05-03T07:39:08.627+0000] {dagbag.py:588} INFO - Filling up the DagBag from /home/airflow/.local/lib/python3.8/site-packages/airflow/example_dags/example_branch_datetime_operator.py
[2025-05-03T07:39:08.647+0000] {processor.py:925} INFO - DAG(s) 'example_branch_datetime_operator', 'example_branch_datetime_operator_2', 'example_branch_datetime_operator_3' retrieved from /home/airflow/.local/lib/python3.8/site-packages/airflow/example_dags/example_branch_datetime_operator.py
[2025-05-03T07:39:08.686+0000] {logging_mixin.py:190} INFO - [2025-05-03T07:39:08.686+0000] {dag.py:3239} INFO - Sync 3 DAGs
[2025-05-03T07:39:08.725+0000] {logging_mixin.py:190} INFO - [2025-05-03T07:39:08.725+0000] {dag.py:4180} INFO - Setting next_dagrun for example_branch_datetime_operator to 2025-05-02 00:00:00+00:00, run_after=2025-05-03 00:00:00+00:00
[2025-05-03T07:39:08.733+0000] {logging_mixin.py:190} INFO - [2025-05-03T07:39:08.733+0000] {dag.py:4180} INFO - Setting next_dagrun for example_branch_datetime_operator_2 to 2025-05-02 00:00:00+00:00, run_after=2025-05-03 00:00:00+00:00
[2025-05-03T07:39:08.739+0000] {logging_mixin.py:190} INFO - [2025-05-03T07:39:08.738+0000] {dag.py:4180} INFO - Setting next_dagrun for example_branch_datetime_operator_3 to 2025-05-02 00:00:00+00:00, run_after=2025-05-03 00:00:00+00:00
[2025-05-03T07:39:08.766+0000] {processor.py:208} INFO - Processing /home/airflow/.local/lib/python3.8/site-packages/airflow/example_dags/example_branch_datetime_operator.py took 0.152 seconds
[2025-05-03T07:40:28.587+0000] {processor.py:186} INFO - Started process (PID=99) to work on /home/airflow/.local/lib/python3.8/site-packages/airflow/example_dags/example_branch_datetime_operator.py
[2025-05-03T07:40:28.588+0000] {processor.py:914} INFO - Processing file /home/airflow/.local/lib/python3.8/site-packages/airflow/example_dags/example_branch_datetime_operator.py for tasks to queue
[2025-05-03T07:40:28.591+0000] {logging_mixin.py:190} INFO - [2025-05-03T07:40:28.591+0000] {dagbag.py:588} INFO - Filling up the DagBag from /home/airflow/.local/lib/python3.8/site-packages/airflow/example_dags/example_branch_datetime_operator.py
[2025-05-03T07:40:28.607+0000] {processor.py:925} INFO - DAG(s) 'example_branch_datetime_operator_3', 'example_branch_datetime_operator_2', 'example_branch_datetime_operator' retrieved from /home/airflow/.local/lib/python3.8/site-packages/airflow/example_dags/example_branch_datetime_operator.py
[2025-05-03T07:40:28.649+0000] {logging_mixin.py:190} INFO - [2025-05-03T07:40:28.649+0000] {dag.py:3239} INFO - Sync 3 DAGs
[2025-05-03T07:40:28.685+0000] {logging_mixin.py:190} INFO - [2025-05-03T07:40:28.685+0000] {dag.py:4180} INFO - Setting next_dagrun for example_branch_datetime_operator to 2025-05-02 00:00:00+00:00, run_after=2025-05-03 00:00:00+00:00
[2025-05-03T07:40:28.692+0000] {logging_mixin.py:190} INFO - [2025-05-03T07:40:28.692+0000] {dag.py:4180} INFO - Setting next_dagrun for example_branch_datetime_operator_2 to 2025-05-02 00:00:00+00:00, run_after=2025-05-03 00:00:00+00:00
[2025-05-03T07:40:28.697+0000] {logging_mixin.py:190} INFO - [2025-05-03T07:40:28.697+0000] {dag.py:4180} INFO - Setting next_dagrun for example_branch_datetime_operator_3 to 2025-05-02 00:00:00+00:00, run_after=2025-05-03 00:00:00+00:00
[2025-05-03T07:40:28.718+0000] {processor.py:208} INFO - Processing /home/airflow/.local/lib/python3.8/site-packages/airflow/example_dags/example_branch_datetime_operator.py took 0.139 seconds
[2025-05-03T07:40:59.271+0000] {processor.py:186} INFO - Started process (PID=162) to work on /home/airflow/.local/lib/python3.8/site-packages/airflow/example_dags/example_branch_datetime_operator.py
[2025-05-03T07:40:59.273+0000] {processor.py:914} INFO - Processing file /home/airflow/.local/lib/python3.8/site-packages/airflow/example_dags/example_branch_datetime_operator.py for tasks to queue
[2025-05-03T07:40:59.276+0000] {logging_mixin.py:190} INFO - [2025-05-03T07:40:59.275+0000] {dagbag.py:588} INFO - Filling up the DagBag from /home/airflow/.local/lib/python3.8/site-packages/airflow/example_dags/example_branch_datetime_operator.py
[2025-05-03T07:40:59.293+0000] {processor.py:925} INFO - DAG(s) 'example_branch_datetime_operator_3', 'example_branch_datetime_operator_2', 'example_branch_datetime_operator' retrieved from /home/airflow/.local/lib/python3.8/site-packages/airflow/example_dags/example_branch_datetime_operator.py
[2025-05-03T07:40:59.333+0000] {logging_mixin.py:190} INFO - [2025-05-03T07:40:59.332+0000] {dag.py:3239} INFO - Sync 3 DAGs
[2025-05-03T07:40:59.368+0000] {logging_mixin.py:190} INFO - [2025-05-03T07:40:59.368+0000] {dag.py:4180} INFO - Setting next_dagrun for example_branch_datetime_operator to 2025-05-02 00:00:00+00:00, run_after=2025-05-03 00:00:00+00:00
[2025-05-03T07:40:59.376+0000] {logging_mixin.py:190} INFO - [2025-05-03T07:40:59.376+0000] {dag.py:4180} INFO - Setting next_dagrun for example_branch_datetime_operator_2 to 2025-05-02 00:00:00+00:00, run_after=2025-05-03 00:00:00+00:00
[2025-05-03T07:40:59.381+0000] {logging_mixin.py:190} INFO - [2025-05-03T07:40:59.381+0000] {dag.py:4180} INFO - Setting next_dagrun for example_branch_datetime_operator_3 to 2025-05-02 00:00:00+00:00, run_after=2025-05-03 00:00:00+00:00
[2025-05-03T07:40:59.405+0000] {processor.py:208} INFO - Processing /home/airflow/.local/lib/python3.8/site-packages/airflow/example_dags/example_branch_datetime_operator.py took 0.142 seconds
