[2025-05-03T07:38:42.284+0000] {processor.py:186} INFO - Started process (PID=132) to work on /home/airflow/.local/lib/python3.8/site-packages/airflow/example_dags/example_nested_branch_dag.py
[2025-05-03T07:38:42.285+0000] {processor.py:914} INFO - Processing file /home/airflow/.local/lib/python3.8/site-packages/airflow/example_dags/example_nested_branch_dag.py for tasks to queue
[2025-05-03T07:38:42.289+0000] {logging_mixin.py:190} INFO - [2025-05-03T07:38:42.288+0000] {dagbag.py:588} INFO - Filling up the DagBag from /home/airflow/.local/lib/python3.8/site-packages/airflow/example_dags/example_nested_branch_dag.py
[2025-05-03T07:38:42.305+0000] {processor.py:925} INFO - DAG(s) 'example_nested_branch_dag' retrieved from /home/airflow/.local/lib/python3.8/site-packages/airflow/example_dags/example_nested_branch_dag.py
[2025-05-03T07:38:42.441+0000] {logging_mixin.py:190} INFO - [2025-05-03T07:38:42.441+0000] {override.py:1901} INFO - Created Permission View: can read on DAG:example_nested_branch_dag
[2025-05-03T07:38:42.456+0000] {logging_mixin.py:190} INFO - [2025-05-03T07:38:42.455+0000] {override.py:1901} INFO - Created Permission View: can delete on DAG:example_nested_branch_dag
[2025-05-03T07:38:42.466+0000] {logging_mixin.py:190} INFO - [2025-05-03T07:38:42.466+0000] {override.py:1901} INFO - Created Permission View: can edit on DAG:example_nested_branch_dag
[2025-05-03T07:38:42.477+0000] {logging_mixin.py:190} INFO - [2025-05-03T07:38:42.477+0000] {override.py:1901} INFO - Created Permission View: can read on DAG Run:example_nested_branch_dag
[2025-05-03T07:38:42.488+0000] {logging_mixin.py:190} INFO - [2025-05-03T07:38:42.488+0000] {override.py:1901} INFO - Created Permission View: can create on DAG Run:example_nested_branch_dag
[2025-05-03T07:38:42.498+0000] {logging_mixin.py:190} INFO - [2025-05-03T07:38:42.497+0000] {override.py:1901} INFO - Created Permission View: can delete on DAG Run:example_nested_branch_dag
[2025-05-03T07:38:42.507+0000] {logging_mixin.py:190} INFO - [2025-05-03T07:38:42.507+0000] {override.py:1901} INFO - Created Permission View: menu access on DAG Run:example_nested_branch_dag
[2025-05-03T07:38:42.508+0000] {logging_mixin.py:190} INFO - [2025-05-03T07:38:42.508+0000] {dag.py:3239} INFO - Sync 1 DAGs
[2025-05-03T07:38:42.526+0000] {logging_mixin.py:190} INFO - [2025-05-03T07:38:42.526+0000] {dag.py:3262} INFO - Creating ORM DAG for example_nested_branch_dag
[2025-05-03T07:38:42.541+0000] {logging_mixin.py:190} INFO - [2025-05-03T07:38:42.540+0000] {dag.py:4180} INFO - Setting next_dagrun for example_nested_branch_dag to 2025-05-02 00:00:00+00:00, run_after=2025-05-03 00:00:00+00:00
[2025-05-03T07:38:42.565+0000] {processor.py:208} INFO - Processing /home/airflow/.local/lib/python3.8/site-packages/airflow/example_dags/example_nested_branch_dag.py took 0.289 seconds
[2025-05-03T07:40:30.529+0000] {processor.py:186} INFO - Started process (PID=120) to work on /home/airflow/.local/lib/python3.8/site-packages/airflow/example_dags/example_nested_branch_dag.py
[2025-05-03T07:40:30.531+0000] {processor.py:914} INFO - Processing file /home/airflow/.local/lib/python3.8/site-packages/airflow/example_dags/example_nested_branch_dag.py for tasks to queue
[2025-05-03T07:40:30.533+0000] {logging_mixin.py:190} INFO - [2025-05-03T07:40:30.533+0000] {dagbag.py:588} INFO - Filling up the DagBag from /home/airflow/.local/lib/python3.8/site-packages/airflow/example_dags/example_nested_branch_dag.py
[2025-05-03T07:40:30.548+0000] {processor.py:925} INFO - DAG(s) 'example_nested_branch_dag' retrieved from /home/airflow/.local/lib/python3.8/site-packages/airflow/example_dags/example_nested_branch_dag.py
[2025-05-03T07:40:30.576+0000] {logging_mixin.py:190} INFO - [2025-05-03T07:40:30.576+0000] {dag.py:3239} INFO - Sync 1 DAGs
[2025-05-03T07:40:30.609+0000] {logging_mixin.py:190} INFO - [2025-05-03T07:40:30.608+0000] {dag.py:4180} INFO - Setting next_dagrun for example_nested_branch_dag to 2025-05-02 00:00:00+00:00, run_after=2025-05-03 00:00:00+00:00
[2025-05-03T07:40:30.634+0000] {processor.py:208} INFO - Processing /home/airflow/.local/lib/python3.8/site-packages/airflow/example_dags/example_nested_branch_dag.py took 0.112 seconds
[2025-05-03T07:41:01.743+0000] {processor.py:186} INFO - Started process (PID=183) to work on /home/airflow/.local/lib/python3.8/site-packages/airflow/example_dags/example_nested_branch_dag.py
[2025-05-03T07:41:01.744+0000] {processor.py:914} INFO - Processing file /home/airflow/.local/lib/python3.8/site-packages/airflow/example_dags/example_nested_branch_dag.py for tasks to queue
[2025-05-03T07:41:01.747+0000] {logging_mixin.py:190} INFO - [2025-05-03T07:41:01.747+0000] {dagbag.py:588} INFO - Filling up the DagBag from /home/airflow/.local/lib/python3.8/site-packages/airflow/example_dags/example_nested_branch_dag.py
[2025-05-03T07:41:01.763+0000] {processor.py:925} INFO - DAG(s) 'example_nested_branch_dag' retrieved from /home/airflow/.local/lib/python3.8/site-packages/airflow/example_dags/example_nested_branch_dag.py
[2025-05-03T07:41:01.796+0000] {logging_mixin.py:190} INFO - [2025-05-03T07:41:01.796+0000] {dag.py:3239} INFO - Sync 1 DAGs
[2025-05-03T07:41:01.830+0000] {logging_mixin.py:190} INFO - [2025-05-03T07:41:01.830+0000] {dag.py:4180} INFO - Setting next_dagrun for example_nested_branch_dag to 2025-05-02 00:00:00+00:00, run_after=2025-05-03 00:00:00+00:00
[2025-05-03T07:41:01.855+0000] {processor.py:208} INFO - Processing /home/airflow/.local/lib/python3.8/site-packages/airflow/example_dags/example_nested_branch_dag.py took 0.121 seconds
