[2025-05-03T07:38:37.254+0000] {processor.py:186} INFO - Started process (PID=109) to work on /home/airflow/.local/lib/python3.8/site-packages/airflow/example_dags/example_xcom.py
[2025-05-03T07:38:37.256+0000] {processor.py:914} INFO - Processing file /home/airflow/.local/lib/python3.8/site-packages/airflow/example_dags/example_xcom.py for tasks to queue
[2025-05-03T07:38:37.259+0000] {logging_mixin.py:190} INFO - [2025-05-03T07:38:37.258+0000] {dagbag.py:588} INFO - Filling up the DagBag from /home/airflow/.local/lib/python3.8/site-packages/airflow/example_dags/example_xcom.py
[2025-05-03T07:38:37.275+0000] {processor.py:925} INFO - DAG(s) 'example_xcom' retrieved from /home/airflow/.local/lib/python3.8/site-packages/airflow/example_dags/example_xcom.py
[2025-05-03T07:38:37.426+0000] {logging_mixin.py:190} INFO - [2025-05-03T07:38:37.426+0000] {override.py:1901} INFO - Created Permission View: can read on DAG:example_xcom
[2025-05-03T07:38:37.440+0000] {logging_mixin.py:190} INFO - [2025-05-03T07:38:37.440+0000] {override.py:1901} INFO - Created Permission View: can delete on DAG:example_xcom
[2025-05-03T07:38:37.450+0000] {logging_mixin.py:190} INFO - [2025-05-03T07:38:37.449+0000] {override.py:1901} INFO - Created Permission View: can edit on DAG:example_xcom
[2025-05-03T07:38:37.461+0000] {logging_mixin.py:190} INFO - [2025-05-03T07:38:37.460+0000] {override.py:1901} INFO - Created Permission View: can read on DAG Run:example_xcom
[2025-05-03T07:38:37.470+0000] {logging_mixin.py:190} INFO - [2025-05-03T07:38:37.470+0000] {override.py:1901} INFO - Created Permission View: can create on DAG Run:example_xcom
[2025-05-03T07:38:37.481+0000] {logging_mixin.py:190} INFO - [2025-05-03T07:38:37.480+0000] {override.py:1901} INFO - Created Permission View: can delete on DAG Run:example_xcom
[2025-05-03T07:38:37.489+0000] {logging_mixin.py:190} INFO - [2025-05-03T07:38:37.489+0000] {override.py:1901} INFO - Created Permission View: menu access on DAG Run:example_xcom
[2025-05-03T07:38:37.490+0000] {logging_mixin.py:190} INFO - [2025-05-03T07:38:37.490+0000] {dag.py:3239} INFO - Sync 1 DAGs
[2025-05-03T07:38:37.508+0000] {logging_mixin.py:190} INFO - [2025-05-03T07:38:37.508+0000] {dag.py:3262} INFO - Creating ORM DAG for example_xcom
[2025-05-03T07:38:37.521+0000] {logging_mixin.py:190} INFO - [2025-05-03T07:38:37.521+0000] {dag.py:4180} INFO - Setting next_dagrun for example_xcom to 2021-01-01 00:00:00+00:00, run_after=2021-01-01 00:00:00+00:00
[2025-05-03T07:38:37.547+0000] {processor.py:208} INFO - Processing /home/airflow/.local/lib/python3.8/site-packages/airflow/example_dags/example_xcom.py took 0.302 seconds
[2025-05-03T07:39:08.299+0000] {processor.py:186} INFO - Started process (PID=172) to work on /home/airflow/.local/lib/python3.8/site-packages/airflow/example_dags/example_xcom.py
[2025-05-03T07:39:08.301+0000] {processor.py:914} INFO - Processing file /home/airflow/.local/lib/python3.8/site-packages/airflow/example_dags/example_xcom.py for tasks to queue
[2025-05-03T07:39:08.304+0000] {logging_mixin.py:190} INFO - [2025-05-03T07:39:08.304+0000] {dagbag.py:588} INFO - Filling up the DagBag from /home/airflow/.local/lib/python3.8/site-packages/airflow/example_dags/example_xcom.py
[2025-05-03T07:39:08.317+0000] {processor.py:925} INFO - DAG(s) 'example_xcom' retrieved from /home/airflow/.local/lib/python3.8/site-packages/airflow/example_dags/example_xcom.py
[2025-05-03T07:39:08.346+0000] {logging_mixin.py:190} INFO - [2025-05-03T07:39:08.346+0000] {dag.py:3239} INFO - Sync 1 DAGs
[2025-05-03T07:39:08.380+0000] {logging_mixin.py:190} INFO - [2025-05-03T07:39:08.380+0000] {dag.py:4180} INFO - Setting next_dagrun for example_xcom to 2021-01-01 00:00:00+00:00, run_after=2021-01-01 00:00:00+00:00
[2025-05-03T07:39:08.415+0000] {processor.py:208} INFO - Processing /home/airflow/.local/lib/python3.8/site-packages/airflow/example_dags/example_xcom.py took 0.124 seconds
[2025-05-03T07:40:28.362+0000] {processor.py:186} INFO - Started process (PID=97) to work on /home/airflow/.local/lib/python3.8/site-packages/airflow/example_dags/example_xcom.py
[2025-05-03T07:40:28.363+0000] {processor.py:914} INFO - Processing file /home/airflow/.local/lib/python3.8/site-packages/airflow/example_dags/example_xcom.py for tasks to queue
[2025-05-03T07:40:28.366+0000] {logging_mixin.py:190} INFO - [2025-05-03T07:40:28.366+0000] {dagbag.py:588} INFO - Filling up the DagBag from /home/airflow/.local/lib/python3.8/site-packages/airflow/example_dags/example_xcom.py
[2025-05-03T07:40:28.380+0000] {processor.py:925} INFO - DAG(s) 'example_xcom' retrieved from /home/airflow/.local/lib/python3.8/site-packages/airflow/example_dags/example_xcom.py
[2025-05-03T07:40:28.416+0000] {logging_mixin.py:190} INFO - [2025-05-03T07:40:28.415+0000] {dag.py:3239} INFO - Sync 1 DAGs
[2025-05-03T07:40:28.447+0000] {logging_mixin.py:190} INFO - [2025-05-03T07:40:28.447+0000] {dag.py:4180} INFO - Setting next_dagrun for example_xcom to 2021-01-01 00:00:00+00:00, run_after=2021-01-01 00:00:00+00:00
[2025-05-03T07:40:28.473+0000] {processor.py:208} INFO - Processing /home/airflow/.local/lib/python3.8/site-packages/airflow/example_dags/example_xcom.py took 0.120 seconds
[2025-05-03T07:40:59.103+0000] {processor.py:186} INFO - Started process (PID=160) to work on /home/airflow/.local/lib/python3.8/site-packages/airflow/example_dags/example_xcom.py
[2025-05-03T07:40:59.104+0000] {processor.py:914} INFO - Processing file /home/airflow/.local/lib/python3.8/site-packages/airflow/example_dags/example_xcom.py for tasks to queue
[2025-05-03T07:40:59.107+0000] {logging_mixin.py:190} INFO - [2025-05-03T07:40:59.107+0000] {dagbag.py:588} INFO - Filling up the DagBag from /home/airflow/.local/lib/python3.8/site-packages/airflow/example_dags/example_xcom.py
[2025-05-03T07:40:59.121+0000] {processor.py:925} INFO - DAG(s) 'example_xcom' retrieved from /home/airflow/.local/lib/python3.8/site-packages/airflow/example_dags/example_xcom.py
[2025-05-03T07:40:59.153+0000] {logging_mixin.py:190} INFO - [2025-05-03T07:40:59.153+0000] {dag.py:3239} INFO - Sync 1 DAGs
[2025-05-03T07:40:59.190+0000] {logging_mixin.py:190} INFO - [2025-05-03T07:40:59.190+0000] {dag.py:4180} INFO - Setting next_dagrun for example_xcom to 2021-01-01 00:00:00+00:00, run_after=2021-01-01 00:00:00+00:00
[2025-05-03T07:40:59.224+0000] {processor.py:208} INFO - Processing /home/airflow/.local/lib/python3.8/site-packages/airflow/example_dags/example_xcom.py took 0.129 seconds
