[2025-05-03T07:38:39.656+0000] {processor.py:186} INFO - Started process (PID=118) to work on /home/airflow/.local/lib/python3.8/site-packages/airflow/example_dags/example_display_name.py
[2025-05-03T07:38:39.657+0000] {processor.py:914} INFO - Processing file /home/airflow/.local/lib/python3.8/site-packages/airflow/example_dags/example_display_name.py for tasks to queue
[2025-05-03T07:38:39.660+0000] {logging_mixin.py:190} INFO - [2025-05-03T07:38:39.660+0000] {dagbag.py:588} INFO - Filling up the DagBag from /home/airflow/.local/lib/python3.8/site-packages/airflow/example_dags/example_display_name.py
[2025-05-03T07:38:39.671+0000] {processor.py:925} INFO - DAG(s) 'example_display_name' retrieved from /home/airflow/.local/lib/python3.8/site-packages/airflow/example_dags/example_display_name.py
[2025-05-03T07:38:39.811+0000] {logging_mixin.py:190} INFO - [2025-05-03T07:38:39.810+0000] {override.py:1901} INFO - Created Permission View: can read on DAG:example_display_name
[2025-05-03T07:38:39.825+0000] {logging_mixin.py:190} INFO - [2025-05-03T07:38:39.824+0000] {override.py:1901} INFO - Created Permission View: can delete on DAG:example_display_name
[2025-05-03T07:38:39.836+0000] {logging_mixin.py:190} INFO - [2025-05-03T07:38:39.835+0000] {override.py:1901} INFO - Created Permission View: can edit on DAG:example_display_name
[2025-05-03T07:38:39.848+0000] {logging_mixin.py:190} INFO - [2025-05-03T07:38:39.847+0000] {override.py:1901} INFO - Created Permission View: can read on DAG Run:example_display_name
[2025-05-03T07:38:39.857+0000] {logging_mixin.py:190} INFO - [2025-05-03T07:38:39.857+0000] {override.py:1901} INFO - Created Permission View: can create on DAG Run:example_display_name
[2025-05-03T07:38:39.866+0000] {logging_mixin.py:190} INFO - [2025-05-03T07:38:39.866+0000] {override.py:1901} INFO - Created Permission View: can delete on DAG Run:example_display_name
[2025-05-03T07:38:39.876+0000] {logging_mixin.py:190} INFO - [2025-05-03T07:38:39.876+0000] {override.py:1901} INFO - Created Permission View: menu access on DAG Run:example_display_name
[2025-05-03T07:38:39.877+0000] {logging_mixin.py:190} INFO - [2025-05-03T07:38:39.877+0000] {dag.py:3239} INFO - Sync 1 DAGs
[2025-05-03T07:38:39.895+0000] {logging_mixin.py:190} INFO - [2025-05-03T07:38:39.895+0000] {dag.py:3262} INFO - Creating ORM DAG for example_display_name
[2025-05-03T07:38:39.896+0000] {logging_mixin.py:190} INFO - [2025-05-03T07:38:39.896+0000] {dag.py:4180} INFO - Setting next_dagrun for example_display_name to None, run_after=None
[2025-05-03T07:38:39.921+0000] {processor.py:208} INFO - Processing /home/airflow/.local/lib/python3.8/site-packages/airflow/example_dags/example_display_name.py took 0.274 seconds
[2025-05-03T07:39:10.311+0000] {processor.py:186} INFO - Started process (PID=181) to work on /home/airflow/.local/lib/python3.8/site-packages/airflow/example_dags/example_display_name.py
[2025-05-03T07:39:10.313+0000] {processor.py:914} INFO - Processing file /home/airflow/.local/lib/python3.8/site-packages/airflow/example_dags/example_display_name.py for tasks to queue
[2025-05-03T07:39:10.317+0000] {logging_mixin.py:190} INFO - [2025-05-03T07:39:10.317+0000] {dagbag.py:588} INFO - Filling up the DagBag from /home/airflow/.local/lib/python3.8/site-packages/airflow/example_dags/example_display_name.py
[2025-05-03T07:39:10.333+0000] {processor.py:925} INFO - DAG(s) 'example_display_name' retrieved from /home/airflow/.local/lib/python3.8/site-packages/airflow/example_dags/example_display_name.py
[2025-05-03T07:39:10.375+0000] {logging_mixin.py:190} INFO - [2025-05-03T07:39:10.374+0000] {dag.py:3239} INFO - Sync 1 DAGs
[2025-05-03T07:39:10.431+0000] {logging_mixin.py:190} INFO - [2025-05-03T07:39:10.430+0000] {dag.py:4180} INFO - Setting next_dagrun for example_display_name to None, run_after=None
[2025-05-03T07:39:10.466+0000] {processor.py:208} INFO - Processing /home/airflow/.local/lib/python3.8/site-packages/airflow/example_dags/example_display_name.py took 0.170 seconds
[2025-05-03T07:40:29.238+0000] {processor.py:186} INFO - Started process (PID=106) to work on /home/airflow/.local/lib/python3.8/site-packages/airflow/example_dags/example_display_name.py
[2025-05-03T07:40:29.239+0000] {processor.py:914} INFO - Processing file /home/airflow/.local/lib/python3.8/site-packages/airflow/example_dags/example_display_name.py for tasks to queue
[2025-05-03T07:40:29.242+0000] {logging_mixin.py:190} INFO - [2025-05-03T07:40:29.242+0000] {dagbag.py:588} INFO - Filling up the DagBag from /home/airflow/.local/lib/python3.8/site-packages/airflow/example_dags/example_display_name.py
[2025-05-03T07:40:29.251+0000] {processor.py:925} INFO - DAG(s) 'example_display_name' retrieved from /home/airflow/.local/lib/python3.8/site-packages/airflow/example_dags/example_display_name.py
[2025-05-03T07:40:29.280+0000] {logging_mixin.py:190} INFO - [2025-05-03T07:40:29.280+0000] {dag.py:3239} INFO - Sync 1 DAGs
[2025-05-03T07:40:29.300+0000] {logging_mixin.py:190} INFO - [2025-05-03T07:40:29.300+0000] {dag.py:4180} INFO - Setting next_dagrun for example_display_name to None, run_after=None
[2025-05-03T07:40:29.324+0000] {processor.py:208} INFO - Processing /home/airflow/.local/lib/python3.8/site-packages/airflow/example_dags/example_display_name.py took 0.095 seconds
[2025-05-03T07:41:00.057+0000] {processor.py:186} INFO - Started process (PID=169) to work on /home/airflow/.local/lib/python3.8/site-packages/airflow/example_dags/example_display_name.py
[2025-05-03T07:41:00.059+0000] {processor.py:914} INFO - Processing file /home/airflow/.local/lib/python3.8/site-packages/airflow/example_dags/example_display_name.py for tasks to queue
[2025-05-03T07:41:00.063+0000] {logging_mixin.py:190} INFO - [2025-05-03T07:41:00.062+0000] {dagbag.py:588} INFO - Filling up the DagBag from /home/airflow/.local/lib/python3.8/site-packages/airflow/example_dags/example_display_name.py
[2025-05-03T07:41:00.074+0000] {processor.py:925} INFO - DAG(s) 'example_display_name' retrieved from /home/airflow/.local/lib/python3.8/site-packages/airflow/example_dags/example_display_name.py
[2025-05-03T07:41:00.107+0000] {logging_mixin.py:190} INFO - [2025-05-03T07:41:00.106+0000] {dag.py:3239} INFO - Sync 1 DAGs
[2025-05-03T07:41:00.131+0000] {logging_mixin.py:190} INFO - [2025-05-03T07:41:00.130+0000] {dag.py:4180} INFO - Setting next_dagrun for example_display_name to None, run_after=None
[2025-05-03T07:41:00.161+0000] {processor.py:208} INFO - Processing /home/airflow/.local/lib/python3.8/site-packages/airflow/example_dags/example_display_name.py took 0.112 seconds
