[2025-05-03T07:38:35.529+0000] {processor.py:186} INFO - Started process (PID=100) to work on /home/airflow/.local/lib/python3.8/site-packages/airflow/example_dags/example_bash_operator.py
[2025-05-03T07:38:35.531+0000] {processor.py:914} INFO - Processing file /home/airflow/.local/lib/python3.8/site-packages/airflow/example_dags/example_bash_operator.py for tasks to queue
[2025-05-03T07:38:35.535+0000] {logging_mixin.py:190} INFO - [2025-05-03T07:38:35.534+0000] {dagbag.py:588} INFO - Filling up the DagBag from /home/airflow/.local/lib/python3.8/site-packages/airflow/example_dags/example_bash_operator.py
[2025-05-03T07:38:35.555+0000] {processor.py:925} INFO - DAG(s) 'example_bash_operator' retrieved from /home/airflow/.local/lib/python3.8/site-packages/airflow/example_dags/example_bash_operator.py
[2025-05-03T07:38:35.718+0000] {logging_mixin.py:190} INFO - [2025-05-03T07:38:35.717+0000] {override.py:1901} INFO - Created Permission View: can read on DAG:example_bash_operator
[2025-05-03T07:38:35.734+0000] {logging_mixin.py:190} INFO - [2025-05-03T07:38:35.733+0000] {override.py:1901} INFO - Created Permission View: can delete on DAG:example_bash_operator
[2025-05-03T07:38:35.744+0000] {logging_mixin.py:190} INFO - [2025-05-03T07:38:35.743+0000] {override.py:1901} INFO - Created Permission View: can edit on DAG:example_bash_operator
[2025-05-03T07:38:35.755+0000] {logging_mixin.py:190} INFO - [2025-05-03T07:38:35.755+0000] {override.py:1901} INFO - Created Permission View: can read on DAG Run:example_bash_operator
[2025-05-03T07:38:35.770+0000] {logging_mixin.py:190} INFO - [2025-05-03T07:38:35.769+0000] {override.py:1901} INFO - Created Permission View: can create on DAG Run:example_bash_operator
[2025-05-03T07:38:35.780+0000] {logging_mixin.py:190} INFO - [2025-05-03T07:38:35.780+0000] {override.py:1901} INFO - Created Permission View: can delete on DAG Run:example_bash_operator
[2025-05-03T07:38:35.791+0000] {logging_mixin.py:190} INFO - [2025-05-03T07:38:35.791+0000] {override.py:1901} INFO - Created Permission View: menu access on DAG Run:example_bash_operator
[2025-05-03T07:38:35.792+0000] {logging_mixin.py:190} INFO - [2025-05-03T07:38:35.792+0000] {dag.py:3239} INFO - Sync 1 DAGs
[2025-05-03T07:38:35.811+0000] {logging_mixin.py:190} INFO - [2025-05-03T07:38:35.811+0000] {dag.py:3262} INFO - Creating ORM DAG for example_bash_operator
[2025-05-03T07:38:35.825+0000] {logging_mixin.py:190} INFO - [2025-05-03T07:38:35.825+0000] {dag.py:4180} INFO - Setting next_dagrun for example_bash_operator to 2025-05-02 00:00:00+00:00, run_after=2025-05-03 00:00:00+00:00
[2025-05-03T07:38:35.853+0000] {processor.py:208} INFO - Processing /home/airflow/.local/lib/python3.8/site-packages/airflow/example_dags/example_bash_operator.py took 0.332 seconds
[2025-05-03T07:39:06.319+0000] {processor.py:186} INFO - Started process (PID=163) to work on /home/airflow/.local/lib/python3.8/site-packages/airflow/example_dags/example_bash_operator.py
[2025-05-03T07:39:06.320+0000] {processor.py:914} INFO - Processing file /home/airflow/.local/lib/python3.8/site-packages/airflow/example_dags/example_bash_operator.py for tasks to queue
[2025-05-03T07:39:06.325+0000] {logging_mixin.py:190} INFO - [2025-05-03T07:39:06.324+0000] {dagbag.py:588} INFO - Filling up the DagBag from /home/airflow/.local/lib/python3.8/site-packages/airflow/example_dags/example_bash_operator.py
[2025-05-03T07:39:06.346+0000] {processor.py:925} INFO - DAG(s) 'example_bash_operator' retrieved from /home/airflow/.local/lib/python3.8/site-packages/airflow/example_dags/example_bash_operator.py
[2025-05-03T07:39:06.386+0000] {logging_mixin.py:190} INFO - [2025-05-03T07:39:06.385+0000] {dag.py:3239} INFO - Sync 1 DAGs
[2025-05-03T07:39:06.418+0000] {logging_mixin.py:190} INFO - [2025-05-03T07:39:06.418+0000] {dag.py:4180} INFO - Setting next_dagrun for example_bash_operator to 2025-05-02 00:00:00+00:00, run_after=2025-05-03 00:00:00+00:00
[2025-05-03T07:39:06.442+0000] {processor.py:208} INFO - Processing /home/airflow/.local/lib/python3.8/site-packages/airflow/example_dags/example_bash_operator.py took 0.133 seconds
[2025-05-03T07:40:27.612+0000] {processor.py:186} INFO - Started process (PID=88) to work on /home/airflow/.local/lib/python3.8/site-packages/airflow/example_dags/example_bash_operator.py
[2025-05-03T07:40:27.613+0000] {processor.py:914} INFO - Processing file /home/airflow/.local/lib/python3.8/site-packages/airflow/example_dags/example_bash_operator.py for tasks to queue
[2025-05-03T07:40:27.617+0000] {logging_mixin.py:190} INFO - [2025-05-03T07:40:27.616+0000] {dagbag.py:588} INFO - Filling up the DagBag from /home/airflow/.local/lib/python3.8/site-packages/airflow/example_dags/example_bash_operator.py
[2025-05-03T07:40:27.636+0000] {processor.py:925} INFO - DAG(s) 'example_bash_operator' retrieved from /home/airflow/.local/lib/python3.8/site-packages/airflow/example_dags/example_bash_operator.py
[2025-05-03T07:40:27.680+0000] {logging_mixin.py:190} INFO - [2025-05-03T07:40:27.679+0000] {dag.py:3239} INFO - Sync 1 DAGs
[2025-05-03T07:40:27.713+0000] {logging_mixin.py:190} INFO - [2025-05-03T07:40:27.713+0000] {dag.py:4180} INFO - Setting next_dagrun for example_bash_operator to 2025-05-02 00:00:00+00:00, run_after=2025-05-03 00:00:00+00:00
[2025-05-03T07:40:27.740+0000] {processor.py:208} INFO - Processing /home/airflow/.local/lib/python3.8/site-packages/airflow/example_dags/example_bash_operator.py took 0.136 seconds
[2025-05-03T07:40:58.085+0000] {processor.py:186} INFO - Started process (PID=151) to work on /home/airflow/.local/lib/python3.8/site-packages/airflow/example_dags/example_bash_operator.py
[2025-05-03T07:40:58.088+0000] {processor.py:914} INFO - Processing file /home/airflow/.local/lib/python3.8/site-packages/airflow/example_dags/example_bash_operator.py for tasks to queue
[2025-05-03T07:40:58.092+0000] {logging_mixin.py:190} INFO - [2025-05-03T07:40:58.092+0000] {dagbag.py:588} INFO - Filling up the DagBag from /home/airflow/.local/lib/python3.8/site-packages/airflow/example_dags/example_bash_operator.py
[2025-05-03T07:40:58.116+0000] {processor.py:925} INFO - DAG(s) 'example_bash_operator' retrieved from /home/airflow/.local/lib/python3.8/site-packages/airflow/example_dags/example_bash_operator.py
[2025-05-03T07:40:58.170+0000] {logging_mixin.py:190} INFO - [2025-05-03T07:40:58.169+0000] {dag.py:3239} INFO - Sync 1 DAGs
[2025-05-03T07:40:58.211+0000] {logging_mixin.py:190} INFO - [2025-05-03T07:40:58.210+0000] {dag.py:4180} INFO - Setting next_dagrun for example_bash_operator to 2025-05-02 00:00:00+00:00, run_after=2025-05-03 00:00:00+00:00
[2025-05-03T07:40:58.241+0000] {processor.py:208} INFO - Processing /home/airflow/.local/lib/python3.8/site-packages/airflow/example_dags/example_bash_operator.py took 0.168 seconds
