[2025-05-03T07:38:40.536+0000] {processor.py:186} INFO - Started process (PID=123) to work on /home/airflow/.local/lib/python3.8/site-packages/airflow/example_dags/example_branch_day_of_week_operator.py
[2025-05-03T07:38:40.538+0000] {processor.py:914} INFO - Processing file /home/airflow/.local/lib/python3.8/site-packages/airflow/example_dags/example_branch_day_of_week_operator.py for tasks to queue
[2025-05-03T07:38:40.541+0000] {logging_mixin.py:190} INFO - [2025-05-03T07:38:40.540+0000] {dagbag.py:588} INFO - Filling up the DagBag from /home/airflow/.local/lib/python3.8/site-packages/airflow/example_dags/example_branch_day_of_week_operator.py
[2025-05-03T07:38:40.556+0000] {processor.py:925} INFO - DAG(s) 'example_weekday_branch_operator' retrieved from /home/airflow/.local/lib/python3.8/site-packages/airflow/example_dags/example_branch_day_of_week_operator.py
[2025-05-03T07:38:40.703+0000] {logging_mixin.py:190} INFO - [2025-05-03T07:38:40.702+0000] {override.py:1901} INFO - Created Permission View: can read on DAG:example_weekday_branch_operator
[2025-05-03T07:38:40.718+0000] {logging_mixin.py:190} INFO - [2025-05-03T07:38:40.717+0000] {override.py:1901} INFO - Created Permission View: can delete on DAG:example_weekday_branch_operator
[2025-05-03T07:38:40.728+0000] {logging_mixin.py:190} INFO - [2025-05-03T07:38:40.727+0000] {override.py:1901} INFO - Created Permission View: can edit on DAG:example_weekday_branch_operator
[2025-05-03T07:38:40.740+0000] {logging_mixin.py:190} INFO - [2025-05-03T07:38:40.739+0000] {override.py:1901} INFO - Created Permission View: can read on DAG Run:example_weekday_branch_operator
[2025-05-03T07:38:40.750+0000] {logging_mixin.py:190} INFO - [2025-05-03T07:38:40.749+0000] {override.py:1901} INFO - Created Permission View: can create on DAG Run:example_weekday_branch_operator
[2025-05-03T07:38:40.760+0000] {logging_mixin.py:190} INFO - [2025-05-03T07:38:40.759+0000] {override.py:1901} INFO - Created Permission View: can delete on DAG Run:example_weekday_branch_operator
[2025-05-03T07:38:40.770+0000] {logging_mixin.py:190} INFO - [2025-05-03T07:38:40.770+0000] {override.py:1901} INFO - Created Permission View: menu access on DAG Run:example_weekday_branch_operator
[2025-05-03T07:38:40.771+0000] {logging_mixin.py:190} INFO - [2025-05-03T07:38:40.771+0000] {dag.py:3239} INFO - Sync 1 DAGs
[2025-05-03T07:38:40.791+0000] {logging_mixin.py:190} INFO - [2025-05-03T07:38:40.790+0000] {dag.py:3262} INFO - Creating ORM DAG for example_weekday_branch_operator
[2025-05-03T07:38:40.806+0000] {logging_mixin.py:190} INFO - [2025-05-03T07:38:40.805+0000] {dag.py:4180} INFO - Setting next_dagrun for example_weekday_branch_operator to 2025-05-02 00:00:00+00:00, run_after=2025-05-03 00:00:00+00:00
[2025-05-03T07:38:40.830+0000] {processor.py:208} INFO - Processing /home/airflow/.local/lib/python3.8/site-packages/airflow/example_dags/example_branch_day_of_week_operator.py took 0.301 seconds
[2025-05-03T07:40:29.598+0000] {processor.py:186} INFO - Started process (PID=111) to work on /home/airflow/.local/lib/python3.8/site-packages/airflow/example_dags/example_branch_day_of_week_operator.py
[2025-05-03T07:40:29.599+0000] {processor.py:914} INFO - Processing file /home/airflow/.local/lib/python3.8/site-packages/airflow/example_dags/example_branch_day_of_week_operator.py for tasks to queue
[2025-05-03T07:40:29.604+0000] {logging_mixin.py:190} INFO - [2025-05-03T07:40:29.604+0000] {dagbag.py:588} INFO - Filling up the DagBag from /home/airflow/.local/lib/python3.8/site-packages/airflow/example_dags/example_branch_day_of_week_operator.py
[2025-05-03T07:40:29.616+0000] {processor.py:925} INFO - DAG(s) 'example_weekday_branch_operator' retrieved from /home/airflow/.local/lib/python3.8/site-packages/airflow/example_dags/example_branch_day_of_week_operator.py
[2025-05-03T07:40:29.645+0000] {logging_mixin.py:190} INFO - [2025-05-03T07:40:29.645+0000] {dag.py:3239} INFO - Sync 1 DAGs
[2025-05-03T07:40:29.677+0000] {logging_mixin.py:190} INFO - [2025-05-03T07:40:29.677+0000] {dag.py:4180} INFO - Setting next_dagrun for example_weekday_branch_operator to 2025-05-02 00:00:00+00:00, run_after=2025-05-03 00:00:00+00:00
[2025-05-03T07:40:29.704+0000] {processor.py:208} INFO - Processing /home/airflow/.local/lib/python3.8/site-packages/airflow/example_dags/example_branch_day_of_week_operator.py took 0.114 seconds
[2025-05-03T07:41:00.623+0000] {processor.py:186} INFO - Started process (PID=174) to work on /home/airflow/.local/lib/python3.8/site-packages/airflow/example_dags/example_branch_day_of_week_operator.py
[2025-05-03T07:41:00.625+0000] {processor.py:914} INFO - Processing file /home/airflow/.local/lib/python3.8/site-packages/airflow/example_dags/example_branch_day_of_week_operator.py for tasks to queue
[2025-05-03T07:41:00.628+0000] {logging_mixin.py:190} INFO - [2025-05-03T07:41:00.627+0000] {dagbag.py:588} INFO - Filling up the DagBag from /home/airflow/.local/lib/python3.8/site-packages/airflow/example_dags/example_branch_day_of_week_operator.py
[2025-05-03T07:41:00.643+0000] {processor.py:925} INFO - DAG(s) 'example_weekday_branch_operator' retrieved from /home/airflow/.local/lib/python3.8/site-packages/airflow/example_dags/example_branch_day_of_week_operator.py
[2025-05-03T07:41:00.675+0000] {logging_mixin.py:190} INFO - [2025-05-03T07:41:00.674+0000] {dag.py:3239} INFO - Sync 1 DAGs
[2025-05-03T07:41:00.710+0000] {logging_mixin.py:190} INFO - [2025-05-03T07:41:00.709+0000] {dag.py:4180} INFO - Setting next_dagrun for example_weekday_branch_operator to 2025-05-02 00:00:00+00:00, run_after=2025-05-03 00:00:00+00:00
[2025-05-03T07:41:00.739+0000] {processor.py:208} INFO - Processing /home/airflow/.local/lib/python3.8/site-packages/airflow/example_dags/example_branch_day_of_week_operator.py took 0.124 seconds
