[2025-05-03T07:38:38.796+0000] {processor.py:186} INFO - Started process (PID=116) to work on /home/airflow/.local/lib/python3.8/site-packages/airflow/example_dags/example_trigger_target_dag.py
[2025-05-03T07:38:38.797+0000] {processor.py:914} INFO - Processing file /home/airflow/.local/lib/python3.8/site-packages/airflow/example_dags/example_trigger_target_dag.py for tasks to queue
[2025-05-03T07:38:38.801+0000] {logging_mixin.py:190} INFO - [2025-05-03T07:38:38.800+0000] {dagbag.py:588} INFO - Filling up the DagBag from /home/airflow/.local/lib/python3.8/site-packages/airflow/example_dags/example_trigger_target_dag.py
[2025-05-03T07:38:38.812+0000] {processor.py:925} INFO - DAG(s) 'example_trigger_target_dag' retrieved from /home/airflow/.local/lib/python3.8/site-packages/airflow/example_dags/example_trigger_target_dag.py
[2025-05-03T07:38:39.029+0000] {logging_mixin.py:190} INFO - [2025-05-03T07:38:39.028+0000] {override.py:1901} INFO - Created Permission View: can read on DAG:example_trigger_target_dag
[2025-05-03T07:38:39.044+0000] {logging_mixin.py:190} INFO - [2025-05-03T07:38:39.044+0000] {override.py:1901} INFO - Created Permission View: can delete on DAG:example_trigger_target_dag
[2025-05-03T07:38:39.055+0000] {logging_mixin.py:190} INFO - [2025-05-03T07:38:39.055+0000] {override.py:1901} INFO - Created Permission View: can edit on DAG:example_trigger_target_dag
[2025-05-03T07:38:39.068+0000] {logging_mixin.py:190} INFO - [2025-05-03T07:38:39.067+0000] {override.py:1901} INFO - Created Permission View: can read on DAG Run:example_trigger_target_dag
[2025-05-03T07:38:39.078+0000] {logging_mixin.py:190} INFO - [2025-05-03T07:38:39.077+0000] {override.py:1901} INFO - Created Permission View: can create on DAG Run:example_trigger_target_dag
[2025-05-03T07:38:39.088+0000] {logging_mixin.py:190} INFO - [2025-05-03T07:38:39.087+0000] {override.py:1901} INFO - Created Permission View: can delete on DAG Run:example_trigger_target_dag
[2025-05-03T07:38:39.098+0000] {logging_mixin.py:190} INFO - [2025-05-03T07:38:39.098+0000] {override.py:1901} INFO - Created Permission View: menu access on DAG Run:example_trigger_target_dag
[2025-05-03T07:38:39.099+0000] {logging_mixin.py:190} INFO - [2025-05-03T07:38:39.099+0000] {dag.py:3239} INFO - Sync 1 DAGs
[2025-05-03T07:38:39.119+0000] {logging_mixin.py:190} INFO - [2025-05-03T07:38:39.119+0000] {dag.py:3262} INFO - Creating ORM DAG for example_trigger_target_dag
[2025-05-03T07:38:39.120+0000] {logging_mixin.py:190} INFO - [2025-05-03T07:38:39.120+0000] {dag.py:4180} INFO - Setting next_dagrun for example_trigger_target_dag to None, run_after=None
[2025-05-03T07:38:39.144+0000] {processor.py:208} INFO - Processing /home/airflow/.local/lib/python3.8/site-packages/airflow/example_dags/example_trigger_target_dag.py took 0.361 seconds
[2025-05-03T07:39:09.874+0000] {processor.py:186} INFO - Started process (PID=179) to work on /home/airflow/.local/lib/python3.8/site-packages/airflow/example_dags/example_trigger_target_dag.py
[2025-05-03T07:39:09.875+0000] {processor.py:914} INFO - Processing file /home/airflow/.local/lib/python3.8/site-packages/airflow/example_dags/example_trigger_target_dag.py for tasks to queue
[2025-05-03T07:39:09.881+0000] {logging_mixin.py:190} INFO - [2025-05-03T07:39:09.880+0000] {dagbag.py:588} INFO - Filling up the DagBag from /home/airflow/.local/lib/python3.8/site-packages/airflow/example_dags/example_trigger_target_dag.py
[2025-05-03T07:39:09.898+0000] {processor.py:925} INFO - DAG(s) 'example_trigger_target_dag' retrieved from /home/airflow/.local/lib/python3.8/site-packages/airflow/example_dags/example_trigger_target_dag.py
[2025-05-03T07:39:09.942+0000] {logging_mixin.py:190} INFO - [2025-05-03T07:39:09.941+0000] {dag.py:3239} INFO - Sync 1 DAGs
[2025-05-03T07:39:09.977+0000] {logging_mixin.py:190} INFO - [2025-05-03T07:39:09.976+0000] {dag.py:4180} INFO - Setting next_dagrun for example_trigger_target_dag to None, run_after=None
[2025-05-03T07:39:10.020+0000] {processor.py:208} INFO - Processing /home/airflow/.local/lib/python3.8/site-packages/airflow/example_dags/example_trigger_target_dag.py took 0.158 seconds
[2025-05-03T07:40:29.053+0000] {processor.py:186} INFO - Started process (PID=104) to work on /home/airflow/.local/lib/python3.8/site-packages/airflow/example_dags/example_trigger_target_dag.py
[2025-05-03T07:40:29.054+0000] {processor.py:914} INFO - Processing file /home/airflow/.local/lib/python3.8/site-packages/airflow/example_dags/example_trigger_target_dag.py for tasks to queue
[2025-05-03T07:40:29.057+0000] {logging_mixin.py:190} INFO - [2025-05-03T07:40:29.057+0000] {dagbag.py:588} INFO - Filling up the DagBag from /home/airflow/.local/lib/python3.8/site-packages/airflow/example_dags/example_trigger_target_dag.py
[2025-05-03T07:40:29.067+0000] {processor.py:925} INFO - DAG(s) 'example_trigger_target_dag' retrieved from /home/airflow/.local/lib/python3.8/site-packages/airflow/example_dags/example_trigger_target_dag.py
[2025-05-03T07:40:29.094+0000] {logging_mixin.py:190} INFO - [2025-05-03T07:40:29.094+0000] {dag.py:3239} INFO - Sync 1 DAGs
[2025-05-03T07:40:29.120+0000] {logging_mixin.py:190} INFO - [2025-05-03T07:40:29.119+0000] {dag.py:4180} INFO - Setting next_dagrun for example_trigger_target_dag to None, run_after=None
[2025-05-03T07:40:29.148+0000] {processor.py:208} INFO - Processing /home/airflow/.local/lib/python3.8/site-packages/airflow/example_dags/example_trigger_target_dag.py took 0.102 seconds
[2025-05-03T07:40:59.765+0000] {processor.py:186} INFO - Started process (PID=167) to work on /home/airflow/.local/lib/python3.8/site-packages/airflow/example_dags/example_trigger_target_dag.py
[2025-05-03T07:40:59.766+0000] {processor.py:914} INFO - Processing file /home/airflow/.local/lib/python3.8/site-packages/airflow/example_dags/example_trigger_target_dag.py for tasks to queue
[2025-05-03T07:40:59.769+0000] {logging_mixin.py:190} INFO - [2025-05-03T07:40:59.769+0000] {dagbag.py:588} INFO - Filling up the DagBag from /home/airflow/.local/lib/python3.8/site-packages/airflow/example_dags/example_trigger_target_dag.py
[2025-05-03T07:40:59.780+0000] {processor.py:925} INFO - DAG(s) 'example_trigger_target_dag' retrieved from /home/airflow/.local/lib/python3.8/site-packages/airflow/example_dags/example_trigger_target_dag.py
[2025-05-03T07:40:59.810+0000] {logging_mixin.py:190} INFO - [2025-05-03T07:40:59.810+0000] {dag.py:3239} INFO - Sync 1 DAGs
[2025-05-03T07:40:59.832+0000] {logging_mixin.py:190} INFO - [2025-05-03T07:40:59.831+0000] {dag.py:4180} INFO - Setting next_dagrun for example_trigger_target_dag to None, run_after=None
[2025-05-03T07:40:59.858+0000] {processor.py:208} INFO - Processing /home/airflow/.local/lib/python3.8/site-packages/airflow/example_dags/example_trigger_target_dag.py took 0.101 seconds
