[2025-05-03T07:38:32.592+0000] {processor.py:186} INFO - Started process (PID=83) to work on /home/airflow/.local/lib/python3.8/site-packages/airflow/example_dags/example_skip_dag.py
[2025-05-03T07:38:32.594+0000] {processor.py:914} INFO - Processing file /home/airflow/.local/lib/python3.8/site-packages/airflow/example_dags/example_skip_dag.py for tasks to queue
[2025-05-03T07:38:32.597+0000] {logging_mixin.py:190} INFO - [2025-05-03T07:38:32.597+0000] {dagbag.py:588} INFO - Filling up the DagBag from /home/airflow/.local/lib/python3.8/site-packages/airflow/example_dags/example_skip_dag.py
[2025-05-03T07:38:32.619+0000] {processor.py:925} INFO - DAG(s) 'example_skip_dag' retrieved from /home/airflow/.local/lib/python3.8/site-packages/airflow/example_dags/example_skip_dag.py
[2025-05-03T07:38:32.761+0000] {logging_mixin.py:190} INFO - [2025-05-03T07:38:32.761+0000] {override.py:1901} INFO - Created Permission View: can read on DAG:example_skip_dag
[2025-05-03T07:38:32.776+0000] {logging_mixin.py:190} INFO - [2025-05-03T07:38:32.775+0000] {override.py:1901} INFO - Created Permission View: can delete on DAG:example_skip_dag
[2025-05-03T07:38:32.786+0000] {logging_mixin.py:190} INFO - [2025-05-03T07:38:32.785+0000] {override.py:1901} INFO - Created Permission View: can edit on DAG:example_skip_dag
[2025-05-03T07:38:32.797+0000] {logging_mixin.py:190} INFO - [2025-05-03T07:38:32.797+0000] {override.py:1901} INFO - Created Permission View: can read on DAG Run:example_skip_dag
[2025-05-03T07:38:32.807+0000] {logging_mixin.py:190} INFO - [2025-05-03T07:38:32.806+0000] {override.py:1901} INFO - Created Permission View: can create on DAG Run:example_skip_dag
[2025-05-03T07:38:32.816+0000] {logging_mixin.py:190} INFO - [2025-05-03T07:38:32.816+0000] {override.py:1901} INFO - Created Permission View: can delete on DAG Run:example_skip_dag
[2025-05-03T07:38:32.827+0000] {logging_mixin.py:190} INFO - [2025-05-03T07:38:32.826+0000] {override.py:1901} INFO - Created Permission View: menu access on DAG Run:example_skip_dag
[2025-05-03T07:38:32.828+0000] {logging_mixin.py:190} INFO - [2025-05-03T07:38:32.827+0000] {dag.py:3239} INFO - Sync 1 DAGs
[2025-05-03T07:38:32.846+0000] {logging_mixin.py:190} INFO - [2025-05-03T07:38:32.846+0000] {dag.py:3262} INFO - Creating ORM DAG for example_skip_dag
[2025-05-03T07:38:32.859+0000] {logging_mixin.py:190} INFO - [2025-05-03T07:38:32.859+0000] {dag.py:4180} INFO - Setting next_dagrun for example_skip_dag to 2025-05-02 00:00:00+00:00, run_after=2025-05-03 00:00:00+00:00
[2025-05-03T07:38:32.884+0000] {processor.py:208} INFO - Processing /home/airflow/.local/lib/python3.8/site-packages/airflow/example_dags/example_skip_dag.py took 0.300 seconds
[2025-05-03T07:39:03.031+0000] {processor.py:186} INFO - Started process (PID=145) to work on /home/airflow/.local/lib/python3.8/site-packages/airflow/example_dags/example_skip_dag.py
[2025-05-03T07:39:03.033+0000] {processor.py:914} INFO - Processing file /home/airflow/.local/lib/python3.8/site-packages/airflow/example_dags/example_skip_dag.py for tasks to queue
[2025-05-03T07:39:03.037+0000] {logging_mixin.py:190} INFO - [2025-05-03T07:39:03.036+0000] {dagbag.py:588} INFO - Filling up the DagBag from /home/airflow/.local/lib/python3.8/site-packages/airflow/example_dags/example_skip_dag.py
[2025-05-03T07:39:03.051+0000] {processor.py:925} INFO - DAG(s) 'example_skip_dag' retrieved from /home/airflow/.local/lib/python3.8/site-packages/airflow/example_dags/example_skip_dag.py
[2025-05-03T07:39:03.089+0000] {logging_mixin.py:190} INFO - [2025-05-03T07:39:03.088+0000] {dag.py:3239} INFO - Sync 1 DAGs
[2025-05-03T07:39:03.135+0000] {logging_mixin.py:190} INFO - [2025-05-03T07:39:03.135+0000] {dag.py:4180} INFO - Setting next_dagrun for example_skip_dag to 2025-05-02 00:00:00+00:00, run_after=2025-05-03 00:00:00+00:00
[2025-05-03T07:39:03.168+0000] {processor.py:208} INFO - Processing /home/airflow/.local/lib/python3.8/site-packages/airflow/example_dags/example_skip_dag.py took 0.146 seconds
[2025-05-03T07:40:26.351+0000] {processor.py:186} INFO - Started process (PID=71) to work on /home/airflow/.local/lib/python3.8/site-packages/airflow/example_dags/example_skip_dag.py
[2025-05-03T07:40:26.352+0000] {processor.py:914} INFO - Processing file /home/airflow/.local/lib/python3.8/site-packages/airflow/example_dags/example_skip_dag.py for tasks to queue
[2025-05-03T07:40:26.356+0000] {logging_mixin.py:190} INFO - [2025-05-03T07:40:26.355+0000] {dagbag.py:588} INFO - Filling up the DagBag from /home/airflow/.local/lib/python3.8/site-packages/airflow/example_dags/example_skip_dag.py
[2025-05-03T07:40:26.366+0000] {processor.py:925} INFO - DAG(s) 'example_skip_dag' retrieved from /home/airflow/.local/lib/python3.8/site-packages/airflow/example_dags/example_skip_dag.py
[2025-05-03T07:40:26.403+0000] {logging_mixin.py:190} INFO - [2025-05-03T07:40:26.403+0000] {dag.py:3239} INFO - Sync 1 DAGs
[2025-05-03T07:40:26.443+0000] {logging_mixin.py:190} INFO - [2025-05-03T07:40:26.443+0000] {dag.py:4180} INFO - Setting next_dagrun for example_skip_dag to 2025-05-02 00:00:00+00:00, run_after=2025-05-03 00:00:00+00:00
[2025-05-03T07:40:26.469+0000] {processor.py:208} INFO - Processing /home/airflow/.local/lib/python3.8/site-packages/airflow/example_dags/example_skip_dag.py took 0.128 seconds
[2025-05-03T07:40:56.668+0000] {processor.py:186} INFO - Started process (PID=134) to work on /home/airflow/.local/lib/python3.8/site-packages/airflow/example_dags/example_skip_dag.py
[2025-05-03T07:40:56.670+0000] {processor.py:914} INFO - Processing file /home/airflow/.local/lib/python3.8/site-packages/airflow/example_dags/example_skip_dag.py for tasks to queue
[2025-05-03T07:40:56.674+0000] {logging_mixin.py:190} INFO - [2025-05-03T07:40:56.673+0000] {dagbag.py:588} INFO - Filling up the DagBag from /home/airflow/.local/lib/python3.8/site-packages/airflow/example_dags/example_skip_dag.py
[2025-05-03T07:40:56.686+0000] {processor.py:925} INFO - DAG(s) 'example_skip_dag' retrieved from /home/airflow/.local/lib/python3.8/site-packages/airflow/example_dags/example_skip_dag.py
[2025-05-03T07:40:56.720+0000] {logging_mixin.py:190} INFO - [2025-05-03T07:40:56.719+0000] {dag.py:3239} INFO - Sync 1 DAGs
[2025-05-03T07:40:56.756+0000] {logging_mixin.py:190} INFO - [2025-05-03T07:40:56.756+0000] {dag.py:4180} INFO - Setting next_dagrun for example_skip_dag to 2025-05-02 00:00:00+00:00, run_after=2025-05-03 00:00:00+00:00
[2025-05-03T07:40:56.786+0000] {processor.py:208} INFO - Processing /home/airflow/.local/lib/python3.8/site-packages/airflow/example_dags/example_skip_dag.py took 0.126 seconds
[2025-05-03T07:41:26.881+0000] {processor.py:186} INFO - Started process (PID=196) to work on /home/airflow/.local/lib/python3.8/site-packages/airflow/example_dags/example_skip_dag.py
[2025-05-03T07:41:26.882+0000] {processor.py:914} INFO - Processing file /home/airflow/.local/lib/python3.8/site-packages/airflow/example_dags/example_skip_dag.py for tasks to queue
[2025-05-03T07:41:26.887+0000] {logging_mixin.py:190} INFO - [2025-05-03T07:41:26.887+0000] {dagbag.py:588} INFO - Filling up the DagBag from /home/airflow/.local/lib/python3.8/site-packages/airflow/example_dags/example_skip_dag.py
[2025-05-03T07:41:26.904+0000] {processor.py:925} INFO - DAG(s) 'example_skip_dag' retrieved from /home/airflow/.local/lib/python3.8/site-packages/airflow/example_dags/example_skip_dag.py
[2025-05-03T07:41:26.952+0000] {logging_mixin.py:190} INFO - [2025-05-03T07:41:26.951+0000] {dag.py:3239} INFO - Sync 1 DAGs
[2025-05-03T07:41:27.010+0000] {logging_mixin.py:190} INFO - [2025-05-03T07:41:27.009+0000] {dag.py:4180} INFO - Setting next_dagrun for example_skip_dag to 2025-05-02 00:00:00+00:00, run_after=2025-05-03 00:00:00+00:00
[2025-05-03T07:41:27.055+0000] {processor.py:208} INFO - Processing /home/airflow/.local/lib/python3.8/site-packages/airflow/example_dags/example_skip_dag.py took 0.187 seconds
