[2025-05-03T07:38:36.908+0000] {processor.py:186} INFO - Started process (PID=107) to work on /home/airflow/.local/lib/python3.8/site-packages/airflow/example_dags/example_short_circuit_operator.py
[2025-05-03T07:38:36.910+0000] {processor.py:914} INFO - Processing file /home/airflow/.local/lib/python3.8/site-packages/airflow/example_dags/example_short_circuit_operator.py for tasks to queue
[2025-05-03T07:38:36.914+0000] {logging_mixin.py:190} INFO - [2025-05-03T07:38:36.913+0000] {dagbag.py:588} INFO - Filling up the DagBag from /home/airflow/.local/lib/python3.8/site-packages/airflow/example_dags/example_short_circuit_operator.py
[2025-05-03T07:38:36.928+0000] {processor.py:925} INFO - DAG(s) 'example_short_circuit_operator' retrieved from /home/airflow/.local/lib/python3.8/site-packages/airflow/example_dags/example_short_circuit_operator.py
[2025-05-03T07:38:37.077+0000] {logging_mixin.py:190} INFO - [2025-05-03T07:38:37.076+0000] {override.py:1901} INFO - Created Permission View: can read on DAG:example_short_circuit_operator
[2025-05-03T07:38:37.095+0000] {logging_mixin.py:190} INFO - [2025-05-03T07:38:37.094+0000] {override.py:1901} INFO - Created Permission View: can delete on DAG:example_short_circuit_operator
[2025-05-03T07:38:37.106+0000] {logging_mixin.py:190} INFO - [2025-05-03T07:38:37.106+0000] {override.py:1901} INFO - Created Permission View: can edit on DAG:example_short_circuit_operator
[2025-05-03T07:38:37.119+0000] {logging_mixin.py:190} INFO - [2025-05-03T07:38:37.119+0000] {override.py:1901} INFO - Created Permission View: can read on DAG Run:example_short_circuit_operator
[2025-05-03T07:38:37.132+0000] {logging_mixin.py:190} INFO - [2025-05-03T07:38:37.131+0000] {override.py:1901} INFO - Created Permission View: can create on DAG Run:example_short_circuit_operator
[2025-05-03T07:38:37.143+0000] {logging_mixin.py:190} INFO - [2025-05-03T07:38:37.142+0000] {override.py:1901} INFO - Created Permission View: can delete on DAG Run:example_short_circuit_operator
[2025-05-03T07:38:37.154+0000] {logging_mixin.py:190} INFO - [2025-05-03T07:38:37.153+0000] {override.py:1901} INFO - Created Permission View: menu access on DAG Run:example_short_circuit_operator
[2025-05-03T07:38:37.155+0000] {logging_mixin.py:190} INFO - [2025-05-03T07:38:37.155+0000] {dag.py:3239} INFO - Sync 1 DAGs
[2025-05-03T07:38:37.174+0000] {logging_mixin.py:190} INFO - [2025-05-03T07:38:37.174+0000] {dag.py:3262} INFO - Creating ORM DAG for example_short_circuit_operator
[2025-05-03T07:38:37.176+0000] {logging_mixin.py:190} INFO - [2025-05-03T07:38:37.175+0000] {dag.py:4180} INFO - Setting next_dagrun for example_short_circuit_operator to None, run_after=None
[2025-05-03T07:38:37.202+0000] {processor.py:208} INFO - Processing /home/airflow/.local/lib/python3.8/site-packages/airflow/example_dags/example_short_circuit_operator.py took 0.302 seconds
[2025-05-03T07:39:08.149+0000] {processor.py:186} INFO - Started process (PID=170) to work on /home/airflow/.local/lib/python3.8/site-packages/airflow/example_dags/example_short_circuit_operator.py
[2025-05-03T07:39:08.151+0000] {processor.py:914} INFO - Processing file /home/airflow/.local/lib/python3.8/site-packages/airflow/example_dags/example_short_circuit_operator.py for tasks to queue
[2025-05-03T07:39:08.154+0000] {logging_mixin.py:190} INFO - [2025-05-03T07:39:08.154+0000] {dagbag.py:588} INFO - Filling up the DagBag from /home/airflow/.local/lib/python3.8/site-packages/airflow/example_dags/example_short_circuit_operator.py
[2025-05-03T07:39:08.166+0000] {processor.py:925} INFO - DAG(s) 'example_short_circuit_operator' retrieved from /home/airflow/.local/lib/python3.8/site-packages/airflow/example_dags/example_short_circuit_operator.py
[2025-05-03T07:39:08.201+0000] {logging_mixin.py:190} INFO - [2025-05-03T07:39:08.201+0000] {dag.py:3239} INFO - Sync 1 DAGs
[2025-05-03T07:39:08.221+0000] {logging_mixin.py:190} INFO - [2025-05-03T07:39:08.221+0000] {dag.py:4180} INFO - Setting next_dagrun for example_short_circuit_operator to None, run_after=None
[2025-05-03T07:39:08.250+0000] {processor.py:208} INFO - Processing /home/airflow/.local/lib/python3.8/site-packages/airflow/example_dags/example_short_circuit_operator.py took 0.110 seconds
[2025-05-03T07:40:28.216+0000] {processor.py:186} INFO - Started process (PID=95) to work on /home/airflow/.local/lib/python3.8/site-packages/airflow/example_dags/example_short_circuit_operator.py
[2025-05-03T07:40:28.217+0000] {processor.py:914} INFO - Processing file /home/airflow/.local/lib/python3.8/site-packages/airflow/example_dags/example_short_circuit_operator.py for tasks to queue
[2025-05-03T07:40:28.221+0000] {logging_mixin.py:190} INFO - [2025-05-03T07:40:28.220+0000] {dagbag.py:588} INFO - Filling up the DagBag from /home/airflow/.local/lib/python3.8/site-packages/airflow/example_dags/example_short_circuit_operator.py
[2025-05-03T07:40:28.232+0000] {processor.py:925} INFO - DAG(s) 'example_short_circuit_operator' retrieved from /home/airflow/.local/lib/python3.8/site-packages/airflow/example_dags/example_short_circuit_operator.py
[2025-05-03T07:40:28.266+0000] {logging_mixin.py:190} INFO - [2025-05-03T07:40:28.266+0000] {dag.py:3239} INFO - Sync 1 DAGs
[2025-05-03T07:40:28.289+0000] {logging_mixin.py:190} INFO - [2025-05-03T07:40:28.289+0000] {dag.py:4180} INFO - Setting next_dagrun for example_short_circuit_operator to None, run_after=None
[2025-05-03T07:40:28.315+0000] {processor.py:208} INFO - Processing /home/airflow/.local/lib/python3.8/site-packages/airflow/example_dags/example_short_circuit_operator.py took 0.108 seconds
[2025-05-03T07:40:58.783+0000] {processor.py:186} INFO - Started process (PID=158) to work on /home/airflow/.local/lib/python3.8/site-packages/airflow/example_dags/example_short_circuit_operator.py
[2025-05-03T07:40:58.784+0000] {processor.py:914} INFO - Processing file /home/airflow/.local/lib/python3.8/site-packages/airflow/example_dags/example_short_circuit_operator.py for tasks to queue
[2025-05-03T07:40:58.787+0000] {logging_mixin.py:190} INFO - [2025-05-03T07:40:58.787+0000] {dagbag.py:588} INFO - Filling up the DagBag from /home/airflow/.local/lib/python3.8/site-packages/airflow/example_dags/example_short_circuit_operator.py
[2025-05-03T07:40:58.800+0000] {processor.py:925} INFO - DAG(s) 'example_short_circuit_operator' retrieved from /home/airflow/.local/lib/python3.8/site-packages/airflow/example_dags/example_short_circuit_operator.py
[2025-05-03T07:40:58.836+0000] {logging_mixin.py:190} INFO - [2025-05-03T07:40:58.836+0000] {dag.py:3239} INFO - Sync 1 DAGs
[2025-05-03T07:40:58.858+0000] {logging_mixin.py:190} INFO - [2025-05-03T07:40:58.858+0000] {dag.py:4180} INFO - Setting next_dagrun for example_short_circuit_operator to None, run_after=None
[2025-05-03T07:40:58.886+0000] {processor.py:208} INFO - Processing /home/airflow/.local/lib/python3.8/site-packages/airflow/example_dags/example_short_circuit_operator.py took 0.111 seconds
