[2025-05-03T07:38:42.972+0000] {processor.py:186} INFO - Started process (PID=134) to work on /home/airflow/.local/lib/python3.8/site-packages/airflow/example_dags/example_latest_only.py
[2025-05-03T07:38:42.973+0000] {processor.py:914} INFO - Processing file /home/airflow/.local/lib/python3.8/site-packages/airflow/example_dags/example_latest_only.py for tasks to queue
[2025-05-03T07:38:42.977+0000] {logging_mixin.py:190} INFO - [2025-05-03T07:38:42.976+0000] {dagbag.py:588} INFO - Filling up the DagBag from /home/airflow/.local/lib/python3.8/site-packages/airflow/example_dags/example_latest_only.py
[2025-05-03T07:38:42.987+0000] {processor.py:925} INFO - DAG(s) 'latest_only' retrieved from /home/airflow/.local/lib/python3.8/site-packages/airflow/example_dags/example_latest_only.py
[2025-05-03T07:38:43.154+0000] {logging_mixin.py:190} INFO - [2025-05-03T07:38:43.153+0000] {override.py:1901} INFO - Created Permission View: can read on DAG:latest_only
[2025-05-03T07:38:43.172+0000] {logging_mixin.py:190} INFO - [2025-05-03T07:38:43.172+0000] {override.py:1901} INFO - Created Permission View: can delete on DAG:latest_only
[2025-05-03T07:38:43.186+0000] {logging_mixin.py:190} INFO - [2025-05-03T07:38:43.186+0000] {override.py:1901} INFO - Created Permission View: can edit on DAG:latest_only
[2025-05-03T07:38:43.205+0000] {logging_mixin.py:190} INFO - [2025-05-03T07:38:43.204+0000] {override.py:1901} INFO - Created Permission View: can read on DAG Run:latest_only
[2025-05-03T07:38:43.220+0000] {logging_mixin.py:190} INFO - [2025-05-03T07:38:43.219+0000] {override.py:1901} INFO - Created Permission View: can create on DAG Run:latest_only
[2025-05-03T07:38:43.233+0000] {logging_mixin.py:190} INFO - [2025-05-03T07:38:43.232+0000] {override.py:1901} INFO - Created Permission View: can delete on DAG Run:latest_only
[2025-05-03T07:38:43.246+0000] {logging_mixin.py:190} INFO - [2025-05-03T07:38:43.246+0000] {override.py:1901} INFO - Created Permission View: menu access on DAG Run:latest_only
[2025-05-03T07:38:43.247+0000] {logging_mixin.py:190} INFO - [2025-05-03T07:38:43.247+0000] {dag.py:3239} INFO - Sync 1 DAGs
[2025-05-03T07:38:43.269+0000] {logging_mixin.py:190} INFO - [2025-05-03T07:38:43.268+0000] {dag.py:3262} INFO - Creating ORM DAG for latest_only
[2025-05-03T07:38:43.285+0000] {logging_mixin.py:190} INFO - [2025-05-03T07:38:43.284+0000] {dag.py:4180} INFO - Setting next_dagrun for latest_only to 2025-05-03 00:00:00+00:00, run_after=2025-05-03 04:00:00+00:00
[2025-05-03T07:38:43.315+0000] {processor.py:208} INFO - Processing /home/airflow/.local/lib/python3.8/site-packages/airflow/example_dags/example_latest_only.py took 0.352 seconds
[2025-05-03T07:40:30.675+0000] {processor.py:186} INFO - Started process (PID=122) to work on /home/airflow/.local/lib/python3.8/site-packages/airflow/example_dags/example_latest_only.py
[2025-05-03T07:40:30.676+0000] {processor.py:914} INFO - Processing file /home/airflow/.local/lib/python3.8/site-packages/airflow/example_dags/example_latest_only.py for tasks to queue
[2025-05-03T07:40:30.679+0000] {logging_mixin.py:190} INFO - [2025-05-03T07:40:30.678+0000] {dagbag.py:588} INFO - Filling up the DagBag from /home/airflow/.local/lib/python3.8/site-packages/airflow/example_dags/example_latest_only.py
[2025-05-03T07:40:30.688+0000] {processor.py:925} INFO - DAG(s) 'latest_only' retrieved from /home/airflow/.local/lib/python3.8/site-packages/airflow/example_dags/example_latest_only.py
[2025-05-03T07:40:30.713+0000] {logging_mixin.py:190} INFO - [2025-05-03T07:40:30.713+0000] {dag.py:3239} INFO - Sync 1 DAGs
[2025-05-03T07:40:30.743+0000] {logging_mixin.py:190} INFO - [2025-05-03T07:40:30.742+0000] {dag.py:4180} INFO - Setting next_dagrun for latest_only to 2025-05-03 00:00:00+00:00, run_after=2025-05-03 04:00:00+00:00
[2025-05-03T07:40:30.768+0000] {processor.py:208} INFO - Processing /home/airflow/.local/lib/python3.8/site-packages/airflow/example_dags/example_latest_only.py took 0.102 seconds
[2025-05-03T07:41:01.896+0000] {processor.py:186} INFO - Started process (PID=185) to work on /home/airflow/.local/lib/python3.8/site-packages/airflow/example_dags/example_latest_only.py
[2025-05-03T07:41:01.897+0000] {processor.py:914} INFO - Processing file /home/airflow/.local/lib/python3.8/site-packages/airflow/example_dags/example_latest_only.py for tasks to queue
[2025-05-03T07:41:01.900+0000] {logging_mixin.py:190} INFO - [2025-05-03T07:41:01.900+0000] {dagbag.py:588} INFO - Filling up the DagBag from /home/airflow/.local/lib/python3.8/site-packages/airflow/example_dags/example_latest_only.py
[2025-05-03T07:41:01.909+0000] {processor.py:925} INFO - DAG(s) 'latest_only' retrieved from /home/airflow/.local/lib/python3.8/site-packages/airflow/example_dags/example_latest_only.py
[2025-05-03T07:41:01.936+0000] {logging_mixin.py:190} INFO - [2025-05-03T07:41:01.936+0000] {dag.py:3239} INFO - Sync 1 DAGs
[2025-05-03T07:41:01.969+0000] {logging_mixin.py:190} INFO - [2025-05-03T07:41:01.969+0000] {dag.py:4180} INFO - Setting next_dagrun for latest_only to 2025-05-03 00:00:00+00:00, run_after=2025-05-03 04:00:00+00:00
[2025-05-03T07:41:02.000+0000] {processor.py:208} INFO - Processing /home/airflow/.local/lib/python3.8/site-packages/airflow/example_dags/example_latest_only.py took 0.112 seconds
