[2025-05-03T07:38:41.284+0000] {processor.py:186} INFO - Started process (PID=126) to work on /home/airflow/.local/lib/python3.8/site-packages/airflow/example_dags/example_dag_decorator.py
[2025-05-03T07:38:41.286+0000] {processor.py:914} INFO - Processing file /home/airflow/.local/lib/python3.8/site-packages/airflow/example_dags/example_dag_decorator.py for tasks to queue
[2025-05-03T07:38:41.289+0000] {logging_mixin.py:190} INFO - [2025-05-03T07:38:41.288+0000] {dagbag.py:588} INFO - Filling up the DagBag from /home/airflow/.local/lib/python3.8/site-packages/airflow/example_dags/example_dag_decorator.py
[2025-05-03T07:38:41.307+0000] {processor.py:925} INFO - DAG(s) 'example_dag_decorator' retrieved from /home/airflow/.local/lib/python3.8/site-packages/airflow/example_dags/example_dag_decorator.py
[2025-05-03T07:38:41.458+0000] {logging_mixin.py:190} INFO - [2025-05-03T07:38:41.457+0000] {override.py:1901} INFO - Created Permission View: can read on DAG:example_dag_decorator
[2025-05-03T07:38:41.477+0000] {logging_mixin.py:190} INFO - [2025-05-03T07:38:41.476+0000] {override.py:1901} INFO - Created Permission View: can delete on DAG:example_dag_decorator
[2025-05-03T07:38:41.487+0000] {logging_mixin.py:190} INFO - [2025-05-03T07:38:41.487+0000] {override.py:1901} INFO - Created Permission View: can edit on DAG:example_dag_decorator
[2025-05-03T07:38:41.499+0000] {logging_mixin.py:190} INFO - [2025-05-03T07:38:41.499+0000] {override.py:1901} INFO - Created Permission View: can read on DAG Run:example_dag_decorator
[2025-05-03T07:38:41.509+0000] {logging_mixin.py:190} INFO - [2025-05-03T07:38:41.509+0000] {override.py:1901} INFO - Created Permission View: can create on DAG Run:example_dag_decorator
[2025-05-03T07:38:41.520+0000] {logging_mixin.py:190} INFO - [2025-05-03T07:38:41.520+0000] {override.py:1901} INFO - Created Permission View: can delete on DAG Run:example_dag_decorator
[2025-05-03T07:38:41.531+0000] {logging_mixin.py:190} INFO - [2025-05-03T07:38:41.531+0000] {override.py:1901} INFO - Created Permission View: menu access on DAG Run:example_dag_decorator
[2025-05-03T07:38:41.532+0000] {logging_mixin.py:190} INFO - [2025-05-03T07:38:41.532+0000] {dag.py:3239} INFO - Sync 1 DAGs
[2025-05-03T07:38:41.550+0000] {logging_mixin.py:190} INFO - [2025-05-03T07:38:41.550+0000] {dag.py:3262} INFO - Creating ORM DAG for example_dag_decorator
[2025-05-03T07:38:41.551+0000] {logging_mixin.py:190} INFO - [2025-05-03T07:38:41.551+0000] {dag.py:4180} INFO - Setting next_dagrun for example_dag_decorator to None, run_after=None
[2025-05-03T07:38:41.579+0000] {processor.py:208} INFO - Processing /home/airflow/.local/lib/python3.8/site-packages/airflow/example_dags/example_dag_decorator.py took 0.303 seconds
[2025-05-03T07:40:30.036+0000] {processor.py:186} INFO - Started process (PID=114) to work on /home/airflow/.local/lib/python3.8/site-packages/airflow/example_dags/example_dag_decorator.py
[2025-05-03T07:40:30.037+0000] {processor.py:914} INFO - Processing file /home/airflow/.local/lib/python3.8/site-packages/airflow/example_dags/example_dag_decorator.py for tasks to queue
[2025-05-03T07:40:30.041+0000] {logging_mixin.py:190} INFO - [2025-05-03T07:40:30.040+0000] {dagbag.py:588} INFO - Filling up the DagBag from /home/airflow/.local/lib/python3.8/site-packages/airflow/example_dags/example_dag_decorator.py
[2025-05-03T07:40:30.056+0000] {processor.py:925} INFO - DAG(s) 'example_dag_decorator' retrieved from /home/airflow/.local/lib/python3.8/site-packages/airflow/example_dags/example_dag_decorator.py
[2025-05-03T07:40:30.211+0000] {logging_mixin.py:190} INFO - [2025-05-03T07:40:30.211+0000] {dag.py:3239} INFO - Sync 1 DAGs
[2025-05-03T07:40:30.230+0000] {logging_mixin.py:190} INFO - [2025-05-03T07:40:30.229+0000] {dag.py:4180} INFO - Setting next_dagrun for example_dag_decorator to None, run_after=None
[2025-05-03T07:40:30.260+0000] {processor.py:208} INFO - Processing /home/airflow/.local/lib/python3.8/site-packages/airflow/example_dags/example_dag_decorator.py took 0.233 seconds
[2025-05-03T07:41:01.020+0000] {processor.py:186} INFO - Started process (PID=177) to work on /home/airflow/.local/lib/python3.8/site-packages/airflow/example_dags/example_dag_decorator.py
[2025-05-03T07:41:01.021+0000] {processor.py:914} INFO - Processing file /home/airflow/.local/lib/python3.8/site-packages/airflow/example_dags/example_dag_decorator.py for tasks to queue
[2025-05-03T07:41:01.024+0000] {logging_mixin.py:190} INFO - [2025-05-03T07:41:01.024+0000] {dagbag.py:588} INFO - Filling up the DagBag from /home/airflow/.local/lib/python3.8/site-packages/airflow/example_dags/example_dag_decorator.py
[2025-05-03T07:41:01.039+0000] {processor.py:925} INFO - DAG(s) 'example_dag_decorator' retrieved from /home/airflow/.local/lib/python3.8/site-packages/airflow/example_dags/example_dag_decorator.py
[2025-05-03T07:41:01.189+0000] {logging_mixin.py:190} INFO - [2025-05-03T07:41:01.188+0000] {dag.py:3239} INFO - Sync 1 DAGs
[2025-05-03T07:41:01.206+0000] {logging_mixin.py:190} INFO - [2025-05-03T07:41:01.205+0000] {dag.py:4180} INFO - Setting next_dagrun for example_dag_decorator to None, run_after=None
[2025-05-03T07:41:01.231+0000] {processor.py:208} INFO - Processing /home/airflow/.local/lib/python3.8/site-packages/airflow/example_dags/example_dag_decorator.py took 0.219 seconds
