[2025-05-03T07:38:39.809+0000] {processor.py:186} INFO - Started process (PID=119) to work on /home/airflow/.local/lib/python3.8/site-packages/airflow/example_dags/example_task_group.py
[2025-05-03T07:38:39.810+0000] {processor.py:914} INFO - Processing file /home/airflow/.local/lib/python3.8/site-packages/airflow/example_dags/example_task_group.py for tasks to queue
[2025-05-03T07:38:39.814+0000] {logging_mixin.py:190} INFO - [2025-05-03T07:38:39.813+0000] {dagbag.py:588} INFO - Filling up the DagBag from /home/airflow/.local/lib/python3.8/site-packages/airflow/example_dags/example_task_group.py
[2025-05-03T07:38:39.826+0000] {processor.py:925} INFO - DAG(s) 'example_task_group' retrieved from /home/airflow/.local/lib/python3.8/site-packages/airflow/example_dags/example_task_group.py
[2025-05-03T07:38:39.977+0000] {logging_mixin.py:190} INFO - [2025-05-03T07:38:39.976+0000] {override.py:1901} INFO - Created Permission View: can read on DAG:example_task_group
[2025-05-03T07:38:39.993+0000] {logging_mixin.py:190} INFO - [2025-05-03T07:38:39.993+0000] {override.py:1901} INFO - Created Permission View: can delete on DAG:example_task_group
[2025-05-03T07:38:40.004+0000] {logging_mixin.py:190} INFO - [2025-05-03T07:38:40.003+0000] {override.py:1901} INFO - Created Permission View: can edit on DAG:example_task_group
[2025-05-03T07:38:40.016+0000] {logging_mixin.py:190} INFO - [2025-05-03T07:38:40.016+0000] {override.py:1901} INFO - Created Permission View: can read on DAG Run:example_task_group
[2025-05-03T07:38:40.027+0000] {logging_mixin.py:190} INFO - [2025-05-03T07:38:40.026+0000] {override.py:1901} INFO - Created Permission View: can create on DAG Run:example_task_group
[2025-05-03T07:38:40.038+0000] {logging_mixin.py:190} INFO - [2025-05-03T07:38:40.037+0000] {override.py:1901} INFO - Created Permission View: can delete on DAG Run:example_task_group
[2025-05-03T07:38:40.049+0000] {logging_mixin.py:190} INFO - [2025-05-03T07:38:40.049+0000] {override.py:1901} INFO - Created Permission View: menu access on DAG Run:example_task_group
[2025-05-03T07:38:40.050+0000] {logging_mixin.py:190} INFO - [2025-05-03T07:38:40.050+0000] {dag.py:3239} INFO - Sync 1 DAGs
[2025-05-03T07:38:40.071+0000] {logging_mixin.py:190} INFO - [2025-05-03T07:38:40.070+0000] {dag.py:3262} INFO - Creating ORM DAG for example_task_group
[2025-05-03T07:38:40.072+0000] {logging_mixin.py:190} INFO - [2025-05-03T07:38:40.072+0000] {dag.py:4180} INFO - Setting next_dagrun for example_task_group to None, run_after=None
[2025-05-03T07:38:40.101+0000] {processor.py:208} INFO - Processing /home/airflow/.local/lib/python3.8/site-packages/airflow/example_dags/example_task_group.py took 0.301 seconds
[2025-05-03T07:39:10.543+0000] {processor.py:186} INFO - Started process (PID=182) to work on /home/airflow/.local/lib/python3.8/site-packages/airflow/example_dags/example_task_group.py
[2025-05-03T07:39:10.545+0000] {processor.py:914} INFO - Processing file /home/airflow/.local/lib/python3.8/site-packages/airflow/example_dags/example_task_group.py for tasks to queue
[2025-05-03T07:39:10.550+0000] {logging_mixin.py:190} INFO - [2025-05-03T07:39:10.549+0000] {dagbag.py:588} INFO - Filling up the DagBag from /home/airflow/.local/lib/python3.8/site-packages/airflow/example_dags/example_task_group.py
[2025-05-03T07:39:10.566+0000] {processor.py:925} INFO - DAG(s) 'example_task_group' retrieved from /home/airflow/.local/lib/python3.8/site-packages/airflow/example_dags/example_task_group.py
[2025-05-03T07:39:11.269+0000] {logging_mixin.py:190} INFO - [2025-05-03T07:39:11.269+0000] {process_utils.py:266} INFO - Waiting up to 5 seconds for processes to exit...
[2025-05-03T07:40:29.314+0000] {processor.py:186} INFO - Started process (PID=107) to work on /home/airflow/.local/lib/python3.8/site-packages/airflow/example_dags/example_task_group.py
[2025-05-03T07:40:29.315+0000] {processor.py:914} INFO - Processing file /home/airflow/.local/lib/python3.8/site-packages/airflow/example_dags/example_task_group.py for tasks to queue
[2025-05-03T07:40:29.319+0000] {logging_mixin.py:190} INFO - [2025-05-03T07:40:29.318+0000] {dagbag.py:588} INFO - Filling up the DagBag from /home/airflow/.local/lib/python3.8/site-packages/airflow/example_dags/example_task_group.py
[2025-05-03T07:40:29.332+0000] {processor.py:925} INFO - DAG(s) 'example_task_group' retrieved from /home/airflow/.local/lib/python3.8/site-packages/airflow/example_dags/example_task_group.py
[2025-05-03T07:40:29.361+0000] {logging_mixin.py:190} INFO - [2025-05-03T07:40:29.361+0000] {dag.py:3239} INFO - Sync 1 DAGs
[2025-05-03T07:40:29.380+0000] {logging_mixin.py:190} INFO - [2025-05-03T07:40:29.380+0000] {dag.py:4180} INFO - Setting next_dagrun for example_task_group to None, run_after=None
[2025-05-03T07:40:29.404+0000] {processor.py:208} INFO - Processing /home/airflow/.local/lib/python3.8/site-packages/airflow/example_dags/example_task_group.py took 0.098 seconds
[2025-05-03T07:41:00.211+0000] {processor.py:186} INFO - Started process (PID=170) to work on /home/airflow/.local/lib/python3.8/site-packages/airflow/example_dags/example_task_group.py
[2025-05-03T07:41:00.212+0000] {processor.py:914} INFO - Processing file /home/airflow/.local/lib/python3.8/site-packages/airflow/example_dags/example_task_group.py for tasks to queue
[2025-05-03T07:41:00.215+0000] {logging_mixin.py:190} INFO - [2025-05-03T07:41:00.215+0000] {dagbag.py:588} INFO - Filling up the DagBag from /home/airflow/.local/lib/python3.8/site-packages/airflow/example_dags/example_task_group.py
[2025-05-03T07:41:00.226+0000] {processor.py:925} INFO - DAG(s) 'example_task_group' retrieved from /home/airflow/.local/lib/python3.8/site-packages/airflow/example_dags/example_task_group.py
[2025-05-03T07:41:00.261+0000] {logging_mixin.py:190} INFO - [2025-05-03T07:41:00.260+0000] {dag.py:3239} INFO - Sync 1 DAGs
[2025-05-03T07:41:00.281+0000] {logging_mixin.py:190} INFO - [2025-05-03T07:41:00.281+0000] {dag.py:4180} INFO - Setting next_dagrun for example_task_group to None, run_after=None
[2025-05-03T07:41:00.313+0000] {processor.py:208} INFO - Processing /home/airflow/.local/lib/python3.8/site-packages/airflow/example_dags/example_task_group.py took 0.110 seconds
