[2025-05-03T07:38:35.817+0000] {processor.py:186} INFO - Started process (PID=101) to work on /home/airflow/.local/lib/python3.8/site-packages/airflow/example_dags/example_dynamic_task_mapping_with_no_taskflow_operators.py
[2025-05-03T07:38:35.818+0000] {processor.py:914} INFO - Processing file /home/airflow/.local/lib/python3.8/site-packages/airflow/example_dags/example_dynamic_task_mapping_with_no_taskflow_operators.py for tasks to queue
[2025-05-03T07:38:35.821+0000] {logging_mixin.py:190} INFO - [2025-05-03T07:38:35.821+0000] {dagbag.py:588} INFO - Filling up the DagBag from /home/airflow/.local/lib/python3.8/site-packages/airflow/example_dags/example_dynamic_task_mapping_with_no_taskflow_operators.py
[2025-05-03T07:38:35.833+0000] {processor.py:925} INFO - DAG(s) 'example_dynamic_task_mapping_with_no_taskflow_operators' retrieved from /home/airflow/.local/lib/python3.8/site-packages/airflow/example_dags/example_dynamic_task_mapping_with_no_taskflow_operators.py
[2025-05-03T07:38:35.979+0000] {logging_mixin.py:190} INFO - [2025-05-03T07:38:35.978+0000] {override.py:1901} INFO - Created Permission View: can read on DAG:example_dynamic_task_mapping_with_no_taskflow_operators
[2025-05-03T07:38:35.995+0000] {logging_mixin.py:190} INFO - [2025-05-03T07:38:35.995+0000] {override.py:1901} INFO - Created Permission View: can delete on DAG:example_dynamic_task_mapping_with_no_taskflow_operators
[2025-05-03T07:38:36.004+0000] {logging_mixin.py:190} INFO - [2025-05-03T07:38:36.004+0000] {override.py:1901} INFO - Created Permission View: can edit on DAG:example_dynamic_task_mapping_with_no_taskflow_operators
[2025-05-03T07:38:36.016+0000] {logging_mixin.py:190} INFO - [2025-05-03T07:38:36.015+0000] {override.py:1901} INFO - Created Permission View: can read on DAG Run:example_dynamic_task_mapping_with_no_taskflow_operators
[2025-05-03T07:38:36.025+0000] {logging_mixin.py:190} INFO - [2025-05-03T07:38:36.025+0000] {override.py:1901} INFO - Created Permission View: can create on DAG Run:example_dynamic_task_mapping_with_no_taskflow_operators
[2025-05-03T07:38:36.034+0000] {logging_mixin.py:190} INFO - [2025-05-03T07:38:36.034+0000] {override.py:1901} INFO - Created Permission View: can delete on DAG Run:example_dynamic_task_mapping_with_no_taskflow_operators
[2025-05-03T07:38:36.044+0000] {logging_mixin.py:190} INFO - [2025-05-03T07:38:36.043+0000] {override.py:1901} INFO - Created Permission View: menu access on DAG Run:example_dynamic_task_mapping_with_no_taskflow_operators
[2025-05-03T07:38:36.045+0000] {logging_mixin.py:190} INFO - [2025-05-03T07:38:36.045+0000] {dag.py:3239} INFO - Sync 1 DAGs
[2025-05-03T07:38:36.065+0000] {logging_mixin.py:190} INFO - [2025-05-03T07:38:36.064+0000] {dag.py:3262} INFO - Creating ORM DAG for example_dynamic_task_mapping_with_no_taskflow_operators
[2025-05-03T07:38:36.066+0000] {logging_mixin.py:190} INFO - [2025-05-03T07:38:36.066+0000] {dag.py:4180} INFO - Setting next_dagrun for example_dynamic_task_mapping_with_no_taskflow_operators to None, run_after=None
[2025-05-03T07:38:36.092+0000] {processor.py:208} INFO - Processing /home/airflow/.local/lib/python3.8/site-packages/airflow/example_dags/example_dynamic_task_mapping_with_no_taskflow_operators.py took 0.283 seconds
[2025-05-03T07:39:06.495+0000] {processor.py:186} INFO - Started process (PID=164) to work on /home/airflow/.local/lib/python3.8/site-packages/airflow/example_dags/example_dynamic_task_mapping_with_no_taskflow_operators.py
[2025-05-03T07:39:06.496+0000] {processor.py:914} INFO - Processing file /home/airflow/.local/lib/python3.8/site-packages/airflow/example_dags/example_dynamic_task_mapping_with_no_taskflow_operators.py for tasks to queue
[2025-05-03T07:39:06.500+0000] {logging_mixin.py:190} INFO - [2025-05-03T07:39:06.499+0000] {dagbag.py:588} INFO - Filling up the DagBag from /home/airflow/.local/lib/python3.8/site-packages/airflow/example_dags/example_dynamic_task_mapping_with_no_taskflow_operators.py
[2025-05-03T07:39:06.512+0000] {processor.py:925} INFO - DAG(s) 'example_dynamic_task_mapping_with_no_taskflow_operators' retrieved from /home/airflow/.local/lib/python3.8/site-packages/airflow/example_dags/example_dynamic_task_mapping_with_no_taskflow_operators.py
[2025-05-03T07:39:06.542+0000] {logging_mixin.py:190} INFO - [2025-05-03T07:39:06.542+0000] {dag.py:3239} INFO - Sync 1 DAGs
[2025-05-03T07:39:06.563+0000] {logging_mixin.py:190} INFO - [2025-05-03T07:39:06.562+0000] {dag.py:4180} INFO - Setting next_dagrun for example_dynamic_task_mapping_with_no_taskflow_operators to None, run_after=None
[2025-05-03T07:39:06.591+0000] {processor.py:208} INFO - Processing /home/airflow/.local/lib/python3.8/site-packages/airflow/example_dags/example_dynamic_task_mapping_with_no_taskflow_operators.py took 0.104 seconds
[2025-05-03T07:40:27.613+0000] {processor.py:186} INFO - Started process (PID=89) to work on /home/airflow/.local/lib/python3.8/site-packages/airflow/example_dags/example_dynamic_task_mapping_with_no_taskflow_operators.py
[2025-05-03T07:40:27.615+0000] {processor.py:914} INFO - Processing file /home/airflow/.local/lib/python3.8/site-packages/airflow/example_dags/example_dynamic_task_mapping_with_no_taskflow_operators.py for tasks to queue
[2025-05-03T07:40:27.618+0000] {logging_mixin.py:190} INFO - [2025-05-03T07:40:27.618+0000] {dagbag.py:588} INFO - Filling up the DagBag from /home/airflow/.local/lib/python3.8/site-packages/airflow/example_dags/example_dynamic_task_mapping_with_no_taskflow_operators.py
[2025-05-03T07:40:27.631+0000] {processor.py:925} INFO - DAG(s) 'example_dynamic_task_mapping_with_no_taskflow_operators' retrieved from /home/airflow/.local/lib/python3.8/site-packages/airflow/example_dags/example_dynamic_task_mapping_with_no_taskflow_operators.py
[2025-05-03T07:40:27.660+0000] {logging_mixin.py:190} INFO - [2025-05-03T07:40:27.660+0000] {dag.py:3239} INFO - Sync 1 DAGs
[2025-05-03T07:40:27.682+0000] {logging_mixin.py:190} INFO - [2025-05-03T07:40:27.682+0000] {dag.py:4180} INFO - Setting next_dagrun for example_dynamic_task_mapping_with_no_taskflow_operators to None, run_after=None
[2025-05-03T07:40:27.705+0000] {processor.py:208} INFO - Processing /home/airflow/.local/lib/python3.8/site-packages/airflow/example_dags/example_dynamic_task_mapping_with_no_taskflow_operators.py took 0.100 seconds
[2025-05-03T07:40:58.121+0000] {processor.py:186} INFO - Started process (PID=152) to work on /home/airflow/.local/lib/python3.8/site-packages/airflow/example_dags/example_dynamic_task_mapping_with_no_taskflow_operators.py
[2025-05-03T07:40:58.123+0000] {processor.py:914} INFO - Processing file /home/airflow/.local/lib/python3.8/site-packages/airflow/example_dags/example_dynamic_task_mapping_with_no_taskflow_operators.py for tasks to queue
[2025-05-03T07:40:58.127+0000] {logging_mixin.py:190} INFO - [2025-05-03T07:40:58.127+0000] {dagbag.py:588} INFO - Filling up the DagBag from /home/airflow/.local/lib/python3.8/site-packages/airflow/example_dags/example_dynamic_task_mapping_with_no_taskflow_operators.py
[2025-05-03T07:40:58.140+0000] {processor.py:925} INFO - DAG(s) 'example_dynamic_task_mapping_with_no_taskflow_operators' retrieved from /home/airflow/.local/lib/python3.8/site-packages/airflow/example_dags/example_dynamic_task_mapping_with_no_taskflow_operators.py
[2025-05-03T07:40:58.172+0000] {logging_mixin.py:190} INFO - [2025-05-03T07:40:58.172+0000] {dag.py:3239} INFO - Sync 1 DAGs
[2025-05-03T07:40:58.197+0000] {logging_mixin.py:190} INFO - [2025-05-03T07:40:58.197+0000] {dag.py:4180} INFO - Setting next_dagrun for example_dynamic_task_mapping_with_no_taskflow_operators to None, run_after=None
[2025-05-03T07:40:58.228+0000] {processor.py:208} INFO - Processing /home/airflow/.local/lib/python3.8/site-packages/airflow/example_dags/example_dynamic_task_mapping_with_no_taskflow_operators.py took 0.117 seconds
