[2025-05-03T07:38:36.608+0000] {processor.py:186} INFO - Started process (PID=106) to work on /home/airflow/.local/lib/python3.8/site-packages/airflow/example_dags/tutorial.py
[2025-05-03T07:38:36.609+0000] {processor.py:914} INFO - Processing file /home/airflow/.local/lib/python3.8/site-packages/airflow/example_dags/tutorial.py for tasks to queue
[2025-05-03T07:38:36.613+0000] {logging_mixin.py:190} INFO - [2025-05-03T07:38:36.612+0000] {dagbag.py:588} INFO - Filling up the DagBag from /home/airflow/.local/lib/python3.8/site-packages/airflow/example_dags/tutorial.py
[2025-05-03T07:38:36.624+0000] {processor.py:925} INFO - DAG(s) 'tutorial' retrieved from /home/airflow/.local/lib/python3.8/site-packages/airflow/example_dags/tutorial.py
[2025-05-03T07:38:36.775+0000] {logging_mixin.py:190} INFO - [2025-05-03T07:38:36.775+0000] {override.py:1901} INFO - Created Permission View: can read on DAG:tutorial
[2025-05-03T07:38:36.795+0000] {logging_mixin.py:190} INFO - [2025-05-03T07:38:36.795+0000] {override.py:1901} INFO - Created Permission View: can delete on DAG:tutorial
[2025-05-03T07:38:36.806+0000] {logging_mixin.py:190} INFO - [2025-05-03T07:38:36.805+0000] {override.py:1901} INFO - Created Permission View: can edit on DAG:tutorial
[2025-05-03T07:38:36.817+0000] {logging_mixin.py:190} INFO - [2025-05-03T07:38:36.816+0000] {override.py:1901} INFO - Created Permission View: can read on DAG Run:tutorial
[2025-05-03T07:38:36.826+0000] {logging_mixin.py:190} INFO - [2025-05-03T07:38:36.826+0000] {override.py:1901} INFO - Created Permission View: can create on DAG Run:tutorial
[2025-05-03T07:38:36.836+0000] {logging_mixin.py:190} INFO - [2025-05-03T07:38:36.835+0000] {override.py:1901} INFO - Created Permission View: can delete on DAG Run:tutorial
[2025-05-03T07:38:36.845+0000] {logging_mixin.py:190} INFO - [2025-05-03T07:38:36.845+0000] {override.py:1901} INFO - Created Permission View: menu access on DAG Run:tutorial
[2025-05-03T07:38:36.846+0000] {logging_mixin.py:190} INFO - [2025-05-03T07:38:36.846+0000] {dag.py:3239} INFO - Sync 1 DAGs
[2025-05-03T07:38:36.864+0000] {logging_mixin.py:190} INFO - [2025-05-03T07:38:36.864+0000] {dag.py:3262} INFO - Creating ORM DAG for tutorial
[2025-05-03T07:38:36.878+0000] {logging_mixin.py:190} INFO - [2025-05-03T07:38:36.878+0000] {dag.py:4180} INFO - Setting next_dagrun for tutorial to 2025-05-02 00:00:00+00:00, run_after=2025-05-03 00:00:00+00:00
[2025-05-03T07:38:36.906+0000] {processor.py:208} INFO - Processing /home/airflow/.local/lib/python3.8/site-packages/airflow/example_dags/tutorial.py took 0.306 seconds
[2025-05-03T07:39:06.970+0000] {processor.py:186} INFO - Started process (PID=169) to work on /home/airflow/.local/lib/python3.8/site-packages/airflow/example_dags/tutorial.py
[2025-05-03T07:39:06.971+0000] {processor.py:914} INFO - Processing file /home/airflow/.local/lib/python3.8/site-packages/airflow/example_dags/tutorial.py for tasks to queue
[2025-05-03T07:39:06.974+0000] {logging_mixin.py:190} INFO - [2025-05-03T07:39:06.974+0000] {dagbag.py:588} INFO - Filling up the DagBag from /home/airflow/.local/lib/python3.8/site-packages/airflow/example_dags/tutorial.py
[2025-05-03T07:39:06.985+0000] {processor.py:925} INFO - DAG(s) 'tutorial' retrieved from /home/airflow/.local/lib/python3.8/site-packages/airflow/example_dags/tutorial.py
[2025-05-03T07:39:07.012+0000] {logging_mixin.py:190} INFO - [2025-05-03T07:39:07.012+0000] {dag.py:3239} INFO - Sync 1 DAGs
[2025-05-03T07:39:07.046+0000] {logging_mixin.py:190} INFO - [2025-05-03T07:39:07.045+0000] {dag.py:4180} INFO - Setting next_dagrun for tutorial to 2025-05-02 00:00:00+00:00, run_after=2025-05-03 00:00:00+00:00
[2025-05-03T07:39:07.075+0000] {processor.py:208} INFO - Processing /home/airflow/.local/lib/python3.8/site-packages/airflow/example_dags/tutorial.py took 0.114 seconds
[2025-05-03T07:40:28.164+0000] {processor.py:186} INFO - Started process (PID=94) to work on /home/airflow/.local/lib/python3.8/site-packages/airflow/example_dags/tutorial.py
[2025-05-03T07:40:28.165+0000] {processor.py:914} INFO - Processing file /home/airflow/.local/lib/python3.8/site-packages/airflow/example_dags/tutorial.py for tasks to queue
[2025-05-03T07:40:28.168+0000] {logging_mixin.py:190} INFO - [2025-05-03T07:40:28.168+0000] {dagbag.py:588} INFO - Filling up the DagBag from /home/airflow/.local/lib/python3.8/site-packages/airflow/example_dags/tutorial.py
[2025-05-03T07:40:28.180+0000] {processor.py:925} INFO - DAG(s) 'tutorial' retrieved from /home/airflow/.local/lib/python3.8/site-packages/airflow/example_dags/tutorial.py
[2025-05-03T07:40:28.210+0000] {logging_mixin.py:190} INFO - [2025-05-03T07:40:28.210+0000] {dag.py:3239} INFO - Sync 1 DAGs
[2025-05-03T07:40:28.246+0000] {logging_mixin.py:190} INFO - [2025-05-03T07:40:28.245+0000] {dag.py:4180} INFO - Setting next_dagrun for tutorial to 2025-05-02 00:00:00+00:00, run_after=2025-05-03 00:00:00+00:00
[2025-05-03T07:40:28.272+0000] {processor.py:208} INFO - Processing /home/airflow/.local/lib/python3.8/site-packages/airflow/example_dags/tutorial.py took 0.117 seconds
[2025-05-03T07:40:58.782+0000] {processor.py:186} INFO - Started process (PID=157) to work on /home/airflow/.local/lib/python3.8/site-packages/airflow/example_dags/tutorial.py
[2025-05-03T07:40:58.783+0000] {processor.py:914} INFO - Processing file /home/airflow/.local/lib/python3.8/site-packages/airflow/example_dags/tutorial.py for tasks to queue
[2025-05-03T07:40:58.786+0000] {logging_mixin.py:190} INFO - [2025-05-03T07:40:58.786+0000] {dagbag.py:588} INFO - Filling up the DagBag from /home/airflow/.local/lib/python3.8/site-packages/airflow/example_dags/tutorial.py
[2025-05-03T07:40:58.797+0000] {processor.py:925} INFO - DAG(s) 'tutorial' retrieved from /home/airflow/.local/lib/python3.8/site-packages/airflow/example_dags/tutorial.py
[2025-05-03T07:40:58.825+0000] {logging_mixin.py:190} INFO - [2025-05-03T07:40:58.825+0000] {dag.py:3239} INFO - Sync 1 DAGs
[2025-05-03T07:40:58.857+0000] {logging_mixin.py:190} INFO - [2025-05-03T07:40:58.856+0000] {dag.py:4180} INFO - Setting next_dagrun for tutorial to 2025-05-02 00:00:00+00:00, run_after=2025-05-03 00:00:00+00:00
[2025-05-03T07:40:58.885+0000] {processor.py:208} INFO - Processing /home/airflow/.local/lib/python3.8/site-packages/airflow/example_dags/tutorial.py took 0.112 seconds
