[2025-05-03T07:38:37.715+0000] {processor.py:186} INFO - Started process (PID=112) to work on /home/airflow/.local/lib/python3.8/site-packages/airflow/example_dags/tutorial_dag.py
[2025-05-03T07:38:37.717+0000] {processor.py:914} INFO - Processing file /home/airflow/.local/lib/python3.8/site-packages/airflow/example_dags/tutorial_dag.py for tasks to queue
[2025-05-03T07:38:37.721+0000] {logging_mixin.py:190} INFO - [2025-05-03T07:38:37.720+0000] {dagbag.py:588} INFO - Filling up the DagBag from /home/airflow/.local/lib/python3.8/site-packages/airflow/example_dags/tutorial_dag.py
[2025-05-03T07:38:37.732+0000] {processor.py:925} INFO - DAG(s) 'tutorial_dag' retrieved from /home/airflow/.local/lib/python3.8/site-packages/airflow/example_dags/tutorial_dag.py
[2025-05-03T07:38:37.871+0000] {logging_mixin.py:190} INFO - [2025-05-03T07:38:37.871+0000] {override.py:1901} INFO - Created Permission View: can read on DAG:tutorial_dag
[2025-05-03T07:38:37.885+0000] {logging_mixin.py:190} INFO - [2025-05-03T07:38:37.885+0000] {override.py:1901} INFO - Created Permission View: can delete on DAG:tutorial_dag
[2025-05-03T07:38:37.895+0000] {logging_mixin.py:190} INFO - [2025-05-03T07:38:37.894+0000] {override.py:1901} INFO - Created Permission View: can edit on DAG:tutorial_dag
[2025-05-03T07:38:37.906+0000] {logging_mixin.py:190} INFO - [2025-05-03T07:38:37.906+0000] {override.py:1901} INFO - Created Permission View: can read on DAG Run:tutorial_dag
[2025-05-03T07:38:37.916+0000] {logging_mixin.py:190} INFO - [2025-05-03T07:38:37.916+0000] {override.py:1901} INFO - Created Permission View: can create on DAG Run:tutorial_dag
[2025-05-03T07:38:37.926+0000] {logging_mixin.py:190} INFO - [2025-05-03T07:38:37.925+0000] {override.py:1901} INFO - Created Permission View: can delete on DAG Run:tutorial_dag
[2025-05-03T07:38:37.935+0000] {logging_mixin.py:190} INFO - [2025-05-03T07:38:37.935+0000] {override.py:1901} INFO - Created Permission View: menu access on DAG Run:tutorial_dag
[2025-05-03T07:38:37.936+0000] {logging_mixin.py:190} INFO - [2025-05-03T07:38:37.936+0000] {dag.py:3239} INFO - Sync 1 DAGs
[2025-05-03T07:38:37.954+0000] {logging_mixin.py:190} INFO - [2025-05-03T07:38:37.953+0000] {dag.py:3262} INFO - Creating ORM DAG for tutorial_dag
[2025-05-03T07:38:37.955+0000] {logging_mixin.py:190} INFO - [2025-05-03T07:38:37.955+0000] {dag.py:4180} INFO - Setting next_dagrun for tutorial_dag to None, run_after=None
[2025-05-03T07:38:37.980+0000] {processor.py:208} INFO - Processing /home/airflow/.local/lib/python3.8/site-packages/airflow/example_dags/tutorial_dag.py took 0.273 seconds
[2025-05-03T07:39:08.469+0000] {processor.py:186} INFO - Started process (PID=174) to work on /home/airflow/.local/lib/python3.8/site-packages/airflow/example_dags/tutorial_dag.py
[2025-05-03T07:39:08.471+0000] {processor.py:914} INFO - Processing file /home/airflow/.local/lib/python3.8/site-packages/airflow/example_dags/tutorial_dag.py for tasks to queue
[2025-05-03T07:39:08.474+0000] {logging_mixin.py:190} INFO - [2025-05-03T07:39:08.473+0000] {dagbag.py:588} INFO - Filling up the DagBag from /home/airflow/.local/lib/python3.8/site-packages/airflow/example_dags/tutorial_dag.py
[2025-05-03T07:39:08.483+0000] {processor.py:925} INFO - DAG(s) 'tutorial_dag' retrieved from /home/airflow/.local/lib/python3.8/site-packages/airflow/example_dags/tutorial_dag.py
[2025-05-03T07:39:08.516+0000] {logging_mixin.py:190} INFO - [2025-05-03T07:39:08.515+0000] {dag.py:3239} INFO - Sync 1 DAGs
[2025-05-03T07:39:08.542+0000] {logging_mixin.py:190} INFO - [2025-05-03T07:39:08.542+0000] {dag.py:4180} INFO - Setting next_dagrun for tutorial_dag to None, run_after=None
[2025-05-03T07:39:08.571+0000] {processor.py:208} INFO - Processing /home/airflow/.local/lib/python3.8/site-packages/airflow/example_dags/tutorial_dag.py took 0.111 seconds
[2025-05-03T07:40:28.703+0000] {processor.py:186} INFO - Started process (PID=100) to work on /home/airflow/.local/lib/python3.8/site-packages/airflow/example_dags/tutorial_dag.py
[2025-05-03T07:40:28.705+0000] {processor.py:914} INFO - Processing file /home/airflow/.local/lib/python3.8/site-packages/airflow/example_dags/tutorial_dag.py for tasks to queue
[2025-05-03T07:40:28.708+0000] {logging_mixin.py:190} INFO - [2025-05-03T07:40:28.708+0000] {dagbag.py:588} INFO - Filling up the DagBag from /home/airflow/.local/lib/python3.8/site-packages/airflow/example_dags/tutorial_dag.py
[2025-05-03T07:40:28.717+0000] {processor.py:925} INFO - DAG(s) 'tutorial_dag' retrieved from /home/airflow/.local/lib/python3.8/site-packages/airflow/example_dags/tutorial_dag.py
[2025-05-03T07:40:28.745+0000] {logging_mixin.py:190} INFO - [2025-05-03T07:40:28.745+0000] {dag.py:3239} INFO - Sync 1 DAGs
[2025-05-03T07:40:28.764+0000] {logging_mixin.py:190} INFO - [2025-05-03T07:40:28.764+0000] {dag.py:4180} INFO - Setting next_dagrun for tutorial_dag to None, run_after=None
[2025-05-03T07:40:28.790+0000] {processor.py:208} INFO - Processing /home/airflow/.local/lib/python3.8/site-packages/airflow/example_dags/tutorial_dag.py took 0.095 seconds
[2025-05-03T07:40:59.325+0000] {processor.py:186} INFO - Started process (PID=163) to work on /home/airflow/.local/lib/python3.8/site-packages/airflow/example_dags/tutorial_dag.py
[2025-05-03T07:40:59.326+0000] {processor.py:914} INFO - Processing file /home/airflow/.local/lib/python3.8/site-packages/airflow/example_dags/tutorial_dag.py for tasks to queue
[2025-05-03T07:40:59.329+0000] {logging_mixin.py:190} INFO - [2025-05-03T07:40:59.329+0000] {dagbag.py:588} INFO - Filling up the DagBag from /home/airflow/.local/lib/python3.8/site-packages/airflow/example_dags/tutorial_dag.py
[2025-05-03T07:40:59.339+0000] {processor.py:925} INFO - DAG(s) 'tutorial_dag' retrieved from /home/airflow/.local/lib/python3.8/site-packages/airflow/example_dags/tutorial_dag.py
[2025-05-03T07:40:59.367+0000] {logging_mixin.py:190} INFO - [2025-05-03T07:40:59.367+0000] {dag.py:3239} INFO - Sync 1 DAGs
[2025-05-03T07:40:59.388+0000] {logging_mixin.py:190} INFO - [2025-05-03T07:40:59.388+0000] {dag.py:4180} INFO - Setting next_dagrun for tutorial_dag to None, run_after=None
[2025-05-03T07:40:59.413+0000] {processor.py:208} INFO - Processing /home/airflow/.local/lib/python3.8/site-packages/airflow/example_dags/tutorial_dag.py took 0.097 seconds
