[2025-05-03T07:38:35.488+0000] {processor.py:186} INFO - Started process (PID=99) to work on /home/airflow/.local/lib/python3.8/site-packages/airflow/example_dags/tutorial_objectstorage.py
[2025-05-03T07:38:35.490+0000] {processor.py:914} INFO - Processing file /home/airflow/.local/lib/python3.8/site-packages/airflow/example_dags/tutorial_objectstorage.py for tasks to queue
[2025-05-03T07:38:35.493+0000] {logging_mixin.py:190} INFO - [2025-05-03T07:38:35.493+0000] {dagbag.py:588} INFO - Filling up the DagBag from /home/airflow/.local/lib/python3.8/site-packages/airflow/example_dags/tutorial_objectstorage.py
[2025-05-03T07:38:35.508+0000] {processor.py:925} INFO - DAG(s) 'tutorial_objectstorage' retrieved from /home/airflow/.local/lib/python3.8/site-packages/airflow/example_dags/tutorial_objectstorage.py
[2025-05-03T07:38:35.653+0000] {logging_mixin.py:190} INFO - [2025-05-03T07:38:35.652+0000] {override.py:1901} INFO - Created Permission View: can read on DAG:tutorial_objectstorage
[2025-05-03T07:38:35.672+0000] {logging_mixin.py:190} INFO - [2025-05-03T07:38:35.672+0000] {override.py:1901} INFO - Created Permission View: can delete on DAG:tutorial_objectstorage
[2025-05-03T07:38:35.684+0000] {logging_mixin.py:190} INFO - [2025-05-03T07:38:35.683+0000] {override.py:1901} INFO - Created Permission View: can edit on DAG:tutorial_objectstorage
[2025-05-03T07:38:35.699+0000] {logging_mixin.py:190} INFO - [2025-05-03T07:38:35.699+0000] {override.py:1901} INFO - Created Permission View: can read on DAG Run:tutorial_objectstorage
[2025-05-03T07:38:35.709+0000] {logging_mixin.py:190} INFO - [2025-05-03T07:38:35.709+0000] {override.py:1901} INFO - Created Permission View: can create on DAG Run:tutorial_objectstorage
[2025-05-03T07:38:35.719+0000] {logging_mixin.py:190} INFO - [2025-05-03T07:38:35.719+0000] {override.py:1901} INFO - Created Permission View: can delete on DAG Run:tutorial_objectstorage
[2025-05-03T07:38:35.730+0000] {logging_mixin.py:190} INFO - [2025-05-03T07:38:35.730+0000] {override.py:1901} INFO - Created Permission View: menu access on DAG Run:tutorial_objectstorage
[2025-05-03T07:38:35.731+0000] {logging_mixin.py:190} INFO - [2025-05-03T07:38:35.731+0000] {dag.py:3239} INFO - Sync 1 DAGs
[2025-05-03T07:38:35.749+0000] {logging_mixin.py:190} INFO - [2025-05-03T07:38:35.748+0000] {dag.py:3262} INFO - Creating ORM DAG for tutorial_objectstorage
[2025-05-03T07:38:35.750+0000] {logging_mixin.py:190} INFO - [2025-05-03T07:38:35.750+0000] {dag.py:4180} INFO - Setting next_dagrun for tutorial_objectstorage to None, run_after=None
[2025-05-03T07:38:35.773+0000] {processor.py:208} INFO - Processing /home/airflow/.local/lib/python3.8/site-packages/airflow/example_dags/tutorial_objectstorage.py took 0.294 seconds
[2025-05-03T07:39:06.176+0000] {processor.py:186} INFO - Started process (PID=162) to work on /home/airflow/.local/lib/python3.8/site-packages/airflow/example_dags/tutorial_objectstorage.py
[2025-05-03T07:39:06.178+0000] {processor.py:914} INFO - Processing file /home/airflow/.local/lib/python3.8/site-packages/airflow/example_dags/tutorial_objectstorage.py for tasks to queue
[2025-05-03T07:39:06.181+0000] {logging_mixin.py:190} INFO - [2025-05-03T07:39:06.181+0000] {dagbag.py:588} INFO - Filling up the DagBag from /home/airflow/.local/lib/python3.8/site-packages/airflow/example_dags/tutorial_objectstorage.py
[2025-05-03T07:39:06.193+0000] {processor.py:925} INFO - DAG(s) 'tutorial_objectstorage' retrieved from /home/airflow/.local/lib/python3.8/site-packages/airflow/example_dags/tutorial_objectstorage.py
[2025-05-03T07:39:06.221+0000] {logging_mixin.py:190} INFO - [2025-05-03T07:39:06.221+0000] {dag.py:3239} INFO - Sync 1 DAGs
[2025-05-03T07:39:06.247+0000] {logging_mixin.py:190} INFO - [2025-05-03T07:39:06.247+0000] {dag.py:4180} INFO - Setting next_dagrun for tutorial_objectstorage to None, run_after=None
[2025-05-03T07:39:06.275+0000] {processor.py:208} INFO - Processing /home/airflow/.local/lib/python3.8/site-packages/airflow/example_dags/tutorial_objectstorage.py took 0.106 seconds
[2025-05-03T07:40:27.473+0000] {processor.py:186} INFO - Started process (PID=87) to work on /home/airflow/.local/lib/python3.8/site-packages/airflow/example_dags/tutorial_objectstorage.py
[2025-05-03T07:40:27.475+0000] {processor.py:914} INFO - Processing file /home/airflow/.local/lib/python3.8/site-packages/airflow/example_dags/tutorial_objectstorage.py for tasks to queue
[2025-05-03T07:40:27.478+0000] {logging_mixin.py:190} INFO - [2025-05-03T07:40:27.477+0000] {dagbag.py:588} INFO - Filling up the DagBag from /home/airflow/.local/lib/python3.8/site-packages/airflow/example_dags/tutorial_objectstorage.py
[2025-05-03T07:40:27.489+0000] {processor.py:925} INFO - DAG(s) 'tutorial_objectstorage' retrieved from /home/airflow/.local/lib/python3.8/site-packages/airflow/example_dags/tutorial_objectstorage.py
[2025-05-03T07:40:27.520+0000] {logging_mixin.py:190} INFO - [2025-05-03T07:40:27.520+0000] {dag.py:3239} INFO - Sync 1 DAGs
[2025-05-03T07:40:27.540+0000] {logging_mixin.py:190} INFO - [2025-05-03T07:40:27.540+0000] {dag.py:4180} INFO - Setting next_dagrun for tutorial_objectstorage to None, run_after=None
[2025-05-03T07:40:27.562+0000] {processor.py:208} INFO - Processing /home/airflow/.local/lib/python3.8/site-packages/airflow/example_dags/tutorial_objectstorage.py took 0.098 seconds
[2025-05-03T07:40:57.922+0000] {processor.py:186} INFO - Started process (PID=150) to work on /home/airflow/.local/lib/python3.8/site-packages/airflow/example_dags/tutorial_objectstorage.py
[2025-05-03T07:40:57.925+0000] {processor.py:914} INFO - Processing file /home/airflow/.local/lib/python3.8/site-packages/airflow/example_dags/tutorial_objectstorage.py for tasks to queue
[2025-05-03T07:40:57.930+0000] {logging_mixin.py:190} INFO - [2025-05-03T07:40:57.929+0000] {dagbag.py:588} INFO - Filling up the DagBag from /home/airflow/.local/lib/python3.8/site-packages/airflow/example_dags/tutorial_objectstorage.py
[2025-05-03T07:40:57.947+0000] {processor.py:925} INFO - DAG(s) 'tutorial_objectstorage' retrieved from /home/airflow/.local/lib/python3.8/site-packages/airflow/example_dags/tutorial_objectstorage.py
[2025-05-03T07:40:57.985+0000] {logging_mixin.py:190} INFO - [2025-05-03T07:40:57.985+0000] {dag.py:3239} INFO - Sync 1 DAGs
[2025-05-03T07:40:58.013+0000] {logging_mixin.py:190} INFO - [2025-05-03T07:40:58.013+0000] {dag.py:4180} INFO - Setting next_dagrun for tutorial_objectstorage to None, run_after=None
[2025-05-03T07:40:58.056+0000] {processor.py:208} INFO - Processing /home/airflow/.local/lib/python3.8/site-packages/airflow/example_dags/tutorial_objectstorage.py took 0.143 seconds
