[2025-05-03T07:38:35.149+0000] {processor.py:186} INFO - Started process (PID=98) to work on /home/airflow/.local/lib/python3.8/site-packages/airflow/example_dags/tutorial_taskflow_templates.py
[2025-05-03T07:38:35.151+0000] {processor.py:914} INFO - Processing file /home/airflow/.local/lib/python3.8/site-packages/airflow/example_dags/tutorial_taskflow_templates.py for tasks to queue
[2025-05-03T07:38:35.157+0000] {logging_mixin.py:190} INFO - [2025-05-03T07:38:35.156+0000] {dagbag.py:588} INFO - Filling up the DagBag from /home/airflow/.local/lib/python3.8/site-packages/airflow/example_dags/tutorial_taskflow_templates.py
[2025-05-03T07:38:35.181+0000] {processor.py:925} INFO - DAG(s) 'tutorial_taskflow_templates' retrieved from /home/airflow/.local/lib/python3.8/site-packages/airflow/example_dags/tutorial_taskflow_templates.py
[2025-05-03T07:38:35.346+0000] {logging_mixin.py:190} INFO - [2025-05-03T07:38:35.345+0000] {override.py:1901} INFO - Created Permission View: can read on DAG:tutorial_taskflow_templates
[2025-05-03T07:38:35.362+0000] {logging_mixin.py:190} INFO - [2025-05-03T07:38:35.362+0000] {override.py:1901} INFO - Created Permission View: can delete on DAG:tutorial_taskflow_templates
[2025-05-03T07:38:35.373+0000] {logging_mixin.py:190} INFO - [2025-05-03T07:38:35.372+0000] {override.py:1901} INFO - Created Permission View: can edit on DAG:tutorial_taskflow_templates
[2025-05-03T07:38:35.386+0000] {logging_mixin.py:190} INFO - [2025-05-03T07:38:35.386+0000] {override.py:1901} INFO - Created Permission View: can read on DAG Run:tutorial_taskflow_templates
[2025-05-03T07:38:35.396+0000] {logging_mixin.py:190} INFO - [2025-05-03T07:38:35.396+0000] {override.py:1901} INFO - Created Permission View: can create on DAG Run:tutorial_taskflow_templates
[2025-05-03T07:38:35.408+0000] {logging_mixin.py:190} INFO - [2025-05-03T07:38:35.407+0000] {override.py:1901} INFO - Created Permission View: can delete on DAG Run:tutorial_taskflow_templates
[2025-05-03T07:38:35.417+0000] {logging_mixin.py:190} INFO - [2025-05-03T07:38:35.417+0000] {override.py:1901} INFO - Created Permission View: menu access on DAG Run:tutorial_taskflow_templates
[2025-05-03T07:38:35.418+0000] {logging_mixin.py:190} INFO - [2025-05-03T07:38:35.418+0000] {dag.py:3239} INFO - Sync 1 DAGs
[2025-05-03T07:38:35.439+0000] {logging_mixin.py:190} INFO - [2025-05-03T07:38:35.438+0000] {dag.py:3262} INFO - Creating ORM DAG for tutorial_taskflow_templates
[2025-05-03T07:38:35.454+0000] {logging_mixin.py:190} INFO - [2025-05-03T07:38:35.454+0000] {dag.py:4180} INFO - Setting next_dagrun for tutorial_taskflow_templates to 2025-05-02 00:00:00+00:00, run_after=2025-05-03 00:00:00+00:00
[2025-05-03T07:38:35.479+0000] {processor.py:208} INFO - Processing /home/airflow/.local/lib/python3.8/site-packages/airflow/example_dags/tutorial_taskflow_templates.py took 0.341 seconds
[2025-05-03T07:39:06.148+0000] {processor.py:186} INFO - Started process (PID=161) to work on /home/airflow/.local/lib/python3.8/site-packages/airflow/example_dags/tutorial_taskflow_templates.py
[2025-05-03T07:39:06.149+0000] {processor.py:914} INFO - Processing file /home/airflow/.local/lib/python3.8/site-packages/airflow/example_dags/tutorial_taskflow_templates.py for tasks to queue
[2025-05-03T07:39:06.152+0000] {logging_mixin.py:190} INFO - [2025-05-03T07:39:06.152+0000] {dagbag.py:588} INFO - Filling up the DagBag from /home/airflow/.local/lib/python3.8/site-packages/airflow/example_dags/tutorial_taskflow_templates.py
[2025-05-03T07:39:06.171+0000] {processor.py:925} INFO - DAG(s) 'tutorial_taskflow_templates' retrieved from /home/airflow/.local/lib/python3.8/site-packages/airflow/example_dags/tutorial_taskflow_templates.py
[2025-05-03T07:39:06.198+0000] {logging_mixin.py:190} INFO - [2025-05-03T07:39:06.197+0000] {dag.py:3239} INFO - Sync 1 DAGs
[2025-05-03T07:39:06.236+0000] {logging_mixin.py:190} INFO - [2025-05-03T07:39:06.235+0000] {dag.py:4180} INFO - Setting next_dagrun for tutorial_taskflow_templates to 2025-05-02 00:00:00+00:00, run_after=2025-05-03 00:00:00+00:00
[2025-05-03T07:39:06.265+0000] {processor.py:208} INFO - Processing /home/airflow/.local/lib/python3.8/site-packages/airflow/example_dags/tutorial_taskflow_templates.py took 0.125 seconds
[2025-05-03T07:40:27.270+0000] {processor.py:186} INFO - Started process (PID=80) to work on /home/airflow/.local/lib/python3.8/site-packages/airflow/example_dags/tutorial_taskflow_templates.py
[2025-05-03T07:40:27.272+0000] {processor.py:914} INFO - Processing file /home/airflow/.local/lib/python3.8/site-packages/airflow/example_dags/tutorial_taskflow_templates.py for tasks to queue
[2025-05-03T07:40:27.275+0000] {logging_mixin.py:190} INFO - [2025-05-03T07:40:27.275+0000] {dagbag.py:588} INFO - Filling up the DagBag from /home/airflow/.local/lib/python3.8/site-packages/airflow/example_dags/tutorial_taskflow_templates.py
[2025-05-03T07:40:27.294+0000] {processor.py:925} INFO - DAG(s) 'tutorial_taskflow_templates' retrieved from /home/airflow/.local/lib/python3.8/site-packages/airflow/example_dags/tutorial_taskflow_templates.py
[2025-05-03T07:40:27.334+0000] {logging_mixin.py:190} INFO - [2025-05-03T07:40:27.333+0000] {dag.py:3239} INFO - Sync 1 DAGs
[2025-05-03T07:40:27.389+0000] {logging_mixin.py:190} INFO - [2025-05-03T07:40:27.388+0000] {dag.py:4180} INFO - Setting next_dagrun for tutorial_taskflow_templates to 2025-05-02 00:00:00+00:00, run_after=2025-05-03 00:00:00+00:00
[2025-05-03T07:40:27.420+0000] {processor.py:208} INFO - Processing /home/airflow/.local/lib/python3.8/site-packages/airflow/example_dags/tutorial_taskflow_templates.py took 0.159 seconds
[2025-05-03T07:40:57.869+0000] {processor.py:186} INFO - Started process (PID=149) to work on /home/airflow/.local/lib/python3.8/site-packages/airflow/example_dags/tutorial_taskflow_templates.py
[2025-05-03T07:40:57.871+0000] {processor.py:914} INFO - Processing file /home/airflow/.local/lib/python3.8/site-packages/airflow/example_dags/tutorial_taskflow_templates.py for tasks to queue
[2025-05-03T07:40:57.874+0000] {logging_mixin.py:190} INFO - [2025-05-03T07:40:57.874+0000] {dagbag.py:588} INFO - Filling up the DagBag from /home/airflow/.local/lib/python3.8/site-packages/airflow/example_dags/tutorial_taskflow_templates.py
[2025-05-03T07:40:57.899+0000] {processor.py:925} INFO - DAG(s) 'tutorial_taskflow_templates' retrieved from /home/airflow/.local/lib/python3.8/site-packages/airflow/example_dags/tutorial_taskflow_templates.py
[2025-05-03T07:40:57.937+0000] {logging_mixin.py:190} INFO - [2025-05-03T07:40:57.937+0000] {dag.py:3239} INFO - Sync 1 DAGs
[2025-05-03T07:40:57.985+0000] {logging_mixin.py:190} INFO - [2025-05-03T07:40:57.984+0000] {dag.py:4180} INFO - Setting next_dagrun for tutorial_taskflow_templates to 2025-05-02 00:00:00+00:00, run_after=2025-05-03 00:00:00+00:00
[2025-05-03T07:40:58.026+0000] {processor.py:208} INFO - Processing /home/airflow/.local/lib/python3.8/site-packages/airflow/example_dags/tutorial_taskflow_templates.py took 0.166 seconds
