[2025-05-03T07:38:31.330+0000] {processor.py:186} INFO - Started process (PID=77) to work on /home/airflow/.local/lib/python3.8/site-packages/airflow/example_dags/tutorial_taskflow_api_virtualenv.py
[2025-05-03T07:38:31.333+0000] {processor.py:914} INFO - Processing file /home/airflow/.local/lib/python3.8/site-packages/airflow/example_dags/tutorial_taskflow_api_virtualenv.py for tasks to queue
[2025-05-03T07:38:31.338+0000] {logging_mixin.py:190} INFO - [2025-05-03T07:38:31.337+0000] {dagbag.py:588} INFO - Filling up the DagBag from /home/airflow/.local/lib/python3.8/site-packages/airflow/example_dags/tutorial_taskflow_api_virtualenv.py
[2025-05-03T07:38:31.389+0000] {processor.py:925} INFO - DAG(s) 'tutorial_taskflow_api_virtualenv' retrieved from /home/airflow/.local/lib/python3.8/site-packages/airflow/example_dags/tutorial_taskflow_api_virtualenv.py
[2025-05-03T07:38:31.698+0000] {logging_mixin.py:190} INFO - [2025-05-03T07:38:31.697+0000] {override.py:1901} INFO - Created Permission View: can read on DAG:tutorial_taskflow_api_virtualenv
[2025-05-03T07:38:31.711+0000] {logging_mixin.py:190} INFO - [2025-05-03T07:38:31.711+0000] {override.py:1901} INFO - Created Permission View: can delete on DAG:tutorial_taskflow_api_virtualenv
[2025-05-03T07:38:31.721+0000] {logging_mixin.py:190} INFO - [2025-05-03T07:38:31.721+0000] {override.py:1901} INFO - Created Permission View: can edit on DAG:tutorial_taskflow_api_virtualenv
[2025-05-03T07:38:31.733+0000] {logging_mixin.py:190} INFO - [2025-05-03T07:38:31.732+0000] {override.py:1901} INFO - Created Permission View: can read on DAG Run:tutorial_taskflow_api_virtualenv
[2025-05-03T07:38:31.742+0000] {logging_mixin.py:190} INFO - [2025-05-03T07:38:31.742+0000] {override.py:1901} INFO - Created Permission View: can create on DAG Run:tutorial_taskflow_api_virtualenv
[2025-05-03T07:38:31.751+0000] {logging_mixin.py:190} INFO - [2025-05-03T07:38:31.751+0000] {override.py:1901} INFO - Created Permission View: can delete on DAG Run:tutorial_taskflow_api_virtualenv
[2025-05-03T07:38:31.761+0000] {logging_mixin.py:190} INFO - [2025-05-03T07:38:31.760+0000] {override.py:1901} INFO - Created Permission View: menu access on DAG Run:tutorial_taskflow_api_virtualenv
[2025-05-03T07:38:31.762+0000] {logging_mixin.py:190} INFO - [2025-05-03T07:38:31.761+0000] {dag.py:3239} INFO - Sync 1 DAGs
[2025-05-03T07:38:31.781+0000] {logging_mixin.py:190} INFO - [2025-05-03T07:38:31.781+0000] {dag.py:3262} INFO - Creating ORM DAG for tutorial_taskflow_api_virtualenv
[2025-05-03T07:38:31.783+0000] {logging_mixin.py:190} INFO - [2025-05-03T07:38:31.782+0000] {dag.py:4180} INFO - Setting next_dagrun for tutorial_taskflow_api_virtualenv to None, run_after=None
[2025-05-03T07:38:31.809+0000] {processor.py:208} INFO - Processing /home/airflow/.local/lib/python3.8/site-packages/airflow/example_dags/tutorial_taskflow_api_virtualenv.py took 0.492 seconds
[2025-05-03T07:39:02.549+0000] {processor.py:186} INFO - Started process (PID=140) to work on /home/airflow/.local/lib/python3.8/site-packages/airflow/example_dags/tutorial_taskflow_api_virtualenv.py
[2025-05-03T07:39:02.551+0000] {processor.py:914} INFO - Processing file /home/airflow/.local/lib/python3.8/site-packages/airflow/example_dags/tutorial_taskflow_api_virtualenv.py for tasks to queue
[2025-05-03T07:39:02.559+0000] {logging_mixin.py:190} INFO - [2025-05-03T07:39:02.559+0000] {dagbag.py:588} INFO - Filling up the DagBag from /home/airflow/.local/lib/python3.8/site-packages/airflow/example_dags/tutorial_taskflow_api_virtualenv.py
[2025-05-03T07:39:02.600+0000] {processor.py:925} INFO - DAG(s) 'tutorial_taskflow_api_virtualenv' retrieved from /home/airflow/.local/lib/python3.8/site-packages/airflow/example_dags/tutorial_taskflow_api_virtualenv.py
[2025-05-03T07:39:02.644+0000] {logging_mixin.py:190} INFO - [2025-05-03T07:39:02.643+0000] {dag.py:3239} INFO - Sync 1 DAGs
[2025-05-03T07:39:02.671+0000] {logging_mixin.py:190} INFO - [2025-05-03T07:39:02.670+0000] {dag.py:4180} INFO - Setting next_dagrun for tutorial_taskflow_api_virtualenv to None, run_after=None
[2025-05-03T07:39:02.709+0000] {processor.py:208} INFO - Processing /home/airflow/.local/lib/python3.8/site-packages/airflow/example_dags/tutorial_taskflow_api_virtualenv.py took 0.171 seconds
[2025-05-03T07:40:25.630+0000] {processor.py:186} INFO - Started process (PID=65) to work on /home/airflow/.local/lib/python3.8/site-packages/airflow/example_dags/tutorial_taskflow_api_virtualenv.py
[2025-05-03T07:40:25.631+0000] {processor.py:914} INFO - Processing file /home/airflow/.local/lib/python3.8/site-packages/airflow/example_dags/tutorial_taskflow_api_virtualenv.py for tasks to queue
[2025-05-03T07:40:25.634+0000] {logging_mixin.py:190} INFO - [2025-05-03T07:40:25.634+0000] {dagbag.py:588} INFO - Filling up the DagBag from /home/airflow/.local/lib/python3.8/site-packages/airflow/example_dags/tutorial_taskflow_api_virtualenv.py
[2025-05-03T07:40:25.651+0000] {processor.py:925} INFO - DAG(s) 'tutorial_taskflow_api_virtualenv' retrieved from /home/airflow/.local/lib/python3.8/site-packages/airflow/example_dags/tutorial_taskflow_api_virtualenv.py
[2025-05-03T07:40:25.818+0000] {logging_mixin.py:190} INFO - [2025-05-03T07:40:25.817+0000] {dag.py:3239} INFO - Sync 1 DAGs
[2025-05-03T07:40:25.837+0000] {logging_mixin.py:190} INFO - [2025-05-03T07:40:25.837+0000] {dag.py:4180} INFO - Setting next_dagrun for tutorial_taskflow_api_virtualenv to None, run_after=None
[2025-05-03T07:40:25.872+0000] {processor.py:208} INFO - Processing /home/airflow/.local/lib/python3.8/site-packages/airflow/example_dags/tutorial_taskflow_api_virtualenv.py took 0.250 seconds
[2025-05-03T07:40:56.167+0000] {processor.py:186} INFO - Started process (PID=128) to work on /home/airflow/.local/lib/python3.8/site-packages/airflow/example_dags/tutorial_taskflow_api_virtualenv.py
[2025-05-03T07:40:56.169+0000] {processor.py:914} INFO - Processing file /home/airflow/.local/lib/python3.8/site-packages/airflow/example_dags/tutorial_taskflow_api_virtualenv.py for tasks to queue
[2025-05-03T07:40:56.173+0000] {logging_mixin.py:190} INFO - [2025-05-03T07:40:56.172+0000] {dagbag.py:588} INFO - Filling up the DagBag from /home/airflow/.local/lib/python3.8/site-packages/airflow/example_dags/tutorial_taskflow_api_virtualenv.py
[2025-05-03T07:40:56.195+0000] {processor.py:925} INFO - DAG(s) 'tutorial_taskflow_api_virtualenv' retrieved from /home/airflow/.local/lib/python3.8/site-packages/airflow/example_dags/tutorial_taskflow_api_virtualenv.py
[2025-05-03T07:40:56.233+0000] {logging_mixin.py:190} INFO - [2025-05-03T07:40:56.233+0000] {dag.py:3239} INFO - Sync 1 DAGs
[2025-05-03T07:40:56.259+0000] {logging_mixin.py:190} INFO - [2025-05-03T07:40:56.259+0000] {dag.py:4180} INFO - Setting next_dagrun for tutorial_taskflow_api_virtualenv to None, run_after=None
[2025-05-03T07:40:56.299+0000] {processor.py:208} INFO - Processing /home/airflow/.local/lib/python3.8/site-packages/airflow/example_dags/tutorial_taskflow_api_virtualenv.py took 0.141 seconds
[2025-05-03T07:41:26.414+0000] {processor.py:186} INFO - Started process (PID=191) to work on /home/airflow/.local/lib/python3.8/site-packages/airflow/example_dags/tutorial_taskflow_api_virtualenv.py
[2025-05-03T07:41:26.416+0000] {processor.py:914} INFO - Processing file /home/airflow/.local/lib/python3.8/site-packages/airflow/example_dags/tutorial_taskflow_api_virtualenv.py for tasks to queue
[2025-05-03T07:41:26.420+0000] {logging_mixin.py:190} INFO - [2025-05-03T07:41:26.419+0000] {dagbag.py:588} INFO - Filling up the DagBag from /home/airflow/.local/lib/python3.8/site-packages/airflow/example_dags/tutorial_taskflow_api_virtualenv.py
[2025-05-03T07:41:26.438+0000] {processor.py:925} INFO - DAG(s) 'tutorial_taskflow_api_virtualenv' retrieved from /home/airflow/.local/lib/python3.8/site-packages/airflow/example_dags/tutorial_taskflow_api_virtualenv.py
[2025-05-03T07:41:26.469+0000] {logging_mixin.py:190} INFO - [2025-05-03T07:41:26.468+0000] {dag.py:3239} INFO - Sync 1 DAGs
[2025-05-03T07:41:26.506+0000] {logging_mixin.py:190} INFO - [2025-05-03T07:41:26.506+0000] {dag.py:4180} INFO - Setting next_dagrun for tutorial_taskflow_api_virtualenv to None, run_after=None
[2025-05-03T07:41:26.547+0000] {processor.py:208} INFO - Processing /home/airflow/.local/lib/python3.8/site-packages/airflow/example_dags/tutorial_taskflow_api_virtualenv.py took 0.142 seconds
